#
# There is insufficient memory for the Java Runtime Environment to continue.
# Native memory allocation (malloc) failed to allocate 1977200 bytes. Error detail: Chunk::new
# Possible reasons:
#   The system is out of physical RAM or swap space
#   This process is running with CompressedOops enabled, and the Java Heap may be blocking the growth of the native heap
# Possible solutions:
#   Reduce memory load on the system
#   Increase physical memory or swap space
#   Check if swap backing store is full
#   Decrease Java heap size (-Xmx/-Xms)
#   Decrease number of Java threads
#   Decrease Java thread stack sizes (-Xss)
#   Set larger code cache with -XX:ReservedCodeCacheSize=
#   JVM is running with Unscaled Compressed Oops mode in which the Java heap is
#     placed in the first 4GB address space. The Java Heap base address is the
#     maximum limit for the native heap growth. Please use -XX:HeapBaseMinAddress
#     to set the Java Heap base and to place the Java Heap above 4GB virtual address.
# This output file may be truncated or incomplete.
#
#  Out of Memory Error (arena.cpp:168), pid=12228, tid=16312
#
# JRE version: OpenJDK Runtime Environment (21.0.6) (build 21.0.6+-13368085-b895.109)
# Java VM: OpenJDK 64-Bit Server VM (21.0.6+-13368085-b895.109, mixed mode, tiered, compressed oops, compressed class ptrs, g1 gc, windows-amd64)
# No core dump will be written. Minidumps are not enabled by default on client versions of Windows
#

---------------  S U M M A R Y ------------

Command Line: --add-opens=java.base/java.lang=ALL-UNNAMED --add-opens=java.base/java.lang.invoke=ALL-UNNAMED --add-opens=java.base/java.util=ALL-UNNAMED --add-opens=java.prefs/java.util.prefs=ALL-UNNAMED --add-exports=jdk.compiler/com.sun.tools.javac.api=ALL-UNNAMED --add-exports=jdk.compiler/com.sun.tools.javac.util=ALL-UNNAMED --add-opens=java.base/java.util=ALL-UNNAMED --add-opens=java.prefs/java.util.prefs=ALL-UNNAMED --add-opens=java.base/java.nio.charset=ALL-UNNAMED --add-opens=java.base/java.net=ALL-UNNAMED --add-opens=java.base/java.util.concurrent.atomic=ALL-UNNAMED --add-opens=java.xml/javax.xml.namespace=ALL-UNNAMED -Xmx2048m -Dfile.encoding=UTF-8 -Duser.country=US -Duser.language=en -Duser.variant -javaagent:C:\Users\dell\.gradle\wrapper\dists\gradle-8.11.1-bin\bpt9gzteqjrbo1mjrsomdt32c\gradle-8.11.1\lib\agents\gradle-instrumentation-agent-8.11.1.jar org.gradle.launcher.daemon.bootstrap.GradleDaemon 8.11.1

Host: Intel(R) Core(TM) i5-6300U CPU @ 2.40GHz, 4 cores, 7G,  Windows 10 , 64 bit Build 19041 (10.0.19041.5915)
Time: Thu Jul 31 14:26:13 2025 Pakistan Standard Time elapsed time: 10.468241 seconds (0d 0h 0m 10s)

---------------  T H R E A D  ---------------

Current thread (0x0000027c960edcf0):  JavaThread "C2 CompilerThread0" daemon [_thread_in_native, id=16312, stack(0x000000a0f8800000,0x000000a0f8900000) (1024K)]


Current CompileTask:
C2:10468 3238       4       java.net.URLClassLoader$1::run (5 bytes)

Stack: [0x000000a0f8800000,0x000000a0f8900000]
Native frames: (J=compiled Java code, j=interpreted, Vv=VM code, C=native code)
V  [jvm.dll+0x6d0639]
V  [jvm.dll+0x85eb03]
V  [jvm.dll+0x86105e]
V  [jvm.dll+0x861743]
V  [jvm.dll+0x27e6e6]
V  [jvm.dll+0xbff6d]
V  [jvm.dll+0xc04a3]
V  [jvm.dll+0x3b61ab]
V  [jvm.dll+0x3820c7]
V  [jvm.dll+0x38153a]
V  [jvm.dll+0x247c82]
V  [jvm.dll+0x247251]
V  [jvm.dll+0x1c5f04]
V  [jvm.dll+0x2569ac]
V  [jvm.dll+0x254ef6]
V  [jvm.dll+0x3f0e96]
V  [jvm.dll+0x806ed8]
V  [jvm.dll+0x6cef0d]
C  [ucrtbase.dll+0x21bb2]
C  [KERNEL32.DLL+0x17374]
C  [ntdll.dll+0x4cc91]


---------------  P R O C E S S  ---------------

Threads class SMR info:
_java_thread_list=0x0000027c9ddbfe50, length=30, elements={
0x0000027cfe92ede0, 0x0000027c960d9b30, 0x0000027c960e8a10, 0x0000027c960e9070,
0x0000027c960e9ac0, 0x0000027c960ea510, 0x0000027c960eaf60, 0x0000027c960edcf0,
0x0000027c9615f010, 0x0000027cff67d5b0, 0x0000027c9645d8a0, 0x0000027c9c07cb90,
0x0000027c9bfc90e0, 0x0000027c96237900, 0x0000027c9c0d02c0, 0x0000027c9c3a0030,
0x0000027c9b4de910, 0x0000027c9b364bb0, 0x0000027c9b365620, 0x0000027c9b658540,
0x0000027c9b708320, 0x0000027c9b709340, 0x0000027c9c6b4760, 0x0000027c9c6b6ec0,
0x0000027c9c6b40d0, 0x0000027c9c6b4df0, 0x0000027c9c6b5480, 0x0000027c9c6b7550,
0x0000027c9c6b5b10, 0x0000027c9c6b61a0
}

Java Threads: ( => current thread )
  0x0000027cfe92ede0 JavaThread "main"                              [_thread_blocked, id=9220, stack(0x000000a0f7a00000,0x000000a0f7b00000) (1024K)]
  0x0000027c960d9b30 JavaThread "Reference Handler"          daemon [_thread_blocked, id=4316, stack(0x000000a0f8200000,0x000000a0f8300000) (1024K)]
  0x0000027c960e8a10 JavaThread "Finalizer"                  daemon [_thread_blocked, id=8600, stack(0x000000a0f8300000,0x000000a0f8400000) (1024K)]
  0x0000027c960e9070 JavaThread "Signal Dispatcher"          daemon [_thread_blocked, id=9084, stack(0x000000a0f8400000,0x000000a0f8500000) (1024K)]
  0x0000027c960e9ac0 JavaThread "Attach Listener"            daemon [_thread_blocked, id=2180, stack(0x000000a0f8500000,0x000000a0f8600000) (1024K)]
  0x0000027c960ea510 JavaThread "Service Thread"             daemon [_thread_blocked, id=13204, stack(0x000000a0f8600000,0x000000a0f8700000) (1024K)]
  0x0000027c960eaf60 JavaThread "Monitor Deflation Thread"   daemon [_thread_blocked, id=8784, stack(0x000000a0f8700000,0x000000a0f8800000) (1024K)]
=>0x0000027c960edcf0 JavaThread "C2 CompilerThread0"         daemon [_thread_in_native, id=16312, stack(0x000000a0f8800000,0x000000a0f8900000) (1024K)]
  0x0000027c9615f010 JavaThread "C1 CompilerThread0"         daemon [_thread_in_native, id=3168, stack(0x000000a0f8900000,0x000000a0f8a00000) (1024K)]
  0x0000027cff67d5b0 JavaThread "Common-Cleaner"             daemon [_thread_blocked, id=14892, stack(0x000000a0f8a00000,0x000000a0f8b00000) (1024K)]
  0x0000027c9645d8a0 JavaThread "Notification Thread"        daemon [_thread_blocked, id=10236, stack(0x000000a0f8b00000,0x000000a0f8c00000) (1024K)]
  0x0000027c9c07cb90 JavaThread "C2 CompilerThread1"         daemon [_thread_in_native, id=912, stack(0x000000a0f8f00000,0x000000a0f9000000) (1024K)]
  0x0000027c9bfc90e0 JavaThread "Daemon health stats"               [_thread_blocked, id=8120, stack(0x000000a0f9000000,0x000000a0f9100000) (1024K)]
  0x0000027c96237900 JavaThread "Incoming local TCP Connector on port 52941"        [_thread_in_native, id=12316, stack(0x000000a0f9100000,0x000000a0f9200000) (1024K)]
  0x0000027c9c0d02c0 JavaThread "Daemon periodic checks"            [_thread_blocked, id=5184, stack(0x000000a0f9200000,0x000000a0f9300000) (1024K)]
  0x0000027c9c3a0030 JavaThread "Daemon"                            [_thread_blocked, id=9808, stack(0x000000a0f9300000,0x000000a0f9400000) (1024K)]
  0x0000027c9b4de910 JavaThread "Handler for socket connection from /127.0.0.1:52941 to /127.0.0.1:52942"        [_thread_in_native, id=1868, stack(0x000000a0f9400000,0x000000a0f9500000) (1024K)]
  0x0000027c9b364bb0 JavaThread "Cancel handler"                    [_thread_blocked, id=8724, stack(0x000000a0f9500000,0x000000a0f9600000) (1024K)]
  0x0000027c9b365620 JavaThread "Daemon worker"                     [_thread_in_Java, id=5036, stack(0x000000a0f9600000,0x000000a0f9700000) (1024K)]
  0x0000027c9b658540 JavaThread "Asynchronous log dispatcher for DefaultDaemonConnection: socket connection from /127.0.0.1:52941 to /127.0.0.1:52942"        [_thread_blocked, id=11100, stack(0x000000a0f9700000,0x000000a0f9800000) (1024K)]
  0x0000027c9b708320 JavaThread "Stdin handler"                     [_thread_blocked, id=12772, stack(0x000000a0f9800000,0x000000a0f9900000) (1024K)]
  0x0000027c9b709340 JavaThread "Daemon client event forwarder"        [_thread_blocked, id=12360, stack(0x000000a0f9900000,0x000000a0f9a00000) (1024K)]
  0x0000027c9c6b4760 JavaThread "Cache worker for journal cache (C:\Users\dell\.gradle\caches\journal-1)"        [_thread_blocked, id=14628, stack(0x000000a0f9a00000,0x000000a0f9b00000) (1024K)]
  0x0000027c9c6b6ec0 JavaThread "File lock request listener"        [_thread_in_native, id=16952, stack(0x000000a0f9b00000,0x000000a0f9c00000) (1024K)]
  0x0000027c9c6b40d0 JavaThread "Cache worker for file hash cache (C:\Users\dell\.gradle\caches\8.11.1\fileHashes)"        [_thread_blocked, id=10648, stack(0x000000a0f9c00000,0x000000a0f9d00000) (1024K)]
  0x0000027c9c6b4df0 JavaThread "Cache worker for file content cache (C:\Users\dell\.gradle\caches\8.11.1\fileContent)"        [_thread_blocked, id=8960, stack(0x000000a0f9d00000,0x000000a0f9e00000) (1024K)]
  0x0000027c9c6b5480 JavaThread "Cache worker for file hash cache (D:\WhatsApp_Status_Saver_App\.gradle\8.11.1\fileHashes)"        [_thread_blocked, id=7380, stack(0x000000a0f9e00000,0x000000a0f9f00000) (1024K)]
  0x0000027c9c6b7550 JavaThread "Cache worker for Build Output Cleanup Cache (D:\WhatsApp_Status_Saver_App\.gradle\buildOutputCleanup)"        [_thread_blocked, id=12964, stack(0x000000a0f9f00000,0x000000a0fa000000) (1024K)]
  0x0000027c9c6b5b10 JavaThread "File watcher server"        daemon [_thread_in_native, id=13436, stack(0x000000a0fa000000,0x000000a0fa100000) (1024K)]
  0x0000027c9c6b61a0 JavaThread "File watcher consumer"      daemon [_thread_blocked, id=7180, stack(0x000000a0fa100000,0x000000a0fa200000) (1024K)]
Total: 30

Other Threads:
  0x0000027cff70fbb0 VMThread "VM Thread"                           [id=8336, stack(0x000000a0f8100000,0x000000a0f8200000) (1024K)]
  0x0000027cff67bbd0 WatcherThread "VM Periodic Task Thread"        [id=16168, stack(0x000000a0f8000000,0x000000a0f8100000) (1024K)]
  0x0000027cfe985000 WorkerThread "GC Thread#0"                     [id=3128, stack(0x000000a0f7b00000,0x000000a0f7c00000) (1024K)]
  0x0000027c964ec6b0 WorkerThread "GC Thread#1"                     [id=17980, stack(0x000000a0f8c00000,0x000000a0f8d00000) (1024K)]
  0x0000027c96506bc0 WorkerThread "GC Thread#2"                     [id=8068, stack(0x000000a0f8d00000,0x000000a0f8e00000) (1024K)]
  0x0000027c9b56b860 WorkerThread "GC Thread#3"                     [id=13740, stack(0x000000a0f8e00000,0x000000a0f8f00000) (1024K)]
  0x0000027cfe995ef0 ConcurrentGCThread "G1 Main Marker"            [id=14520, stack(0x000000a0f7c00000,0x000000a0f7d00000) (1024K)]
  0x0000027cfe996a70 WorkerThread "G1 Conc#0"                       [id=16340, stack(0x000000a0f7d00000,0x000000a0f7e00000) (1024K)]
  0x0000027cff5520c0 ConcurrentGCThread "G1 Refine#0"               [id=9860, stack(0x000000a0f7e00000,0x000000a0f7f00000) (1024K)]
  0x0000027cff553f50 ConcurrentGCThread "G1 Service"                [id=17492, stack(0x000000a0f7f00000,0x000000a0f8000000) (1024K)]
Total: 10

Threads with active compile tasks:
C2 CompilerThread0  10522 3238       4       java.net.URLClassLoader$1::run (5 bytes)
C1 CompilerThread0  10522 3283       3       org.gradle.internal.instantiation.generator.AbstractClassGenerator$InjectionAnnotationValidator::validateMethod (502 bytes)
C2 CompilerThread1  10522 3237   !   4       java.net.URLClassLoader::findClass (47 bytes)
Total: 3

VM state: not at safepoint (normal execution)

VM Mutex/Monitor currently owned by a thread: None

Heap address: 0x0000000080000000, size: 2048 MB, Compressed Oops mode: 32-bit

CDS archive(s) not mapped
Compressed class space mapped at: 0x0000000100000000-0x0000000140000000, reserved size: 1073741824
Narrow klass base: 0x0000000000000000, Narrow klass shift: 3, Narrow klass range: 0x140000000

GC Precious Log:
 CardTable entry size: 512
 Card Set container configuration: InlinePtr #cards 5 size 8 Array Of Cards #cards 12 size 40 Howl #buckets 4 coarsen threshold 1843 Howl Bitmap #cards 512 size 80 coarsen threshold 460 Card regions per heap region 1 cards per card region 2048
 CPUs: 4 total, 4 available
 Memory: 7828M
 Large Page Support: Disabled
 NUMA Support: Disabled
 Compressed Oops: Enabled (32-bit)
 Heap Region Size: 1M
 Heap Min Capacity: 8M
 Heap Initial Capacity: 124M
 Heap Max Capacity: 2G
 Pre-touch: Disabled
 Parallel Workers: 4
 Concurrent Workers: 1
 Concurrent Refinement Workers: 4
 Periodic GC: Disabled

Heap:
 garbage-first heap   total 71680K, used 42321K [0x0000000080000000, 0x0000000100000000)
  region size 1024K, 23 young (23552K), 5 survivors (5120K)
 Metaspace       used 35146K, committed 36032K, reserved 1114112K
  class space    used 4699K, committed 5120K, reserved 1048576K

Heap Regions: E=young(eden), S=young(survivor), O=old, HS=humongous(starts), HC=humongous(continues), CS=collection set, F=free, TAMS=top-at-mark-start, PB=parsable bottom
|   0|0x0000000080000000, 0x0000000080100000, 0x0000000080100000|100%|HS|  |TAMS 0x0000000080000000| PB 0x0000000080000000| Complete 
|   1|0x0000000080100000, 0x0000000080200000, 0x0000000080200000|100%|HC|  |TAMS 0x0000000080100000| PB 0x0000000080100000| Complete 
|   2|0x0000000080200000, 0x0000000080300000, 0x0000000080300000|100%|HC|  |TAMS 0x0000000080200000| PB 0x0000000080200000| Complete 
|   3|0x0000000080300000, 0x0000000080400000, 0x0000000080400000|100%| O|  |TAMS 0x0000000080300000| PB 0x0000000080300000| Untracked 
|   4|0x0000000080400000, 0x0000000080500000, 0x0000000080500000|100%| O|  |TAMS 0x0000000080400000| PB 0x0000000080400000| Untracked 
|   5|0x0000000080500000, 0x0000000080600000, 0x0000000080600000|100%| O|  |TAMS 0x0000000080500000| PB 0x0000000080500000| Untracked 
|   6|0x0000000080600000, 0x0000000080700000, 0x0000000080700000|100%|HS|  |TAMS 0x0000000080600000| PB 0x0000000080600000| Complete 
|   7|0x0000000080700000, 0x0000000080800000, 0x0000000080800000|100%| O|  |TAMS 0x0000000080700000| PB 0x0000000080700000| Untracked 
|   8|0x0000000080800000, 0x0000000080900000, 0x0000000080900000|100%| O|  |TAMS 0x0000000080800000| PB 0x0000000080800000| Untracked 
|   9|0x0000000080900000, 0x0000000080a00000, 0x0000000080a00000|100%| O|  |TAMS 0x0000000080900000| PB 0x0000000080900000| Untracked 
|  10|0x0000000080a00000, 0x0000000080b00000, 0x0000000080b00000|100%| O|  |TAMS 0x0000000080a00000| PB 0x0000000080a00000| Untracked 
|  11|0x0000000080b00000, 0x0000000080c00000, 0x0000000080c00000|100%| O|  |TAMS 0x0000000080b00000| PB 0x0000000080b00000| Untracked 
|  12|0x0000000080c00000, 0x0000000080d00000, 0x0000000080d00000|100%| O|  |TAMS 0x0000000080c00000| PB 0x0000000080c00000| Untracked 
|  13|0x0000000080d00000, 0x0000000080e00000, 0x0000000080e00000|100%| O|  |TAMS 0x0000000080d00000| PB 0x0000000080d00000| Untracked 
|  14|0x0000000080e00000, 0x0000000080f00000, 0x0000000080f00000|100%| O|  |TAMS 0x0000000080e00000| PB 0x0000000080e00000| Untracked 
|  15|0x0000000080f00000, 0x0000000081000000, 0x0000000081000000|100%| O|  |TAMS 0x0000000080f00000| PB 0x0000000080f00000| Untracked 
|  16|0x0000000081000000, 0x0000000081100000, 0x0000000081100000|100%| O|  |TAMS 0x0000000081000000| PB 0x0000000081000000| Untracked 
|  17|0x0000000081100000, 0x0000000081100000, 0x0000000081200000|  0%| F|  |TAMS 0x0000000081100000| PB 0x0000000081100000| Untracked 
|  18|0x0000000081200000, 0x0000000081300000, 0x0000000081300000|100%| O|  |TAMS 0x0000000081200000| PB 0x0000000081200000| Untracked 
|  19|0x0000000081300000, 0x0000000081400000, 0x0000000081400000|100%| O|  |TAMS 0x0000000081300000| PB 0x0000000081300000| Untracked 
|  20|0x0000000081400000, 0x000000008146a960, 0x0000000081500000| 41%| O|  |TAMS 0x0000000081400000| PB 0x0000000081400000| Untracked 
|  21|0x0000000081500000, 0x0000000081500000, 0x0000000081600000|  0%| F|  |TAMS 0x0000000081500000| PB 0x0000000081500000| Untracked 
|  22|0x0000000081600000, 0x0000000081600000, 0x0000000081700000|  0%| F|  |TAMS 0x0000000081600000| PB 0x0000000081600000| Untracked 
|  23|0x0000000081700000, 0x0000000081700000, 0x0000000081800000|  0%| F|  |TAMS 0x0000000081700000| PB 0x0000000081700000| Untracked 
|  24|0x0000000081800000, 0x0000000081800000, 0x0000000081900000|  0%| F|  |TAMS 0x0000000081800000| PB 0x0000000081800000| Untracked 
|  25|0x0000000081900000, 0x0000000081900000, 0x0000000081a00000|  0%| F|  |TAMS 0x0000000081900000| PB 0x0000000081900000| Untracked 
|  26|0x0000000081a00000, 0x0000000081a00000, 0x0000000081b00000|  0%| F|  |TAMS 0x0000000081a00000| PB 0x0000000081a00000| Untracked 
|  27|0x0000000081b00000, 0x0000000081b00000, 0x0000000081c00000|  0%| F|  |TAMS 0x0000000081b00000| PB 0x0000000081b00000| Untracked 
|  28|0x0000000081c00000, 0x0000000081c00000, 0x0000000081d00000|  0%| F|  |TAMS 0x0000000081c00000| PB 0x0000000081c00000| Untracked 
|  29|0x0000000081d00000, 0x0000000081d00000, 0x0000000081e00000|  0%| F|  |TAMS 0x0000000081d00000| PB 0x0000000081d00000| Untracked 
|  30|0x0000000081e00000, 0x0000000081e00000, 0x0000000081f00000|  0%| F|  |TAMS 0x0000000081e00000| PB 0x0000000081e00000| Untracked 
|  31|0x0000000081f00000, 0x0000000081fe9b10, 0x0000000082000000| 91%| S|CS|TAMS 0x0000000081f00000| PB 0x0000000081f00000| Complete 
|  32|0x0000000082000000, 0x0000000082100000, 0x0000000082100000|100%| S|CS|TAMS 0x0000000082000000| PB 0x0000000082000000| Complete 
|  33|0x0000000082100000, 0x0000000082200000, 0x0000000082200000|100%| S|CS|TAMS 0x0000000082100000| PB 0x0000000082100000| Complete 
|  34|0x0000000082200000, 0x0000000082300000, 0x0000000082300000|100%| S|CS|TAMS 0x0000000082200000| PB 0x0000000082200000| Complete 
|  35|0x0000000082300000, 0x0000000082400000, 0x0000000082400000|100%| S|CS|TAMS 0x0000000082300000| PB 0x0000000082300000| Complete 
|  36|0x0000000082400000, 0x0000000082400000, 0x0000000082500000|  0%| F|  |TAMS 0x0000000082400000| PB 0x0000000082400000| Untracked 
|  37|0x0000000082500000, 0x0000000082500000, 0x0000000082600000|  0%| F|  |TAMS 0x0000000082500000| PB 0x0000000082500000| Untracked 
|  38|0x0000000082600000, 0x0000000082600000, 0x0000000082700000|  0%| F|  |TAMS 0x0000000082600000| PB 0x0000000082600000| Untracked 
|  39|0x0000000082700000, 0x0000000082700000, 0x0000000082800000|  0%| F|  |TAMS 0x0000000082700000| PB 0x0000000082700000| Untracked 
|  40|0x0000000082800000, 0x0000000082800000, 0x0000000082900000|  0%| F|  |TAMS 0x0000000082800000| PB 0x0000000082800000| Untracked 
|  41|0x0000000082900000, 0x0000000082900000, 0x0000000082a00000|  0%| F|  |TAMS 0x0000000082900000| PB 0x0000000082900000| Untracked 
|  42|0x0000000082a00000, 0x0000000082a00000, 0x0000000082b00000|  0%| F|  |TAMS 0x0000000082a00000| PB 0x0000000082a00000| Untracked 
|  43|0x0000000082b00000, 0x0000000082b00000, 0x0000000082c00000|  0%| F|  |TAMS 0x0000000082b00000| PB 0x0000000082b00000| Untracked 
|  44|0x0000000082c00000, 0x0000000082c00000, 0x0000000082d00000|  0%| F|  |TAMS 0x0000000082c00000| PB 0x0000000082c00000| Untracked 
|  45|0x0000000082d00000, 0x0000000082d00000, 0x0000000082e00000|  0%| F|  |TAMS 0x0000000082d00000| PB 0x0000000082d00000| Untracked 
|  46|0x0000000082e00000, 0x0000000082e00000, 0x0000000082f00000|  0%| F|  |TAMS 0x0000000082e00000| PB 0x0000000082e00000| Untracked 
|  47|0x0000000082f00000, 0x0000000082f00000, 0x0000000083000000|  0%| F|  |TAMS 0x0000000082f00000| PB 0x0000000082f00000| Untracked 
|  48|0x0000000083000000, 0x0000000083000000, 0x0000000083100000|  0%| F|  |TAMS 0x0000000083000000| PB 0x0000000083000000| Untracked 
|  49|0x0000000083100000, 0x0000000083100000, 0x0000000083200000|  0%| F|  |TAMS 0x0000000083100000| PB 0x0000000083100000| Untracked 
|  50|0x0000000083200000, 0x0000000083200000, 0x0000000083300000|  0%| F|  |TAMS 0x0000000083200000| PB 0x0000000083200000| Untracked 
|  51|0x0000000083300000, 0x0000000083300000, 0x0000000083400000|  0%| F|  |TAMS 0x0000000083300000| PB 0x0000000083300000| Untracked 
|  52|0x0000000083400000, 0x0000000083500000, 0x0000000083500000|100%| E|  |TAMS 0x0000000083400000| PB 0x0000000083400000| Complete 
|  53|0x0000000083500000, 0x0000000083600000, 0x0000000083600000|100%| E|CS|TAMS 0x0000000083500000| PB 0x0000000083500000| Complete 
|  54|0x0000000083600000, 0x0000000083700000, 0x0000000083700000|100%| E|CS|TAMS 0x0000000083600000| PB 0x0000000083600000| Complete 
|  55|0x0000000083700000, 0x0000000083800000, 0x0000000083800000|100%| E|CS|TAMS 0x0000000083700000| PB 0x0000000083700000| Complete 
|  56|0x0000000083800000, 0x0000000083900000, 0x0000000083900000|100%| E|CS|TAMS 0x0000000083800000| PB 0x0000000083800000| Complete 
|  57|0x0000000083900000, 0x0000000083a00000, 0x0000000083a00000|100%| E|CS|TAMS 0x0000000083900000| PB 0x0000000083900000| Complete 
|  58|0x0000000083a00000, 0x0000000083b00000, 0x0000000083b00000|100%| E|CS|TAMS 0x0000000083a00000| PB 0x0000000083a00000| Complete 
|  59|0x0000000083b00000, 0x0000000083c00000, 0x0000000083c00000|100%| E|CS|TAMS 0x0000000083b00000| PB 0x0000000083b00000| Complete 
|  60|0x0000000083c00000, 0x0000000083d00000, 0x0000000083d00000|100%| E|CS|TAMS 0x0000000083c00000| PB 0x0000000083c00000| Complete 
|  61|0x0000000083d00000, 0x0000000083e00000, 0x0000000083e00000|100%| E|CS|TAMS 0x0000000083d00000| PB 0x0000000083d00000| Complete 
|  62|0x0000000083e00000, 0x0000000083f00000, 0x0000000083f00000|100%| E|CS|TAMS 0x0000000083e00000| PB 0x0000000083e00000| Complete 
|  63|0x0000000083f00000, 0x0000000084000000, 0x0000000084000000|100%| E|CS|TAMS 0x0000000083f00000| PB 0x0000000083f00000| Complete 
|  64|0x0000000084000000, 0x0000000084100000, 0x0000000084100000|100%| E|CS|TAMS 0x0000000084000000| PB 0x0000000084000000| Complete 
|  65|0x0000000084100000, 0x0000000084200000, 0x0000000084200000|100%| E|CS|TAMS 0x0000000084100000| PB 0x0000000084100000| Complete 
| 101|0x0000000086500000, 0x0000000086600000, 0x0000000086600000|100%| E|CS|TAMS 0x0000000086500000| PB 0x0000000086500000| Complete 
| 102|0x0000000086600000, 0x0000000086700000, 0x0000000086700000|100%| E|CS|TAMS 0x0000000086600000| PB 0x0000000086600000| Complete 
| 103|0x0000000086700000, 0x0000000086800000, 0x0000000086800000|100%| E|CS|TAMS 0x0000000086700000| PB 0x0000000086700000| Complete 
| 123|0x0000000087b00000, 0x0000000087c00000, 0x0000000087c00000|100%| E|CS|TAMS 0x0000000087b00000| PB 0x0000000087b00000| Complete 

Card table byte_map: [0x0000027cfee00000,0x0000027cff200000] _byte_map_base: 0x0000027cfea00000

Marking Bits: (CMBitMap*) 0x0000027cfe985610
 Bits: [0x0000027c92090000, 0x0000027c94090000)

Polling page: 0x0000027cfc7e0000

Metaspace:

Usage:
  Non-class:     29.75 MB used.
      Class:      4.59 MB used.
       Both:     34.34 MB used.

Virtual space:
  Non-class space:       64.00 MB reserved,      30.19 MB ( 47%) committed,  1 nodes.
      Class space:        1.00 GB reserved,       5.00 MB ( <1%) committed,  1 nodes.
             Both:        1.06 GB reserved,      35.19 MB (  3%) committed. 

Chunk freelists:
   Non-Class:  1.66 MB
       Class:  11.00 MB
        Both:  12.66 MB

MaxMetaspaceSize: unlimited
CompressedClassSpaceSize: 1.00 GB
Initial GC threshold: 21.00 MB
Current GC threshold: 35.44 MB
CDS: off
 - commit_granule_bytes: 65536.
 - commit_granule_words: 8192.
 - virtual_space_node_default_size: 8388608.
 - enlarge_chunks_in_place: 1.
 - use_allocation_guard: 0.


Internal statistics:

num_allocs_failed_limit: 3.
num_arena_births: 1420.
num_arena_deaths: 0.
num_vsnodes_births: 2.
num_vsnodes_deaths: 0.
num_space_committed: 563.
num_space_uncommitted: 0.
num_chunks_returned_to_freelist: 3.
num_chunks_taken_from_freelist: 2559.
num_chunk_merges: 3.
num_chunk_splits: 1653.
num_chunks_enlarged: 1071.
num_inconsistent_stats: 0.

CodeHeap 'non-profiled nmethods': size=120000Kb used=1713Kb max_used=1713Kb free=118287Kb
 bounds [0x0000027c8ab60000, 0x0000027c8add0000, 0x0000027c92090000]
CodeHeap 'profiled nmethods': size=120000Kb used=6590Kb max_used=6590Kb free=113409Kb
 bounds [0x0000027c83090000, 0x0000027c83700000, 0x0000027c8a5c0000]
CodeHeap 'non-nmethods': size=5760Kb used=1483Kb max_used=1576Kb free=4276Kb
 bounds [0x0000027c8a5c0000, 0x0000027c8a830000, 0x0000027c8ab60000]
 total_blobs=3861 nmethods=3280 adapters=485
 compilation: enabled
              stopped_count=0, restarted_count=0
 full_count=0

Compilation events (20 events):
Event: 10.422 Thread 0x0000027c9615f010 3268       3       com.google.common.collect.RegularImmutableSet::iterator (5 bytes)
Event: 10.422 Thread 0x0000027c9615f010 nmethod 3268 0x0000027c836f0110 code [0x0000027c836f02c0, 0x0000027c836f04d8]
Event: 10.422 Thread 0x0000027c9615f010 3271       3       org.gradle.internal.instantiation.generator.AbstractClassGenerator$PropertyMetadata::getType (34 bytes)
Event: 10.424 Thread 0x0000027c9615f010 nmethod 3271 0x0000027c836f0610 code [0x0000027c836f0820, 0x0000027c836f0df8]
Event: 10.424 Thread 0x0000027c9615f010 3270       1       org.gradle.internal.instantiation.generator.AbstractClassGenerator$PropertyMetadata::access$2000 (5 bytes)
Event: 10.424 Thread 0x0000027c9615f010 nmethod 3270 0x0000027c8ad0b810 code [0x0000027c8ad0b9a0, 0x0000027c8ad0ba50]
Event: 10.424 Thread 0x0000027c9615f010 3272       3       org.objectweb.asm.MethodWriter::visitLabel (332 bytes)
Event: 10.425 Thread 0x0000027c9615f010 nmethod 3272 0x0000027c836f1010 code [0x0000027c836f12a0, 0x0000027c836f1fa8]
Event: 10.425 Thread 0x0000027c9615f010 3273       3       org.objectweb.asm.Frame::getConcreteOutputType (111 bytes)
Event: 10.426 Thread 0x0000027c9615f010 nmethod 3273 0x0000027c836f2290 code [0x0000027c836f2460, 0x0000027c836f27f0]
Event: 10.426 Thread 0x0000027c9615f010 3267       1       org.gradle.internal.reflect.MutablePropertyDetails::getName (5 bytes)
Event: 10.426 Thread 0x0000027c9615f010 nmethod 3267 0x0000027c8ad0bb10 code [0x0000027c8ad0bca0, 0x0000027c8ad0bd68]
Event: 10.428 Thread 0x0000027c9615f010 3275       3       org.gradle.internal.service.DefaultServiceRegistry$FactoryMethodService::getParameterTypes (10 bytes)
Event: 10.428 Thread 0x0000027c9615f010 nmethod 3275 0x0000027c836f2910 code [0x0000027c836f2ac0, 0x0000027c836f2cc0]
Event: 10.428 Thread 0x0000027c9615f010 3277       3       java.lang.reflect.Method::acquireMethodAccessor (55 bytes)
Event: 10.429 Thread 0x0000027c9615f010 nmethod 3277 0x0000027c836f2e10 code [0x0000027c836f3020, 0x0000027c836f3598]
Event: 10.429 Thread 0x0000027c9615f010 3276       1       java.lang.reflect.Constructor::getSignature (5 bytes)
Event: 10.429 Thread 0x0000027c9615f010 nmethod 3276 0x0000027c8ad0be10 code [0x0000027c8ad0bfa0, 0x0000027c8ad0c068]
Event: 10.440 Thread 0x0000027c9615f010 3278       3       org.gradle.internal.service.DefaultServiceRegistry$FactoryMethodService::createServiceInstance (17 bytes)
Event: 10.440 Thread 0x0000027c9615f010 nmethod 3278 0x0000027c836f3790 code [0x0000027c836f3960, 0x0000027c836f3be8]

GC Heap History (12 events):
Event: 2.708 GC heap before
{Heap before GC invocations=0 (full 0):
 garbage-first heap   total 126976K, used 12288K [0x0000000080000000, 0x0000000100000000)
  region size 1024K, 13 young (13312K), 0 survivors (0K)
 Metaspace       used 7381K, committed 7488K, reserved 1114112K
  class space    used 665K, committed 704K, reserved 1048576K
}
Event: 2.714 GC heap after
{Heap after GC invocations=1 (full 0):
 garbage-first heap   total 126976K, used 1280K [0x0000000080000000, 0x0000000100000000)
  region size 1024K, 2 young (2048K), 2 survivors (2048K)
 Metaspace       used 7381K, committed 7488K, reserved 1114112K
  class space    used 665K, committed 704K, reserved 1048576K
}
Event: 4.125 GC heap before
{Heap before GC invocations=1 (full 0):
 garbage-first heap   total 126976K, used 27904K [0x0000000080000000, 0x0000000100000000)
  region size 1024K, 26 young (26624K), 2 survivors (2048K)
 Metaspace       used 11187K, committed 11392K, reserved 1114112K
  class space    used 1165K, committed 1280K, reserved 1048576K
}
Event: 4.144 GC heap after
{Heap after GC invocations=2 (full 0):
 garbage-first heap   total 126976K, used 9957K [0x0000000080000000, 0x0000000100000000)
  region size 1024K, 4 young (4096K), 4 survivors (4096K)
 Metaspace       used 11187K, committed 11392K, reserved 1114112K
  class space    used 1165K, committed 1280K, reserved 1048576K
}
Event: 6.911 GC heap before
{Heap before GC invocations=2 (full 0):
 garbage-first heap   total 126976K, used 82661K [0x0000000080000000, 0x0000000100000000)
  region size 1024K, 74 young (75776K), 4 survivors (4096K)
 Metaspace       used 15744K, committed 16000K, reserved 1114112K
  class space    used 1738K, committed 1856K, reserved 1048576K
}
Event: 6.934 GC heap after
{Heap after GC invocations=3 (full 0):
 garbage-first heap   total 126976K, used 17408K [0x0000000080000000, 0x0000000100000000)
  region size 1024K, 10 young (10240K), 10 survivors (10240K)
 Metaspace       used 15744K, committed 16000K, reserved 1114112K
  class space    used 1738K, committed 1856K, reserved 1048576K
}
Event: 7.953 GC heap before
{Heap before GC invocations=3 (full 0):
 garbage-first heap   total 126976K, used 36864K [0x0000000080000000, 0x0000000100000000)
  region size 1024K, 30 young (30720K), 10 survivors (10240K)
 Metaspace       used 21157K, committed 21504K, reserved 1114112K
  class space    used 2433K, committed 2624K, reserved 1048576K
}
Event: 7.975 GC heap after
{Heap after GC invocations=4 (full 0):
 garbage-first heap   total 126976K, used 20392K [0x0000000080000000, 0x0000000100000000)
  region size 1024K, 3 young (3072K), 3 survivors (3072K)
 Metaspace       used 21157K, committed 21504K, reserved 1114112K
  class space    used 2433K, committed 2624K, reserved 1048576K
}
Event: 9.143 GC heap before
{Heap before GC invocations=5 (full 0):
 garbage-first heap   total 71680K, used 59304K [0x0000000080000000, 0x0000000100000000)
  region size 1024K, 42 young (43008K), 3 survivors (3072K)
 Metaspace       used 27957K, committed 28416K, reserved 1114112K
  class space    used 3490K, committed 3712K, reserved 1048576K
}
Event: 9.154 GC heap after
{Heap after GC invocations=6 (full 0):
 garbage-first heap   total 71680K, used 22435K [0x0000000080000000, 0x0000000100000000)
  region size 1024K, 5 young (5120K), 5 survivors (5120K)
 Metaspace       used 27957K, committed 28416K, reserved 1114112K
  class space    used 3490K, committed 3712K, reserved 1048576K
}
Event: 10.039 GC heap before
{Heap before GC invocations=6 (full 0):
 garbage-first heap   total 71680K, used 57251K [0x0000000080000000, 0x0000000100000000)
  region size 1024K, 39 young (39936K), 5 survivors (5120K)
 Metaspace       used 32559K, committed 33344K, reserved 1114112K
  class space    used 4278K, committed 4672K, reserved 1048576K
}
Event: 10.051 GC heap after
{Heap after GC invocations=7 (full 0):
 garbage-first heap   total 71680K, used 24913K [0x0000000080000000, 0x0000000100000000)
  region size 1024K, 5 young (5120K), 5 survivors (5120K)
 Metaspace       used 32559K, committed 33344K, reserved 1114112K
  class space    used 4278K, committed 4672K, reserved 1048576K
}

Dll operation events (3 events):
Event: 0.154 Loaded shared library D:\andorid studio\jbr\bin\java.dll
Event: 0.181 Loaded shared library D:\andorid studio\jbr\bin\zip.dll
Event: 3.193 Loaded shared library D:\andorid studio\jbr\bin\verify.dll

Deoptimization events (20 events):
Event: 9.940 Thread 0x0000027c9b365620 Uncommon trap: trap_request=0xffffff45 fr.pc=0x0000027c8ac82220 relative=0x00000000000003c0
Event: 9.940 Thread 0x0000027c9b365620 Uncommon trap: reason=unstable_if action=reinterpret pc=0x0000027c8ac82220 method=jdk.internal.org.objectweb.asm.SymbolTable.addType(Ljava/lang/String;)I @ 33 c2
Event: 9.940 Thread 0x0000027c9b365620 DEOPT PACKING pc=0x0000027c8ac82220 sp=0x000000a0f96fa0e0
Event: 9.940 Thread 0x0000027c9b365620 DEOPT UNPACKING pc=0x0000027c8a6146a2 sp=0x000000a0f96fa068 mode 2
Event: 10.000 Thread 0x0000027c9b365620 DEOPT PACKING pc=0x0000027c8368fe96 sp=0x000000a0f96f94f0
Event: 10.000 Thread 0x0000027c9b365620 DEOPT UNPACKING pc=0x0000027c8a614e42 sp=0x000000a0f96f8940 mode 0
Event: 10.135 Thread 0x0000027c9b365620 Uncommon trap: trap_request=0xffffff45 fr.pc=0x0000027c8aca76cc relative=0x0000000000000d8c
Event: 10.135 Thread 0x0000027c9b365620 Uncommon trap: reason=unstable_if action=reinterpret pc=0x0000027c8aca76cc method=jdk.internal.org.objectweb.asm.SymbolTable.addType(Ljava/lang/String;)I @ 33 c2
Event: 10.135 Thread 0x0000027c9b365620 DEOPT PACKING pc=0x0000027c8aca76cc sp=0x000000a0f96fbeb0
Event: 10.135 Thread 0x0000027c9b365620 DEOPT UNPACKING pc=0x0000027c8a6146a2 sp=0x000000a0f96fbde8 mode 2
Event: 10.175 Thread 0x0000027c9b365620 DEOPT PACKING pc=0x0000027c8317efd9 sp=0x000000a0f96fc070
Event: 10.175 Thread 0x0000027c9b365620 DEOPT UNPACKING pc=0x0000027c8a614e42 sp=0x000000a0f96fb508 mode 0
Event: 10.191 Thread 0x0000027c9b365620 Uncommon trap: trap_request=0xffffff76 fr.pc=0x0000027c8acf18a0 relative=0x00000000000001e0
Event: 10.191 Thread 0x0000027c9b365620 Uncommon trap: reason=predicate action=maybe_recompile pc=0x0000027c8acf18a0 method=com.google.common.base.CharMatcher.indexIn(Ljava/lang/CharSequence;I)I @ 19 c2
Event: 10.191 Thread 0x0000027c9b365620 DEOPT PACKING pc=0x0000027c8acf18a0 sp=0x000000a0f96fb130
Event: 10.191 Thread 0x0000027c9b365620 DEOPT UNPACKING pc=0x0000027c8a6146a2 sp=0x000000a0f96fb0c0 mode 2
Event: 10.285 Thread 0x0000027c9b365620 Uncommon trap: trap_request=0xffffff45 fr.pc=0x0000027c8ac171d4 relative=0x00000000000007b4
Event: 10.285 Thread 0x0000027c9b365620 Uncommon trap: reason=unstable_if action=reinterpret pc=0x0000027c8ac171d4 method=java.util.Properties$LineReader.readLine()I @ 95 c2
Event: 10.285 Thread 0x0000027c9b365620 DEOPT PACKING pc=0x0000027c8ac171d4 sp=0x000000a0f96fb3b0
Event: 10.285 Thread 0x0000027c9b365620 DEOPT UNPACKING pc=0x0000027c8a6146a2 sp=0x000000a0f96fb360 mode 2

Classes loaded (20 events):
Event: 9.911 Loading class java/util/zip/DeflaterOutputStream done
Event: 9.911 Loading class java/util/zip/GZIPOutputStream done
Event: 9.911 Loading class java/util/zip/GZIPInputStream
Event: 9.911 Loading class java/util/zip/GZIPInputStream done
Event: 9.912 Loading class java/io/UnsupportedEncodingException
Event: 9.912 Loading class java/io/UnsupportedEncodingException done
Event: 9.945 Loading class java/util/Collections$SingletonMap
Event: 9.945 Loading class java/util/Collections$SingletonMap done
Event: 10.170 Loading class java/util/function/UnaryOperator
Event: 10.170 Loading class java/util/function/UnaryOperator done
Event: 10.183 Loading class java/util/concurrent/CancellationException
Event: 10.183 Loading class java/util/concurrent/CancellationException done
Event: 10.185 Loading class java/util/concurrent/TimeoutException
Event: 10.185 Loading class java/util/concurrent/TimeoutException done
Event: 10.224 Loading class java/util/concurrent/locks/AbstractQueuedSynchronizer$SharedNode
Event: 10.224 Loading class java/util/concurrent/locks/AbstractQueuedSynchronizer$SharedNode done
Event: 10.232 Loading class java/io/InterruptedIOException
Event: 10.232 Loading class java/io/InterruptedIOException done
Event: 10.242 Loading class java/util/ArrayDeque$DeqSpliterator
Event: 10.242 Loading class java/util/ArrayDeque$DeqSpliterator done

Classes unloaded (0 events):
No events

Classes redefined (0 events):
No events

Internal exceptions (20 events):
Event: 9.265 Thread 0x0000027c9b365620 Exception <a 'java/lang/NoSuchMethodError'{0x000000008419b880}: 'int java.lang.invoke.DirectMethodHandle$Holder.invokeStaticInit(java.lang.Object, java.lang.Object, java.lang.Object)'> (0x000000008419b880) 
thrown [s\src\hotspot\share\interpreter\linkResolver.cpp, line 784]
Event: 9.422 Thread 0x0000027c9b365620 Exception <a 'java/lang/NoSuchMethodError'{0x0000000083b4bbc8}: 'java.lang.Object java.lang.invoke.DirectMethodHandle$Holder.invokeVirtual(java.lang.Object, java.lang.Object, java.lang.Object, java.lang.Object, java.lang.Object, java.lang.Object, java.lang.Object, java.lang.Object, java.lang.Object, java.lang.Object, java.lang.Object, java.lang.Object, java.lang.Object, java.lang.Object, java.lang.Object, java.lang.Object, java.lang.Object, java.lang.Object, java.lang.Object, java.lang.Object, java.lang.Ob
Event: 9.435 Thread 0x0000027c9b365620 Exception <a 'java/lang/NoSuchMethodError'{0x0000000083bc0590}: 'java.lang.Object java.lang.invoke.DirectMethodHandle$Holder.invokeSpecial(java.lang.Object, java.lang.Object, java.lang.Object, java.lang.Object, java.lang.Object, java.lang.Object, java.lang.Object, java.lang.Object, java.lang.Object, java.lang.Object, java.lang.Object, java.lang.Object, java.lang.Object, java.lang.Object, java.lang.Object, java.lang.Object, java.lang.Object, java.lang.Object, java.lang.Object, java.lang.Object, java.lang.Ob
Event: 9.663 Thread 0x0000027c9b365620 Exception <a 'java/lang/NoSuchMethodError'{0x00000000833ca460}: 'java.lang.Object java.lang.invoke.DirectMethodHandle$Holder.newInvokeSpecial(java.lang.Object, java.lang.Object, java.lang.Object, java.lang.Object, java.lang.Object, java.lang.Object, java.lang.Object)'> (0x00000000833ca460) 
thrown [s\src\hotspot\share\interpreter\linkResolver.cpp, line 784]
Event: 9.736 Thread 0x0000027c9b365620 Exception <a 'java/lang/NoSuchMethodError'{0x00000000831e3b58}: 'java.lang.Object java.lang.invoke.DirectMethodHandle$Holder.invokeVirtual(java.lang.Object, java.lang.Object, java.lang.Object, java.lang.Object, java.lang.Object, java.lang.Object, java.lang.Object, java.lang.Object, java.lang.Object, java.lang.Object, java.lang.Object)'> (0x00000000831e3b58) 
thrown [s\src\hotspot\share\interpreter\linkResolver.cpp, line 784]
Event: 9.930 Thread 0x0000027c9b365620 Exception <a 'java/lang/NoSuchMethodError'{0x0000000082906a68}: 'java.lang.Object java.lang.invoke.DirectMethodHandle$Holder.invokeVirtual(java.lang.Object, java.lang.Object, java.lang.Object, java.lang.Object, java.lang.Object, java.lang.Object, java.lang.Object, java.lang.Object, java.lang.Object, java.lang.Object)'> (0x0000000082906a68) 
thrown [s\src\hotspot\share\interpreter\linkResolver.cpp, line 784]
Event: 9.955 Thread 0x0000027c9b365620 Exception <a 'java/lang/NoSuchMethodError'{0x0000000082830768}: 'java.lang.Object java.lang.invoke.DirectMethodHandle$Holder.invokeSpecial(java.lang.Object, java.lang.Object, java.lang.Object, java.lang.Object, java.lang.Object, java.lang.Object, java.lang.Object, java.lang.Object, java.lang.Object, java.lang.Object, java.lang.Object, java.lang.Object, java.lang.Object, java.lang.Object, java.lang.Object, java.lang.Object, java.lang.Object, java.lang.Object, java.lang.Object, java.lang.Object, java.lang.Ob
Event: 9.956 Thread 0x0000027c9b365620 Exception <a 'java/lang/NoSuchMethodError'{0x0000000082836150}: 'java.lang.Object java.lang.invoke.DelegatingMethodHandle$Holder.reinvoke_L(java.lang.Object, java.lang.Object, java.lang.Object, java.lang.Object, java.lang.Object, java.lang.Object, java.lang.Object, java.lang.Object, java.lang.Object, java.lang.Object, java.lang.Object, java.lang.Object, java.lang.Object, java.lang.Object, java.lang.Object, java.lang.Object, java.lang.Object, java.lang.Object, java.lang.Object, java.lang.Object, java.lang.O
Event: 9.956 Thread 0x0000027c9b365620 Exception <a 'java/lang/NoSuchMethodError'{0x00000000828417f8}: 'java.lang.Object java.lang.invoke.DirectMethodHandle$Holder.invokeSpecial(java.lang.Object, java.lang.Object, java.lang.Object, java.lang.Object, java.lang.Object, java.lang.Object, java.lang.Object, java.lang.Object, java.lang.Object, java.lang.Object, java.lang.Object, java.lang.Object, java.lang.Object, java.lang.Object, java.lang.Object, java.lang.Object, java.lang.Object, java.lang.Object, java.lang.Object, java.lang.Object, java.lang.Ob
Event: 9.957 Thread 0x0000027c9b365620 Exception <a 'java/lang/NoSuchMethodError'{0x0000000082847000}: 'java.lang.Object java.lang.invoke.Invokers$Holder.invoker(java.lang.Object, java.lang.Object, java.lang.Object, java.lang.Object, java.lang.Object, java.lang.Object, java.lang.Object, java.lang.Object, java.lang.Object, java.lang.Object, java.lang.Object, java.lang.Object, java.lang.Object, java.lang.Object, java.lang.Object, java.lang.Object, java.lang.Object, java.lang.Object, java.lang.Object, java.lang.Object, java.lang.Object, java.lang.
Event: 9.957 Thread 0x0000027c9b365620 Exception <a 'java/lang/NoSuchMethodError'{0x000000008284d1e8}: 'java.lang.Object java.lang.invoke.DelegatingMethodHandle$Holder.delegate(java.lang.Object, java.lang.Object, java.lang.Object, java.lang.Object, java.lang.Object, java.lang.Object, java.lang.Object, java.lang.Object, java.lang.Object, java.lang.Object, java.lang.Object, java.lang.Object, java.lang.Object, java.lang.Object, java.lang.Object, java.lang.Object, java.lang.Object, java.lang.Object, java.lang.Object, java.lang.Object, java.lang.Obj
Event: 9.986 Thread 0x0000027c9b365620 Exception <a 'java/lang/NoSuchMethodError'{0x00000000826629f8}: 'java.lang.Object java.lang.invoke.DirectMethodHandle$Holder.invokeStaticInit(java.lang.Object, java.lang.Object, java.lang.Object, java.lang.Object)'> (0x00000000826629f8) 
thrown [s\src\hotspot\share\interpreter\linkResolver.cpp, line 784]
Event: 10.018 Thread 0x0000027c9b365620 Exception <a 'java/lang/NoSuchMethodError'{0x0000000082425160}: 'void java.lang.invoke.DirectMethodHandle$Holder.invokeStatic(java.lang.Object, java.lang.Object, java.lang.Object, java.lang.Object)'> (0x0000000082425160) 
thrown [s\src\hotspot\share\interpreter\linkResolver.cpp, line 784]
Event: 10.035 Thread 0x0000027c9b365620 Exception <a 'java/lang/NoSuchMethodError'{0x00000000824af780}: 'java.lang.Object java.lang.invoke.DirectMethodHandle$Holder.invokeVirtual(java.lang.Object, java.lang.Object, java.lang.Object, java.lang.Object, java.lang.Object, java.lang.Object, java.lang.Object, java.lang.Object, java.lang.Object, java.lang.Object, java.lang.Object, java.lang.Object, java.lang.Object)'> (0x00000000824af780) 
thrown [s\src\hotspot\share\interpreter\linkResolver.cpp, line 784]
Event: 10.035 Thread 0x0000027c9b365620 Exception <a 'java/lang/NoSuchMethodError'{0x00000000824b49b8}: 'java.lang.Object java.lang.invoke.DirectMethodHandle$Holder.invokeSpecial(java.lang.Object, java.lang.Object, java.lang.Object, java.lang.Object, java.lang.Object, java.lang.Object, java.lang.Object, java.lang.Object, java.lang.Object, java.lang.Object, java.lang.Object, java.lang.Object, java.lang.Object, java.lang.Object)'> (0x00000000824b49b8) 
thrown [s\src\hotspot\share\interpreter\linkResolver.cpp, line 784]
Event: 10.035 Thread 0x0000027c9b365620 Exception <a 'java/lang/NoSuchMethodError'{0x00000000824b9708}: 'java.lang.Object java.lang.invoke.DelegatingMethodHandle$Holder.reinvoke_L(java.lang.Object, java.lang.Object, java.lang.Object, java.lang.Object, java.lang.Object, java.lang.Object, java.lang.Object, java.lang.Object, java.lang.Object, java.lang.Object, java.lang.Object, java.lang.Object, java.lang.Object)'> (0x00000000824b9708) 
thrown [s\src\hotspot\share\interpreter\linkResolver.cpp, line 784]
Event: 10.081 Thread 0x0000027c9b365620 Exception <a 'java/lang/NoSuchMethodError'{0x000000008677f218}: 'void java.lang.invoke.DirectMethodHandle$Holder.invokeStaticInit(java.lang.Object, java.lang.Object)'> (0x000000008677f218) 
thrown [s\src\hotspot\share\interpreter\linkResolver.cpp, line 784]
Event: 10.235 Thread 0x0000027c9b365620 Exception <a 'java/lang/NoSuchMethodError'{0x0000000083eeac80}: 'int java.lang.invoke.DirectMethodHandle$Holder.invokeVirtual(java.lang.Object, java.lang.Object)'> (0x0000000083eeac80) 
thrown [s\src\hotspot\share\interpreter\linkResolver.cpp, line 784]
Event: 10.328 Thread 0x0000027c9b365620 Exception <a 'java/lang/NoSuchMethodError'{0x0000000083bbfa98}: 'void java.lang.invoke.DirectMethodHandle$Holder.invokeInterface(java.lang.Object, java.lang.Object, java.lang.Object, java.lang.Object, java.lang.Object)'> (0x0000000083bbfa98) 
thrown [s\src\hotspot\share\interpreter\linkResolver.cpp, line 784]
Event: 10.340 Thread 0x0000027c9b365620 Exception <a 'java/lang/NoSuchMethodError'{0x0000000083a36410}: 'void java.lang.invoke.DirectMethodHandle$Holder.invokeStatic(java.lang.Object, java.lang.Object, java.lang.Object, java.lang.Object, java.lang.Object, java.lang.Object)'> (0x0000000083a36410) 
thrown [s\src\hotspot\share\interpreter\linkResolver.cpp, line 784]

ZGC Phase Switch (0 events):
No events

VM Operations (20 events):
Event: 7.953 Executing VM operation: CollectForMetadataAllocation (Metadata GC Threshold)
Event: 7.975 Executing VM operation: CollectForMetadataAllocation (Metadata GC Threshold) done
Event: 7.994 Executing VM operation: G1PauseRemark
Event: 7.998 Executing VM operation: G1PauseRemark done
Event: 8.009 Executing VM operation: G1PauseCleanup
Event: 8.009 Executing VM operation: G1PauseCleanup done
Event: 8.537 Executing VM operation: HandshakeAllThreads (Deoptimize)
Event: 8.537 Executing VM operation: HandshakeAllThreads (Deoptimize) done
Event: 8.885 Executing VM operation: HandshakeAllThreads (Deoptimize)
Event: 8.885 Executing VM operation: HandshakeAllThreads (Deoptimize) done
Event: 8.886 Executing VM operation: HandshakeAllThreads (Deoptimize)
Event: 8.886 Executing VM operation: HandshakeAllThreads (Deoptimize) done
Event: 9.143 Executing VM operation: G1CollectForAllocation (G1 Evacuation Pause)
Event: 9.154 Executing VM operation: G1CollectForAllocation (G1 Evacuation Pause) done
Event: 10.039 Executing VM operation: G1CollectForAllocation (G1 Evacuation Pause)
Event: 10.051 Executing VM operation: G1CollectForAllocation (G1 Evacuation Pause) done
Event: 10.290 Executing VM operation: HandshakeAllThreads (Deoptimize)
Event: 10.290 Executing VM operation: HandshakeAllThreads (Deoptimize) done
Event: 10.291 Executing VM operation: HandshakeAllThreads (Deoptimize)
Event: 10.291 Executing VM operation: HandshakeAllThreads (Deoptimize) done

Memory protections (0 events):
No events

Nmethod flushes (0 events):
No events

Events (20 events):
Event: 6.806 Loaded shared library D:\andorid studio\jbr\bin\management_ext.dll
Event: 6.908 Thread 0x0000027cfe92ede0 Thread added: 0x0000027c9bfc90e0
Event: 7.355 Loaded shared library D:\andorid studio\jbr\bin\extnet.dll
Event: 7.494 Thread 0x0000027cfe92ede0 Thread added: 0x0000027c96237900
Event: 7.656 Thread 0x0000027cfe92ede0 Thread added: 0x0000027c9c0d02c0
Event: 7.747 Thread 0x0000027c96237900 Thread added: 0x0000027c9c3a0030
Event: 7.751 Thread 0x0000027c9c3a0030 Thread added: 0x0000027c9b4de910
Event: 7.799 Thread 0x0000027c9c3a0030 Thread added: 0x0000027c9b364bb0
Event: 7.812 Thread 0x0000027c9c3a0030 Thread added: 0x0000027c9b365620
Event: 7.829 Thread 0x0000027c9b365620 Thread added: 0x0000027c9b658540
Event: 7.836 Thread 0x0000027c9b365620 Thread added: 0x0000027c9b708320
Event: 7.839 Thread 0x0000027c9b365620 Thread added: 0x0000027c9b709340
Event: 8.538 Thread 0x0000027c9b365620 Thread added: 0x0000027c9c6b4760
Event: 8.551 Thread 0x0000027c9b365620 Thread added: 0x0000027c9c6b6ec0
Event: 8.593 Thread 0x0000027c9b365620 Thread added: 0x0000027c9c6b40d0
Event: 9.519 Thread 0x0000027c9b365620 Thread added: 0x0000027c9c6b4df0
Event: 9.934 Thread 0x0000027c9b365620 Thread added: 0x0000027c9c6b5480
Event: 9.951 Thread 0x0000027c9b365620 Thread added: 0x0000027c9c6b7550
Event: 10.224 Thread 0x0000027c9b365620 Thread added: 0x0000027c9c6b5b10
Event: 10.233 Thread 0x0000027c9b365620 Thread added: 0x0000027c9c6b61a0


Dynamic libraries:
0x00007ff63a210000 - 0x00007ff63a21a000 	D:\andorid studio\jbr\bin\java.exe
0x00007ffb3d2b0000 - 0x00007ffb3d4a8000 	C:\Windows\SYSTEM32\ntdll.dll
0x00007ffb3b350000 - 0x00007ffb3b412000 	C:\Windows\System32\KERNEL32.DLL
0x00007ffb3a970000 - 0x00007ffb3ac66000 	C:\Windows\System32\KERNELBASE.dll
0x00007ffb3aef0000 - 0x00007ffb3aff0000 	C:\Windows\System32\ucrtbase.dll
0x00007ffafe5d0000 - 0x00007ffafe5e8000 	D:\andorid studio\jbr\bin\jli.dll
0x00007ffb3cb30000 - 0x00007ffb3cccd000 	C:\Windows\System32\USER32.dll
0x00007ffb3b1d0000 - 0x00007ffb3b1f2000 	C:\Windows\System32\win32u.dll
0x00007ffb3b420000 - 0x00007ffb3b44b000 	C:\Windows\System32\GDI32.dll
0x00007ffb3add0000 - 0x00007ffb3aee9000 	C:\Windows\System32\gdi32full.dll
0x00007ffb36ba0000 - 0x00007ffb36bbb000 	D:\andorid studio\jbr\bin\VCRUNTIME140.dll
0x00007ffb3b080000 - 0x00007ffb3b11d000 	C:\Windows\System32\msvcp_win.dll
0x00007ffb233d0000 - 0x00007ffb2366a000 	C:\Windows\WinSxS\amd64_microsoft.windows.common-controls_6595b64144ccf1df_6.0.19041.5915_none_60b4b9d171f9c7c7\COMCTL32.dll
0x00007ffb3c7f0000 - 0x00007ffb3c88e000 	C:\Windows\System32\msvcrt.dll
0x00007ffb3c1a0000 - 0x00007ffb3c1cf000 	C:\Windows\System32\IMM32.DLL
0x00007ffb34aa0000 - 0x00007ffb34aac000 	D:\andorid studio\jbr\bin\vcruntime140_1.dll
0x00007ffaf8a10000 - 0x00007ffaf8a9d000 	D:\andorid studio\jbr\bin\msvcp140.dll
0x00007ffaf0b60000 - 0x00007ffaf17eb000 	D:\andorid studio\jbr\bin\server\jvm.dll
0x00007ffb3cd30000 - 0x00007ffb3cde1000 	C:\Windows\System32\ADVAPI32.dll
0x00007ffb3d0a0000 - 0x00007ffb3d13f000 	C:\Windows\System32\sechost.dll
0x00007ffb3bbf0000 - 0x00007ffb3bd13000 	C:\Windows\System32\RPCRT4.dll
0x00007ffb3a940000 - 0x00007ffb3a967000 	C:\Windows\System32\bcrypt.dll
0x00007ffb3cf20000 - 0x00007ffb3cf8b000 	C:\Windows\System32\WS2_32.dll
0x00007ffb3a6f0000 - 0x00007ffb3a73b000 	C:\Windows\SYSTEM32\POWRPROF.dll
0x00007ffb27450000 - 0x00007ffb27477000 	C:\Windows\SYSTEM32\WINMM.dll
0x00007ffb37a20000 - 0x00007ffb37a2a000 	C:\Windows\SYSTEM32\VERSION.dll
0x00007ffb3a4b0000 - 0x00007ffb3a4c2000 	C:\Windows\SYSTEM32\UMPDC.dll
0x00007ffb39160000 - 0x00007ffb39172000 	C:\Windows\SYSTEM32\kernel.appcore.dll
0x00007ffb34a90000 - 0x00007ffb34a9a000 	D:\andorid studio\jbr\bin\jimage.dll
0x00007ffb38530000 - 0x00007ffb38731000 	C:\Windows\SYSTEM32\DBGHELP.DLL
0x00007ffb0e880000 - 0x00007ffb0e8b4000 	C:\Windows\SYSTEM32\dbgcore.DLL
0x00007ffb3aff0000 - 0x00007ffb3b072000 	C:\Windows\System32\bcryptPrimitives.dll
0x00007ffb32ad0000 - 0x00007ffb32ade000 	D:\andorid studio\jbr\bin\instrument.dll
0x00007ffb34a70000 - 0x00007ffb34a90000 	D:\andorid studio\jbr\bin\java.dll
0x00007ffb34090000 - 0x00007ffb340a8000 	D:\andorid studio\jbr\bin\zip.dll
0x00007ffb3b450000 - 0x00007ffb3bbbe000 	C:\Windows\System32\SHELL32.dll
0x00007ffb389a0000 - 0x00007ffb39144000 	C:\Windows\SYSTEM32\windows.storage.dll
0x00007ffb3c3b0000 - 0x00007ffb3c703000 	C:\Windows\System32\combase.dll
0x00007ffb3a300000 - 0x00007ffb3a32b000 	C:\Windows\SYSTEM32\Wldp.dll
0x00007ffb3c2e0000 - 0x00007ffb3c3ad000 	C:\Windows\System32\OLEAUT32.dll
0x00007ffb3cf90000 - 0x00007ffb3d03d000 	C:\Windows\System32\SHCORE.dll
0x00007ffb3d040000 - 0x00007ffb3d09b000 	C:\Windows\System32\shlwapi.dll
0x00007ffb3a870000 - 0x00007ffb3a894000 	C:\Windows\SYSTEM32\profapi.dll
0x00007ffb34a60000 - 0x00007ffb34a70000 	D:\andorid studio\jbr\bin\net.dll
0x00007ffb37a30000 - 0x00007ffb37b3a000 	C:\Windows\SYSTEM32\WINHTTP.dll
0x00007ffb3a000000 - 0x00007ffb3a06a000 	C:\Windows\system32\mswsock.dll
0x00007ffb34070000 - 0x00007ffb34086000 	D:\andorid studio\jbr\bin\nio.dll
0x00007ffaf7c10000 - 0x00007ffaf7c20000 	D:\andorid studio\jbr\bin\verify.dll
0x00007ffaf8830000 - 0x00007ffaf8857000 	C:\Users\dell\.gradle\native\c067742578af261105cb4f569cf0c3c89f3d7b1fecec35dd04571415982c5e48\windows-amd64\native-platform.dll
0x00007ffb25240000 - 0x00007ffb25384000 	C:\Users\dell\.gradle\native\100fb08df4bc3b14c8652ba06237920a3bd2aa13389f12d3474272988ae205f9\windows-amd64\native-platform-file-events.dll
0x00007ffb31210000 - 0x00007ffb31219000 	D:\andorid studio\jbr\bin\management.dll
0x00007ffb31200000 - 0x00007ffb3120b000 	D:\andorid studio\jbr\bin\management_ext.dll
0x00007ffb3cf10000 - 0x00007ffb3cf18000 	C:\Windows\System32\PSAPI.DLL
0x00007ffb3a200000 - 0x00007ffb3a218000 	C:\Windows\SYSTEM32\CRYPTSP.dll
0x00007ffb39920000 - 0x00007ffb39958000 	C:\Windows\system32\rsaenh.dll
0x00007ffb3a7f0000 - 0x00007ffb3a81e000 	C:\Windows\SYSTEM32\USERENV.dll
0x00007ffb3a1f0000 - 0x00007ffb3a1fc000 	C:\Windows\SYSTEM32\CRYPTBASE.dll
0x00007ffb39ce0000 - 0x00007ffb39d1b000 	C:\Windows\SYSTEM32\IPHLPAPI.DLL
0x00007ffb3bbe0000 - 0x00007ffb3bbe8000 	C:\Windows\System32\NSI.dll
0x00007ffb31220000 - 0x00007ffb31229000 	D:\andorid studio\jbr\bin\extnet.dll
0x00007ffb31230000 - 0x00007ffb31237000 	C:\Windows\system32\wshunix.dll

dbghelp: loaded successfully - version: 4.0.5 - missing functions: none
symbol engine: initialized successfully - sym options: 0x614 - pdb path: .;D:\andorid studio\jbr\bin;C:\Windows\SYSTEM32;C:\Windows\WinSxS\amd64_microsoft.windows.common-controls_6595b64144ccf1df_6.0.19041.5915_none_60b4b9d171f9c7c7;D:\andorid studio\jbr\bin\server;C:\Users\dell\.gradle\native\c067742578af261105cb4f569cf0c3c89f3d7b1fecec35dd04571415982c5e48\windows-amd64;C:\Users\dell\.gradle\native\100fb08df4bc3b14c8652ba06237920a3bd2aa13389f12d3474272988ae205f9\windows-amd64

VM Arguments:
jvm_args: --add-opens=java.base/java.lang=ALL-UNNAMED --add-opens=java.base/java.lang.invoke=ALL-UNNAMED --add-opens=java.base/java.util=ALL-UNNAMED --add-opens=java.prefs/java.util.prefs=ALL-UNNAMED --add-exports=jdk.compiler/com.sun.tools.javac.api=ALL-UNNAMED --add-exports=jdk.compiler/com.sun.tools.javac.util=ALL-UNNAMED --add-opens=java.base/java.util=ALL-UNNAMED --add-opens=java.prefs/java.util.prefs=ALL-UNNAMED --add-opens=java.base/java.nio.charset=ALL-UNNAMED --add-opens=java.base/java.net=ALL-UNNAMED --add-opens=java.base/java.util.concurrent.atomic=ALL-UNNAMED --add-opens=java.xml/javax.xml.namespace=ALL-UNNAMED -Xmx2048m -Dfile.encoding=UTF-8 -Duser.country=US -Duser.language=en -Duser.variant -javaagent:C:\Users\dell\.gradle\wrapper\dists\gradle-8.11.1-bin\bpt9gzteqjrbo1mjrsomdt32c\gradle-8.11.1\lib\agents\gradle-instrumentation-agent-8.11.1.jar 
java_command: org.gradle.launcher.daemon.bootstrap.GradleDaemon 8.11.1
java_class_path (initial): C:\Users\dell\.gradle\wrapper\dists\gradle-8.11.1-bin\bpt9gzteqjrbo1mjrsomdt32c\gradle-8.11.1\lib\gradle-daemon-main-8.11.1.jar
Launcher Type: SUN_STANDARD

[Global flags]
     intx CICompilerCount                          = 3                                         {product} {ergonomic}
     uint ConcGCThreads                            = 1                                         {product} {ergonomic}
     uint G1ConcRefinementThreads                  = 4                                         {product} {ergonomic}
   size_t G1HeapRegionSize                         = 1048576                                   {product} {ergonomic}
    uintx GCDrainStackTargetSize                   = 64                                        {product} {ergonomic}
   size_t InitialHeapSize                          = 130023424                                 {product} {ergonomic}
   size_t MarkStackSize                            = 4194304                                   {product} {ergonomic}
   size_t MaxHeapSize                              = 2147483648                                {product} {command line}
   size_t MaxNewSize                               = 1287651328                                {product} {ergonomic}
   size_t MinHeapDeltaBytes                        = 1048576                                   {product} {ergonomic}
   size_t MinHeapSize                              = 8388608                                   {product} {ergonomic}
    uintx NonNMethodCodeHeapSize                   = 5832780                                {pd product} {ergonomic}
    uintx NonProfiledCodeHeapSize                  = 122912730                              {pd product} {ergonomic}
    uintx ProfiledCodeHeapSize                     = 122912730                              {pd product} {ergonomic}
    uintx ReservedCodeCacheSize                    = 251658240                              {pd product} {ergonomic}
     bool SegmentedCodeCache                       = true                                      {product} {ergonomic}
   size_t SoftMaxHeapSize                          = 2147483648                             {manageable} {ergonomic}
     bool UseCompressedOops                        = true                           {product lp64_product} {ergonomic}
     bool UseG1GC                                  = true                                      {product} {ergonomic}
     bool UseLargePagesIndividualAllocation        = false                                  {pd product} {ergonomic}

Logging:
Log output configuration:
 #0: stdout all=warning uptime,level,tags foldmultilines=false
 #1: stderr all=off uptime,level,tags foldmultilines=false

Environment Variables:
PATH=C:\Windows\system32;C:\Windows;C:\Windows\System32\Wbem;C:\Windows\System32\WindowsPowerShell\v1.0\;C:\Windows\System32\OpenSSH\;C:\Program Files\dotnet\;C:\Program Files (x86)\dotnet\;C:\Program Files\Git\cmd;C:\Users\dell\AppData\Local\Microsoft\WindowsApps;
USERNAME=dell
OS=Windows_NT
PROCESSOR_IDENTIFIER=Intel64 Family 6 Model 78 Stepping 3, GenuineIntel
TMP=C:\Users\dell\AppData\Local\Temp
TEMP=C:\Users\dell\AppData\Local\Temp




Periodic native trim disabled

JNI global refs:
JNI global refs: 23, weak refs: 1

JNI global refs memory usage: 835, weak refs: 833

Process memory usage:
Resident Set Size: 213128K (2% of 8016736K total physical memory with 1034408K free physical memory)

OOME stack traces (most recent first):
Classloader memory used:
Loader bootstrap                                                                       : 17182K
Loader org.gradle.internal.classloader.VisitableURLClassLoader                         : 15192K
Loader org.gradle.initialization.MixInLegacyTypesClassLoader                           : 2510K
Loader jdk.internal.loader.ClassLoaders$AppClassLoader                                 : 234K
Loader jdk.internal.loader.ClassLoaders$PlatformClassLoader                            : 114K

Classes loaded by more than one classloader:
Class org.gradle.internal.classloader.FilteringClassLoader                            : loaded 2 times (x 101B)
Class org.gradle.internal.classloader.ClassLoaderHierarchy                            : loaded 2 times (x 66B)
Class org.gradle.api.internal.classpath.ManifestUtil                                  : loaded 2 times (x 67B)
Class org.gradle.internal.classloader.DefaultClassLoaderFactory                       : loaded 2 times (x 78B)
Class org.gradle.internal.classloader.ClassLoaderVisitor                              : loaded 2 times (x 72B)
Class org.gradle.api.internal.classpath.EffectiveClassPath                            : loaded 2 times (x 86B)
Class org.gradle.api.internal.DefaultClassPathProvider                                : loaded 2 times (x 72B)
Class [Lorg.gradle.api.internal.ClassPathProvider;                                    : loaded 2 times (x 65B)
Class org.gradle.api.internal.ClassPathProvider                                       : loaded 2 times (x 66B)
Class org.gradle.internal.service.UnknownServiceException                             : loaded 2 times (x 79B)
Class org.gradle.internal.classpath.TransformedClassPath                              : loaded 2 times (x 92B)
Class org.gradle.internal.classloader.InstrumentingClassLoader                        : loaded 2 times (x 66B)
Class org.gradle.internal.service.ServiceLocator                                      : loaded 2 times (x 66B)
Class org.gradle.internal.InternalTransformer                                         : loaded 2 times (x 66B)
Class org.gradle.internal.classloader.ClasspathUtil$1                                 : loaded 2 times (x 72B)
Class org.gradle.api.internal.classpath.DefaultModuleRegistry$DefaultModule           : loaded 2 times (x 82B)
Class org.gradle.api.internal.classpath.Module                                        : loaded 2 times (x 66B)
Class org.gradle.api.internal.classpath.UnknownModuleException                        : loaded 2 times (x 78B)
Class org.gradle.api.internal.DefaultClassPathRegistry                                : loaded 2 times (x 72B)
Class org.gradle.api.internal.ClassPathRegistry                                       : loaded 2 times (x 66B)
Class org.gradle.internal.classpath.DefaultClassPath$ImmutableUniqueList              : loaded 2 times (x 195B)
Class org.gradle.internal.classpath.ClassPath                                         : loaded 2 times (x 66B)
Class org.gradle.api.UncheckedIOException                                             : loaded 2 times (x 78B)
Class org.gradle.internal.installation.GradleInstallation$1                           : loaded 2 times (x 71B)
Class org.gradle.api.internal.classpath.ModuleRegistry                                : loaded 2 times (x 66B)
Class org.gradle.api.internal.classpath.DefaultModuleRegistry                         : loaded 2 times (x 82B)
Class org.gradle.internal.service.ServiceLookupException                              : loaded 2 times (x 78B)
Class org.gradle.internal.classloader.ClassLoaderFactory                              : loaded 2 times (x 66B)
Class org.gradle.internal.service.CachingServiceLocator                               : loaded 2 times (x 78B)
Class org.gradle.internal.classloader.ClasspathUtil                                   : loaded 2 times (x 67B)
Class org.gradle.api.specs.Spec                                                       : loaded 2 times (x 66B)
Class org.gradle.internal.classloader.VisitableURLClassLoader$InstrumentingVisitableURLClassLoader: loaded 2 times (x 119B)
Class org.gradle.internal.classloader.VisitableURLClassLoader$Spec                    : loaded 2 times (x 70B)
Class org.gradle.internal.classpath.DefaultClassPath                                  : loaded 2 times (x 86B)
Class org.gradle.internal.classloader.ClassLoaderSpec                                 : loaded 2 times (x 67B)
Class org.gradle.internal.classloader.VisitableURLClassLoader                         : loaded 2 times (x 113B)
Class org.gradle.internal.Cast                                                        : loaded 2 times (x 67B)
Class org.gradle.api.Action                                                           : loaded 2 times (x 66B)
Class org.gradle.internal.classpath.DefaultClassPath$ImmutableUniqueList$Builder      : loaded 2 times (x 71B)
Class org.gradle.api.GradleException                                                  : loaded 2 times (x 78B)
Class org.gradle.internal.IoActions                                                   : loaded 2 times (x 67B)
Class org.gradle.internal.classloader.SystemClassLoaderSpec                           : loaded 2 times (x 67B)
Class org.gradle.api.internal.classpath.GlobalCacheRootsProvider                      : loaded 2 times (x 66B)
Class org.gradle.internal.installation.CurrentGradleInstallationLocator               : loaded 2 times (x 67B)
Class org.gradle.internal.service.DefaultServiceLocator                               : loaded 2 times (x 79B)
Class org.gradle.internal.installation.CurrentGradleInstallation                      : loaded 2 times (x 69B)
Class org.gradle.util.internal.GUtil                                                  : loaded 2 times (x 67B)
Class org.gradle.internal.installation.GradleInstallation                             : loaded 2 times (x 71B)

---------------  S Y S T E M  ---------------

OS:
 Windows 10 , 64 bit Build 19041 (10.0.19041.5915)
OS uptime: 0 days 3:09 hours

CPU: total 4 (initial active 4) (2 cores per cpu, 2 threads per core) family 6 model 78 stepping 3 microcode 0xec, cx8, cmov, fxsr, ht, mmx, 3dnowpref, sse, sse2, sse3, ssse3, sse4.1, sse4.2, popcnt, lzcnt, tsc, tscinvbit, avx, avx2, aes, erms, clmul, bmi1, bmi2, rtm, adx, fma, vzeroupper, clflush, clflushopt, rdtscp, f16c
Processor Information for processor 0
  Max Mhz: 2496, Current Mhz: 1497, Mhz Limit: 2396
Processor Information for processor 1
  Max Mhz: 2496, Current Mhz: 2396, Mhz Limit: 2396
Processor Information for processor 2
  Max Mhz: 2496, Current Mhz: 1497, Mhz Limit: 2396
Processor Information for processor 3
  Max Mhz: 2496, Current Mhz: 2396, Mhz Limit: 2396

Memory: 4k page, system-wide physical 7828M (1010M free)
TotalPageFile size 19116M (AvailPageFile size 6M)
current process WorkingSet (physical memory assigned to process): 208M, peak: 208M
current process commit charge ("private bytes"): 244M, peak: 247M

vm_info: OpenJDK 64-Bit Server VM (21.0.6+-13368085-b895.109) for windows-amd64 JRE (21.0.6+-13368085-b895.109), built on 2025-04-16T17:01:31Z by "builder" with MS VC++ 16.10 / 16.11 (VS2019)

END.
