#
# There is insufficient memory for the Java Runtime Environment to continue.
# Native memory allocation (malloc) failed to allocate 1754096 bytes. Error detail: Chunk::new
# Possible reasons:
#   The system is out of physical RAM or swap space
#   This process is running with CompressedOops enabled, and the Java Heap may be blocking the growth of the native heap
# Possible solutions:
#   Reduce memory load on the system
#   Increase physical memory or swap space
#   Check if swap backing store is full
#   Decrease Java heap size (-Xmx/-Xms)
#   Decrease number of Java threads
#   Decrease Java thread stack sizes (-Xss)
#   Set larger code cache with -XX:ReservedCodeCacheSize=
#   JVM is running with Unscaled Compressed Oops mode in which the Java heap is
#     placed in the first 4GB address space. The Java Heap base address is the
#     maximum limit for the native heap growth. Please use -XX:HeapBaseMinAddress
#     to set the Java Heap base and to place the Java Heap above 4GB virtual address.
# This output file may be truncated or incomplete.
#
#  Out of Memory Error (arena.cpp:168), pid=1992, tid=17056
#
# JRE version: OpenJDK Runtime Environment (21.0.6) (build 21.0.6+-13368085-b895.109)
# Java VM: OpenJDK 64-Bit Server VM (21.0.6+-13368085-b895.109, mixed mode, tiered, compressed oops, compressed class ptrs, g1 gc, windows-amd64)
# No core dump will be written. Minidumps are not enabled by default on client versions of Windows
#

---------------  S U M M A R Y ------------

Command Line: org.jetbrains.kotlin.cli.jvm.K2JVMCompiler @D:\WhatsApp_Status_Saver_App\app\build\20250729_6849970506517649452.compiler.options

Host: Intel(R) Core(TM) i5-6300U CPU @ 2.40GHz, 4 cores, 7G,  Windows 10 , 64 bit Build 19041 (10.0.19041.5915)
Time: Tue Jul 29 10:25:03 2025 Pakistan Standard Time elapsed time: 13.203673 seconds (0d 0h 0m 13s)

---------------  T H R E A D  ---------------

Current thread (0x00000276b044a830):  JavaThread "C2 CompilerThread1" daemon [_thread_in_native, id=17056, stack(0x0000008d6b600000,0x0000008d6b700000) (1024K)]


Current CompileTask:
C2:13203 7494       4       org.jetbrains.kotlin.fir.backend.Fir2IrTypeConverter::toIrType (1647 bytes)

Stack: [0x0000008d6b600000,0x0000008d6b700000]
Native frames: (J=compiled Java code, j=interpreted, Vv=VM code, C=native code)
V  [jvm.dll+0x6d0639]
V  [jvm.dll+0x85eb03]
V  [jvm.dll+0x86105e]
V  [jvm.dll+0x861743]
V  [jvm.dll+0x27e6e6]
V  [jvm.dll+0xbff6d]
V  [jvm.dll+0xc04a3]
V  [jvm.dll+0x3b6171]
V  [jvm.dll+0x3820c7]
V  [jvm.dll+0x38153a]
V  [jvm.dll+0x247c82]
V  [jvm.dll+0x247251]
V  [jvm.dll+0x1c5f04]
V  [jvm.dll+0x2569ac]
V  [jvm.dll+0x254ef6]
V  [jvm.dll+0x3f0e96]
V  [jvm.dll+0x806ed8]
V  [jvm.dll+0x6cef0d]
C  [ucrtbase.dll+0x21bb2]
C  [KERNEL32.DLL+0x17374]
C  [ntdll.dll+0x4cc91]


---------------  P R O C E S S  ---------------

Threads class SMR info:
_java_thread_list=0x00000276aee492e0, length=12, elements={
0x000002769106d490, 0x00000276ac0389a0, 0x00000276ac0396b0, 0x00000276ac059f00,
0x00000276ac05ad60, 0x00000276ac05b7b0, 0x00000276ac046670, 0x00000276ac049010,
0x00000276ac05ee10, 0x00000276ac2040e0, 0x00000276ac20bd40, 0x00000276b044a830
}

Java Threads: ( => current thread )
  0x000002769106d490 JavaThread "main"                              [_thread_in_Java, id=10216, stack(0x0000008d6a100000,0x0000008d6a200000) (1024K)]
  0x00000276ac0389a0 JavaThread "Reference Handler"          daemon [_thread_blocked, id=10596, stack(0x0000008d6a900000,0x0000008d6aa00000) (1024K)]
  0x00000276ac0396b0 JavaThread "Finalizer"                  daemon [_thread_blocked, id=12608, stack(0x0000008d6aa00000,0x0000008d6ab00000) (1024K)]
  0x00000276ac059f00 JavaThread "Signal Dispatcher"          daemon [_thread_blocked, id=6884, stack(0x0000008d6ab00000,0x0000008d6ac00000) (1024K)]
  0x00000276ac05ad60 JavaThread "Attach Listener"            daemon [_thread_blocked, id=12296, stack(0x0000008d6ac00000,0x0000008d6ad00000) (1024K)]
  0x00000276ac05b7b0 JavaThread "Service Thread"             daemon [_thread_blocked, id=12324, stack(0x0000008d6ad00000,0x0000008d6ae00000) (1024K)]
  0x00000276ac046670 JavaThread "Monitor Deflation Thread"   daemon [_thread_blocked, id=4756, stack(0x0000008d6ae00000,0x0000008d6af00000) (1024K)]
  0x00000276ac049010 JavaThread "C2 CompilerThread0"         daemon [_thread_in_native, id=9416, stack(0x0000008d6af00000,0x0000008d6b000000) (1024K)]
  0x00000276ac05ee10 JavaThread "C1 CompilerThread0"         daemon [_thread_in_native, id=18668, stack(0x0000008d6b000000,0x0000008d6b100000) (1024K)]
  0x00000276ac2040e0 JavaThread "Notification Thread"        daemon [_thread_blocked, id=4036, stack(0x0000008d6b100000,0x0000008d6b200000) (1024K)]
  0x00000276ac20bd40 JavaThread "Common-Cleaner"             daemon [_thread_blocked, id=1556, stack(0x0000008d6b200000,0x0000008d6b300000) (1024K)]
=>0x00000276b044a830 JavaThread "C2 CompilerThread1"         daemon [_thread_in_native, id=17056, stack(0x0000008d6b600000,0x0000008d6b700000) (1024K)]
Total: 12

Other Threads:
  0x00000276a7d39af0 VMThread "VM Thread"                           [id=17076, stack(0x0000008d6a800000,0x0000008d6a900000) (1024K)]
  0x00000276a7caaf60 WatcherThread "VM Periodic Task Thread"        [id=18212, stack(0x0000008d6a700000,0x0000008d6a800000) (1024K)]
  0x00000276910beee0 WorkerThread "GC Thread#0"                     [id=1036, stack(0x0000008d6a200000,0x0000008d6a300000) (1024K)]
  0x00000276ac81d480 WorkerThread "GC Thread#1"                     [id=11916, stack(0x0000008d6b300000,0x0000008d6b400000) (1024K)]
  0x00000276ac849560 WorkerThread "GC Thread#2"                     [id=18548, stack(0x0000008d6b400000,0x0000008d6b500000) (1024K)]
  0x00000276ac849900 WorkerThread "GC Thread#3"                     [id=9556, stack(0x0000008d6b500000,0x0000008d6b600000) (1024K)]
  0x00000276910d0100 ConcurrentGCThread "G1 Main Marker"            [id=7520, stack(0x0000008d6a300000,0x0000008d6a400000) (1024K)]
  0x00000276910d1580 WorkerThread "G1 Conc#0"                       [id=6420, stack(0x0000008d6a400000,0x0000008d6a500000) (1024K)]
  0x00000276a7b824c0 ConcurrentGCThread "G1 Refine#0"               [id=16372, stack(0x0000008d6a500000,0x0000008d6a600000) (1024K)]
  0x000002769113b2e0 ConcurrentGCThread "G1 Service"                [id=1148, stack(0x0000008d6a600000,0x0000008d6a700000) (1024K)]
Total: 10

Threads with active compile tasks:
C2 CompilerThread0  13246 7656       4       org.jetbrains.kotlin.ir.util.TransformKt::transformInPlace (70 bytes)
C1 CompilerThread0  13246 7659       3       org.jetbrains.kotlin.backend.jvm.lower.InterfaceObjectCallsLowering::visitDeclaration (6 bytes)
C2 CompilerThread1  13246 7494       4       org.jetbrains.kotlin.fir.backend.Fir2IrTypeConverter::toIrType (1647 bytes)
Total: 3

VM state: not at safepoint (normal execution)

VM Mutex/Monitor currently owned by a thread: None

Heap address: 0x0000000085a00000, size: 1958 MB, Compressed Oops mode: 32-bit

CDS archive(s) not mapped
Compressed class space mapped at: 0x0000000100000000-0x0000000140000000, reserved size: 1073741824
Narrow klass base: 0x0000000000000000, Narrow klass shift: 3, Narrow klass range: 0x140000000

GC Precious Log:
 CardTable entry size: 512
 Card Set container configuration: InlinePtr #cards 5 size 8 Array Of Cards #cards 12 size 40 Howl #buckets 4 coarsen threshold 1843 Howl Bitmap #cards 512 size 80 coarsen threshold 460 Card regions per heap region 1 cards per card region 2048
 CPUs: 4 total, 4 available
 Memory: 7828M
 Large Page Support: Disabled
 NUMA Support: Disabled
 Compressed Oops: Enabled (32-bit)
 Heap Region Size: 1M
 Heap Min Capacity: 8M
 Heap Initial Capacity: 124M
 Heap Max Capacity: 1958M
 Pre-touch: Disabled
 Parallel Workers: 4
 Concurrent Workers: 1
 Concurrent Refinement Workers: 4
 Periodic GC: Disabled

Heap:
 garbage-first heap   total 178176K, used 94780K [0x0000000085a00000, 0x0000000100000000)
  region size 1024K, 27 young (27648K), 9 survivors (9216K)
 Metaspace       used 74054K, committed 74432K, reserved 1179648K
  class space    used 8038K, committed 8192K, reserved 1048576K

Heap Regions: E=young(eden), S=young(survivor), O=old, HS=humongous(starts), HC=humongous(continues), CS=collection set, F=free, TAMS=top-at-mark-start, PB=parsable bottom
|   0|0x0000000085a00000, 0x0000000085b00000, 0x0000000085b00000|100%|HS|  |TAMS 0x0000000085a00000| PB 0x0000000085a00000| Complete 
|   1|0x0000000085b00000, 0x0000000085c00000, 0x0000000085c00000|100%|HC|  |TAMS 0x0000000085b00000| PB 0x0000000085b00000| Complete 
|   2|0x0000000085c00000, 0x0000000085d00000, 0x0000000085d00000|100%|HC|  |TAMS 0x0000000085c00000| PB 0x0000000085c00000| Complete 
|   3|0x0000000085d00000, 0x0000000085e00000, 0x0000000085e00000|100%| O|  |TAMS 0x0000000085d00000| PB 0x0000000085d00000| Untracked 
|   4|0x0000000085e00000, 0x0000000085f00000, 0x0000000085f00000|100%| O|  |TAMS 0x0000000085e00000| PB 0x0000000085e00000| Untracked 
|   5|0x0000000085f00000, 0x0000000086000000, 0x0000000086000000|100%| O|  |TAMS 0x0000000085f00000| PB 0x0000000085f00000| Untracked 
|   6|0x0000000086000000, 0x0000000086100000, 0x0000000086100000|100%| O|  |TAMS 0x0000000086000000| PB 0x0000000086000000| Untracked 
|   7|0x0000000086100000, 0x0000000086200000, 0x0000000086200000|100%| O|  |TAMS 0x0000000086100000| PB 0x0000000086100000| Untracked 
|   8|0x0000000086200000, 0x0000000086300000, 0x0000000086300000|100%| O|  |TAMS 0x0000000086200000| PB 0x0000000086200000| Untracked 
|   9|0x0000000086300000, 0x0000000086400000, 0x0000000086400000|100%| O|  |TAMS 0x0000000086300000| PB 0x0000000086300000| Untracked 
|  10|0x0000000086400000, 0x0000000086500000, 0x0000000086500000|100%| O|  |TAMS 0x0000000086400000| PB 0x0000000086400000| Untracked 
|  11|0x0000000086500000, 0x0000000086600000, 0x0000000086600000|100%| O|  |TAMS 0x0000000086500000| PB 0x0000000086500000| Untracked 
|  12|0x0000000086600000, 0x0000000086700000, 0x0000000086700000|100%| O|  |TAMS 0x0000000086600000| PB 0x0000000086600000| Untracked 
|  13|0x0000000086700000, 0x0000000086800000, 0x0000000086800000|100%| O|  |TAMS 0x0000000086700000| PB 0x0000000086700000| Untracked 
|  14|0x0000000086800000, 0x0000000086900000, 0x0000000086900000|100%| O|  |TAMS 0x0000000086800000| PB 0x0000000086800000| Untracked 
|  15|0x0000000086900000, 0x0000000086a00000, 0x0000000086a00000|100%| O|  |TAMS 0x0000000086900000| PB 0x0000000086900000| Untracked 
|  16|0x0000000086a00000, 0x0000000086b00000, 0x0000000086b00000|100%| O|  |TAMS 0x0000000086a00000| PB 0x0000000086a00000| Untracked 
|  17|0x0000000086b00000, 0x0000000086c00000, 0x0000000086c00000|100%| O|  |TAMS 0x0000000086b00000| PB 0x0000000086b00000| Untracked 
|  18|0x0000000086c00000, 0x0000000086d00000, 0x0000000086d00000|100%| O|  |TAMS 0x0000000086c00000| PB 0x0000000086c00000| Untracked 
|  19|0x0000000086d00000, 0x0000000086e00000, 0x0000000086e00000|100%| O|  |TAMS 0x0000000086d00000| PB 0x0000000086d00000| Untracked 
|  20|0x0000000086e00000, 0x0000000086f00000, 0x0000000086f00000|100%| O|  |TAMS 0x0000000086e00000| PB 0x0000000086e00000| Untracked 
|  21|0x0000000086f00000, 0x0000000087000000, 0x0000000087000000|100%| O|  |TAMS 0x0000000086f00000| PB 0x0000000086f00000| Untracked 
|  22|0x0000000087000000, 0x0000000087100000, 0x0000000087100000|100%| O|  |TAMS 0x0000000087000000| PB 0x0000000087000000| Untracked 
|  23|0x0000000087100000, 0x0000000087200000, 0x0000000087200000|100%| O|  |TAMS 0x0000000087100000| PB 0x0000000087100000| Untracked 
|  24|0x0000000087200000, 0x0000000087300000, 0x0000000087300000|100%| O|  |TAMS 0x0000000087200000| PB 0x0000000087200000| Untracked 
|  25|0x0000000087300000, 0x0000000087400000, 0x0000000087400000|100%| O|  |TAMS 0x0000000087300000| PB 0x0000000087300000| Untracked 
|  26|0x0000000087400000, 0x0000000087500000, 0x0000000087500000|100%| O|  |TAMS 0x0000000087400000| PB 0x0000000087400000| Untracked 
|  27|0x0000000087500000, 0x0000000087600000, 0x0000000087600000|100%| O|  |TAMS 0x0000000087500000| PB 0x0000000087500000| Untracked 
|  28|0x0000000087600000, 0x0000000087700000, 0x0000000087700000|100%| O|  |TAMS 0x0000000087600000| PB 0x0000000087600000| Untracked 
|  29|0x0000000087700000, 0x0000000087800000, 0x0000000087800000|100%| O|Cm|TAMS 0x0000000087700000| PB 0x0000000087700000| Complete 
|  30|0x0000000087800000, 0x0000000087900000, 0x0000000087900000|100%| O|  |TAMS 0x0000000087800000| PB 0x0000000087800000| Untracked 
|  31|0x0000000087900000, 0x0000000087a00000, 0x0000000087a00000|100%| O|  |TAMS 0x0000000087900000| PB 0x0000000087900000| Untracked 
|  32|0x0000000087a00000, 0x0000000087b00000, 0x0000000087b00000|100%| O|  |TAMS 0x0000000087a00000| PB 0x0000000087a00000| Untracked 
|  33|0x0000000087b00000, 0x0000000087c00000, 0x0000000087c00000|100%|HS|  |TAMS 0x0000000087b00000| PB 0x0000000087b00000| Complete 
|  34|0x0000000087c00000, 0x0000000087d00000, 0x0000000087d00000|100%| O|  |TAMS 0x0000000087c00000| PB 0x0000000087c00000| Untracked 
|  35|0x0000000087d00000, 0x0000000087e00000, 0x0000000087e00000|100%| O|  |TAMS 0x0000000087d00000| PB 0x0000000087d00000| Untracked 
|  36|0x0000000087e00000, 0x0000000087f00000, 0x0000000087f00000|100%| O|  |TAMS 0x0000000087e00000| PB 0x0000000087e00000| Untracked 
|  37|0x0000000087f00000, 0x0000000088000000, 0x0000000088000000|100%| O|  |TAMS 0x0000000087f00000| PB 0x0000000087f00000| Untracked 
|  38|0x0000000088000000, 0x0000000088100000, 0x0000000088100000|100%| O|  |TAMS 0x0000000088000000| PB 0x0000000088000000| Untracked 
|  39|0x0000000088100000, 0x0000000088200000, 0x0000000088200000|100%| O|  |TAMS 0x0000000088100000| PB 0x0000000088100000| Untracked 
|  40|0x0000000088200000, 0x0000000088300000, 0x0000000088300000|100%| O|  |TAMS 0x0000000088200000| PB 0x0000000088200000| Untracked 
|  41|0x0000000088300000, 0x0000000088400000, 0x0000000088400000|100%| O|  |TAMS 0x0000000088300000| PB 0x0000000088300000| Untracked 
|  42|0x0000000088400000, 0x0000000088500000, 0x0000000088500000|100%| O|  |TAMS 0x0000000088400000| PB 0x0000000088400000| Untracked 
|  43|0x0000000088500000, 0x0000000088600000, 0x0000000088600000|100%| O|  |TAMS 0x0000000088500000| PB 0x0000000088500000| Untracked 
|  44|0x0000000088600000, 0x0000000088700000, 0x0000000088700000|100%| O|  |TAMS 0x0000000088600000| PB 0x0000000088600000| Untracked 
|  45|0x0000000088700000, 0x0000000088800000, 0x0000000088800000|100%| O|  |TAMS 0x0000000088700000| PB 0x0000000088700000| Untracked 
|  46|0x0000000088800000, 0x0000000088900000, 0x0000000088900000|100%| O|  |TAMS 0x0000000088800000| PB 0x0000000088800000| Untracked 
|  47|0x0000000088900000, 0x0000000088a00000, 0x0000000088a00000|100%| O|  |TAMS 0x0000000088900000| PB 0x0000000088900000| Untracked 
|  48|0x0000000088a00000, 0x0000000088b00000, 0x0000000088b00000|100%| O|Cm|TAMS 0x0000000088a00000| PB 0x0000000088a00000| Complete 
|  49|0x0000000088b00000, 0x0000000088c00000, 0x0000000088c00000|100%| O|  |TAMS 0x0000000088b00000| PB 0x0000000088b00000| Untracked 
|  50|0x0000000088c00000, 0x0000000088d00000, 0x0000000088d00000|100%| O|  |TAMS 0x0000000088c00000| PB 0x0000000088c00000| Untracked 
|  51|0x0000000088d00000, 0x0000000088e00000, 0x0000000088e00000|100%| O|  |TAMS 0x0000000088d00000| PB 0x0000000088d00000| Untracked 
|  52|0x0000000088e00000, 0x0000000088f00000, 0x0000000088f00000|100%| O|  |TAMS 0x0000000088e00000| PB 0x0000000088e00000| Untracked 
|  53|0x0000000088f00000, 0x0000000089000000, 0x0000000089000000|100%| O|  |TAMS 0x0000000088f00000| PB 0x0000000088f00000| Untracked 
|  54|0x0000000089000000, 0x0000000089100000, 0x0000000089100000|100%| O|  |TAMS 0x0000000089000000| PB 0x0000000089000000| Untracked 
|  55|0x0000000089100000, 0x0000000089200000, 0x0000000089200000|100%| O|  |TAMS 0x0000000089100000| PB 0x0000000089100000| Untracked 
|  56|0x0000000089200000, 0x0000000089300000, 0x0000000089300000|100%| O|  |TAMS 0x0000000089200000| PB 0x0000000089200000| Untracked 
|  57|0x0000000089300000, 0x0000000089400000, 0x0000000089400000|100%| O|  |TAMS 0x0000000089300000| PB 0x0000000089300000| Untracked 
|  58|0x0000000089400000, 0x0000000089500000, 0x0000000089500000|100%| O|  |TAMS 0x0000000089400000| PB 0x0000000089400000| Untracked 
|  59|0x0000000089500000, 0x0000000089600000, 0x0000000089600000|100%| O|  |TAMS 0x0000000089500000| PB 0x0000000089500000| Untracked 
|  60|0x0000000089600000, 0x0000000089700000, 0x0000000089700000|100%| O|  |TAMS 0x0000000089600000| PB 0x0000000089600000| Untracked 
|  61|0x0000000089700000, 0x0000000089800000, 0x0000000089800000|100%| O|  |TAMS 0x0000000089700000| PB 0x0000000089700000| Untracked 
|  62|0x0000000089800000, 0x0000000089900000, 0x0000000089900000|100%| O|  |TAMS 0x0000000089800000| PB 0x0000000089800000| Untracked 
|  63|0x0000000089900000, 0x0000000089a00000, 0x0000000089a00000|100%| O|  |TAMS 0x0000000089900000| PB 0x0000000089900000| Untracked 
|  64|0x0000000089a00000, 0x0000000089a8f100, 0x0000000089b00000| 55%| O|  |TAMS 0x0000000089a00000| PB 0x0000000089a00000| Untracked 
|  65|0x0000000089b00000, 0x0000000089b00000, 0x0000000089c00000|  0%| F|  |TAMS 0x0000000089b00000| PB 0x0000000089b00000| Untracked 
|  66|0x0000000089c00000, 0x0000000089c00000, 0x0000000089d00000|  0%| F|  |TAMS 0x0000000089c00000| PB 0x0000000089c00000| Untracked 
|  67|0x0000000089d00000, 0x0000000089d00000, 0x0000000089e00000|  0%| F|  |TAMS 0x0000000089d00000| PB 0x0000000089d00000| Untracked 
|  68|0x0000000089e00000, 0x0000000089e00000, 0x0000000089f00000|  0%| F|  |TAMS 0x0000000089e00000| PB 0x0000000089e00000| Untracked 
|  69|0x0000000089f00000, 0x0000000089f00000, 0x000000008a000000|  0%| F|  |TAMS 0x0000000089f00000| PB 0x0000000089f00000| Untracked 
|  70|0x000000008a000000, 0x000000008a000000, 0x000000008a100000|  0%| F|  |TAMS 0x000000008a000000| PB 0x000000008a000000| Untracked 
|  71|0x000000008a100000, 0x000000008a100000, 0x000000008a200000|  0%| F|  |TAMS 0x000000008a100000| PB 0x000000008a100000| Untracked 
|  72|0x000000008a200000, 0x000000008a200000, 0x000000008a300000|  0%| F|  |TAMS 0x000000008a200000| PB 0x000000008a200000| Untracked 
|  73|0x000000008a300000, 0x000000008a300000, 0x000000008a400000|  0%| F|  |TAMS 0x000000008a300000| PB 0x000000008a300000| Untracked 
|  74|0x000000008a400000, 0x000000008a400000, 0x000000008a500000|  0%| F|  |TAMS 0x000000008a400000| PB 0x000000008a400000| Untracked 
|  75|0x000000008a500000, 0x000000008a500000, 0x000000008a600000|  0%| F|  |TAMS 0x000000008a500000| PB 0x000000008a500000| Untracked 
|  76|0x000000008a600000, 0x000000008a600000, 0x000000008a700000|  0%| F|  |TAMS 0x000000008a600000| PB 0x000000008a600000| Untracked 
|  77|0x000000008a700000, 0x000000008a700000, 0x000000008a800000|  0%| F|  |TAMS 0x000000008a700000| PB 0x000000008a700000| Untracked 
|  78|0x000000008a800000, 0x000000008a800000, 0x000000008a900000|  0%| F|  |TAMS 0x000000008a800000| PB 0x000000008a800000| Untracked 
|  79|0x000000008a900000, 0x000000008a900000, 0x000000008aa00000|  0%| F|  |TAMS 0x000000008a900000| PB 0x000000008a900000| Untracked 
|  80|0x000000008aa00000, 0x000000008aa00000, 0x000000008ab00000|  0%| F|  |TAMS 0x000000008aa00000| PB 0x000000008aa00000| Untracked 
|  81|0x000000008ab00000, 0x000000008ab00000, 0x000000008ac00000|  0%| F|  |TAMS 0x000000008ab00000| PB 0x000000008ab00000| Untracked 
|  82|0x000000008ac00000, 0x000000008ac00000, 0x000000008ad00000|  0%| F|  |TAMS 0x000000008ac00000| PB 0x000000008ac00000| Untracked 
|  83|0x000000008ad00000, 0x000000008ad00000, 0x000000008ae00000|  0%| F|  |TAMS 0x000000008ad00000| PB 0x000000008ad00000| Untracked 
|  84|0x000000008ae00000, 0x000000008ae00000, 0x000000008af00000|  0%| F|  |TAMS 0x000000008ae00000| PB 0x000000008ae00000| Untracked 
|  85|0x000000008af00000, 0x000000008af00000, 0x000000008b000000|  0%| F|  |TAMS 0x000000008af00000| PB 0x000000008af00000| Untracked 
|  86|0x000000008b000000, 0x000000008b000000, 0x000000008b100000|  0%| F|  |TAMS 0x000000008b000000| PB 0x000000008b000000| Untracked 
|  87|0x000000008b100000, 0x000000008b100000, 0x000000008b200000|  0%| F|  |TAMS 0x000000008b100000| PB 0x000000008b100000| Untracked 
|  88|0x000000008b200000, 0x000000008b200000, 0x000000008b300000|  0%| F|  |TAMS 0x000000008b200000| PB 0x000000008b200000| Untracked 
|  89|0x000000008b300000, 0x000000008b300000, 0x000000008b400000|  0%| F|  |TAMS 0x000000008b300000| PB 0x000000008b300000| Untracked 
|  90|0x000000008b400000, 0x000000008b400000, 0x000000008b500000|  0%| F|  |TAMS 0x000000008b400000| PB 0x000000008b400000| Untracked 
|  91|0x000000008b500000, 0x000000008b500000, 0x000000008b600000|  0%| F|  |TAMS 0x000000008b500000| PB 0x000000008b500000| Untracked 
|  92|0x000000008b600000, 0x000000008b600000, 0x000000008b700000|  0%| F|  |TAMS 0x000000008b600000| PB 0x000000008b600000| Untracked 
|  93|0x000000008b700000, 0x000000008b700000, 0x000000008b800000|  0%| F|  |TAMS 0x000000008b700000| PB 0x000000008b700000| Untracked 
|  94|0x000000008b800000, 0x000000008b800000, 0x000000008b900000|  0%| F|  |TAMS 0x000000008b800000| PB 0x000000008b800000| Untracked 
|  95|0x000000008b900000, 0x000000008b900000, 0x000000008ba00000|  0%| F|  |TAMS 0x000000008b900000| PB 0x000000008b900000| Untracked 
|  96|0x000000008ba00000, 0x000000008bb00000, 0x000000008bb00000|100%| S|CS|TAMS 0x000000008ba00000| PB 0x000000008ba00000| Complete 
|  97|0x000000008bb00000, 0x000000008bc00000, 0x000000008bc00000|100%| S|CS|TAMS 0x000000008bb00000| PB 0x000000008bb00000| Complete 
|  98|0x000000008bc00000, 0x000000008bd00000, 0x000000008bd00000|100%| S|CS|TAMS 0x000000008bc00000| PB 0x000000008bc00000| Complete 
|  99|0x000000008bd00000, 0x000000008be00000, 0x000000008be00000|100%| S|CS|TAMS 0x000000008bd00000| PB 0x000000008bd00000| Complete 
| 100|0x000000008be00000, 0x000000008bf00000, 0x000000008bf00000|100%| S|CS|TAMS 0x000000008be00000| PB 0x000000008be00000| Complete 
| 101|0x000000008bf00000, 0x000000008c000000, 0x000000008c000000|100%| S|CS|TAMS 0x000000008bf00000| PB 0x000000008bf00000| Complete 
| 102|0x000000008c000000, 0x000000008c100000, 0x000000008c100000|100%| S|CS|TAMS 0x000000008c000000| PB 0x000000008c000000| Complete 
| 103|0x000000008c100000, 0x000000008c200000, 0x000000008c200000|100%| S|CS|TAMS 0x000000008c100000| PB 0x000000008c100000| Complete 
| 104|0x000000008c200000, 0x000000008c300000, 0x000000008c300000|100%| S|CS|TAMS 0x000000008c200000| PB 0x000000008c200000| Complete 
| 105|0x000000008c300000, 0x000000008c300000, 0x000000008c400000|  0%| F|  |TAMS 0x000000008c300000| PB 0x000000008c300000| Untracked 
| 106|0x000000008c400000, 0x000000008c400000, 0x000000008c500000|  0%| F|  |TAMS 0x000000008c400000| PB 0x000000008c400000| Untracked 
| 107|0x000000008c500000, 0x000000008c500000, 0x000000008c600000|  0%| F|  |TAMS 0x000000008c500000| PB 0x000000008c500000| Untracked 
| 108|0x000000008c600000, 0x000000008c600000, 0x000000008c700000|  0%| F|  |TAMS 0x000000008c600000| PB 0x000000008c600000| Untracked 
| 109|0x000000008c700000, 0x000000008c700000, 0x000000008c800000|  0%| F|  |TAMS 0x000000008c700000| PB 0x000000008c700000| Untracked 
| 110|0x000000008c800000, 0x000000008c800000, 0x000000008c900000|  0%| F|  |TAMS 0x000000008c800000| PB 0x000000008c800000| Untracked 
| 111|0x000000008c900000, 0x000000008c900000, 0x000000008ca00000|  0%| F|  |TAMS 0x000000008c900000| PB 0x000000008c900000| Untracked 
| 112|0x000000008ca00000, 0x000000008ca00000, 0x000000008cb00000|  0%| F|  |TAMS 0x000000008ca00000| PB 0x000000008ca00000| Untracked 
| 113|0x000000008cb00000, 0x000000008cb00000, 0x000000008cc00000|  0%| F|  |TAMS 0x000000008cb00000| PB 0x000000008cb00000| Untracked 
| 114|0x000000008cc00000, 0x000000008cc00000, 0x000000008cd00000|  0%| F|  |TAMS 0x000000008cc00000| PB 0x000000008cc00000| Untracked 
| 115|0x000000008cd00000, 0x000000008cd00000, 0x000000008ce00000|  0%| F|  |TAMS 0x000000008cd00000| PB 0x000000008cd00000| Untracked 
| 116|0x000000008ce00000, 0x000000008ce00000, 0x000000008cf00000|  0%| F|  |TAMS 0x000000008ce00000| PB 0x000000008ce00000| Untracked 
| 117|0x000000008cf00000, 0x000000008cf00000, 0x000000008d000000|  0%| F|  |TAMS 0x000000008cf00000| PB 0x000000008cf00000| Untracked 
| 118|0x000000008d000000, 0x000000008d000000, 0x000000008d100000|  0%| F|  |TAMS 0x000000008d000000| PB 0x000000008d000000| Untracked 
| 119|0x000000008d100000, 0x000000008d100000, 0x000000008d200000|  0%| F|  |TAMS 0x000000008d100000| PB 0x000000008d100000| Untracked 
| 120|0x000000008d200000, 0x000000008d200000, 0x000000008d300000|  0%| F|  |TAMS 0x000000008d200000| PB 0x000000008d200000| Untracked 
| 121|0x000000008d300000, 0x000000008d300000, 0x000000008d400000|  0%| F|  |TAMS 0x000000008d300000| PB 0x000000008d300000| Untracked 
| 122|0x000000008d400000, 0x000000008d400000, 0x000000008d500000|  0%| F|  |TAMS 0x000000008d400000| PB 0x000000008d400000| Untracked 
| 123|0x000000008d500000, 0x000000008d500000, 0x000000008d600000|  0%| F|  |TAMS 0x000000008d500000| PB 0x000000008d500000| Untracked 
| 124|0x000000008d600000, 0x000000008d600000, 0x000000008d700000|  0%| F|  |TAMS 0x000000008d600000| PB 0x000000008d600000| Untracked 
| 125|0x000000008d700000, 0x000000008d700000, 0x000000008d800000|  0%| F|  |TAMS 0x000000008d700000| PB 0x000000008d700000| Untracked 
| 126|0x000000008d800000, 0x000000008d800000, 0x000000008d900000|  0%| F|  |TAMS 0x000000008d800000| PB 0x000000008d800000| Untracked 
| 127|0x000000008d900000, 0x000000008d900000, 0x000000008da00000|  0%| F|  |TAMS 0x000000008d900000| PB 0x000000008d900000| Untracked 
| 128|0x000000008da00000, 0x000000008da00000, 0x000000008db00000|  0%| F|  |TAMS 0x000000008da00000| PB 0x000000008da00000| Untracked 
| 129|0x000000008db00000, 0x000000008db00000, 0x000000008dc00000|  0%| F|  |TAMS 0x000000008db00000| PB 0x000000008db00000| Untracked 
| 130|0x000000008dc00000, 0x000000008dc00000, 0x000000008dd00000|  0%| F|  |TAMS 0x000000008dc00000| PB 0x000000008dc00000| Untracked 
| 131|0x000000008dd00000, 0x000000008dd00000, 0x000000008de00000|  0%| F|  |TAMS 0x000000008dd00000| PB 0x000000008dd00000| Untracked 
| 132|0x000000008de00000, 0x000000008de00000, 0x000000008df00000|  0%| F|  |TAMS 0x000000008de00000| PB 0x000000008de00000| Untracked 
| 133|0x000000008df00000, 0x000000008df00000, 0x000000008e000000|  0%| F|  |TAMS 0x000000008df00000| PB 0x000000008df00000| Untracked 
| 134|0x000000008e000000, 0x000000008e000000, 0x000000008e100000|  0%| F|  |TAMS 0x000000008e000000| PB 0x000000008e000000| Untracked 
| 135|0x000000008e100000, 0x000000008e100000, 0x000000008e200000|  0%| F|  |TAMS 0x000000008e100000| PB 0x000000008e100000| Untracked 
| 136|0x000000008e200000, 0x000000008e200000, 0x000000008e300000|  0%| F|  |TAMS 0x000000008e200000| PB 0x000000008e200000| Untracked 
| 137|0x000000008e300000, 0x000000008e300000, 0x000000008e400000|  0%| F|  |TAMS 0x000000008e300000| PB 0x000000008e300000| Untracked 
| 138|0x000000008e400000, 0x000000008e400000, 0x000000008e500000|  0%| F|  |TAMS 0x000000008e400000| PB 0x000000008e400000| Untracked 
| 139|0x000000008e500000, 0x000000008e500000, 0x000000008e600000|  0%| F|  |TAMS 0x000000008e500000| PB 0x000000008e500000| Untracked 
| 140|0x000000008e600000, 0x000000008e600000, 0x000000008e700000|  0%| F|  |TAMS 0x000000008e600000| PB 0x000000008e600000| Untracked 
| 141|0x000000008e700000, 0x000000008e700000, 0x000000008e800000|  0%| F|  |TAMS 0x000000008e700000| PB 0x000000008e700000| Untracked 
| 142|0x000000008e800000, 0x000000008e800000, 0x000000008e900000|  0%| F|  |TAMS 0x000000008e800000| PB 0x000000008e800000| Untracked 
| 143|0x000000008e900000, 0x000000008e900000, 0x000000008ea00000|  0%| F|  |TAMS 0x000000008e900000| PB 0x000000008e900000| Untracked 
| 144|0x000000008ea00000, 0x000000008ea00000, 0x000000008eb00000|  0%| F|  |TAMS 0x000000008ea00000| PB 0x000000008ea00000| Untracked 
| 145|0x000000008eb00000, 0x000000008eb00000, 0x000000008ec00000|  0%| F|  |TAMS 0x000000008eb00000| PB 0x000000008eb00000| Untracked 
| 146|0x000000008ec00000, 0x000000008ec00000, 0x000000008ed00000|  0%| F|  |TAMS 0x000000008ec00000| PB 0x000000008ec00000| Untracked 
| 147|0x000000008ed00000, 0x000000008ed00000, 0x000000008ee00000|  0%| F|  |TAMS 0x000000008ed00000| PB 0x000000008ed00000| Untracked 
| 148|0x000000008ee00000, 0x000000008ee00000, 0x000000008ef00000|  0%| F|  |TAMS 0x000000008ee00000| PB 0x000000008ee00000| Untracked 
| 149|0x000000008ef00000, 0x000000008ef00000, 0x000000008f000000|  0%| F|  |TAMS 0x000000008ef00000| PB 0x000000008ef00000| Untracked 
| 150|0x000000008f000000, 0x000000008f000000, 0x000000008f100000|  0%| F|  |TAMS 0x000000008f000000| PB 0x000000008f000000| Untracked 
| 151|0x000000008f100000, 0x000000008f100000, 0x000000008f200000|  0%| F|  |TAMS 0x000000008f100000| PB 0x000000008f100000| Untracked 
| 152|0x000000008f200000, 0x000000008f200000, 0x000000008f300000|  0%| F|  |TAMS 0x000000008f200000| PB 0x000000008f200000| Untracked 
| 153|0x000000008f300000, 0x000000008f300000, 0x000000008f400000|  0%| F|  |TAMS 0x000000008f300000| PB 0x000000008f300000| Untracked 
| 154|0x000000008f400000, 0x000000008f4a3d70, 0x000000008f500000| 63%| E|  |TAMS 0x000000008f400000| PB 0x000000008f400000| Complete 
| 155|0x000000008f500000, 0x000000008f600000, 0x000000008f600000|100%| E|CS|TAMS 0x000000008f500000| PB 0x000000008f500000| Complete 
| 156|0x000000008f600000, 0x000000008f700000, 0x000000008f700000|100%| E|CS|TAMS 0x000000008f600000| PB 0x000000008f600000| Complete 
| 157|0x000000008f700000, 0x000000008f800000, 0x000000008f800000|100%| E|CS|TAMS 0x000000008f700000| PB 0x000000008f700000| Complete 
| 158|0x000000008f800000, 0x000000008f900000, 0x000000008f900000|100%| E|CS|TAMS 0x000000008f800000| PB 0x000000008f800000| Complete 
| 159|0x000000008f900000, 0x000000008fa00000, 0x000000008fa00000|100%| E|CS|TAMS 0x000000008f900000| PB 0x000000008f900000| Complete 
| 160|0x000000008fa00000, 0x000000008fb00000, 0x000000008fb00000|100%| E|CS|TAMS 0x000000008fa00000| PB 0x000000008fa00000| Complete 
| 161|0x000000008fb00000, 0x000000008fc00000, 0x000000008fc00000|100%| E|CS|TAMS 0x000000008fb00000| PB 0x000000008fb00000| Complete 
| 162|0x000000008fc00000, 0x000000008fd00000, 0x000000008fd00000|100%| E|CS|TAMS 0x000000008fc00000| PB 0x000000008fc00000| Complete 
| 163|0x000000008fd00000, 0x000000008fe00000, 0x000000008fe00000|100%| E|CS|TAMS 0x000000008fd00000| PB 0x000000008fd00000| Complete 
| 164|0x000000008fe00000, 0x000000008ff00000, 0x000000008ff00000|100%| E|CS|TAMS 0x000000008fe00000| PB 0x000000008fe00000| Complete 
| 165|0x000000008ff00000, 0x0000000090000000, 0x0000000090000000|100%| E|CS|TAMS 0x000000008ff00000| PB 0x000000008ff00000| Complete 
| 166|0x0000000090000000, 0x0000000090100000, 0x0000000090100000|100%| E|CS|TAMS 0x0000000090000000| PB 0x0000000090000000| Complete 
| 167|0x0000000090100000, 0x0000000090200000, 0x0000000090200000|100%| E|CS|TAMS 0x0000000090100000| PB 0x0000000090100000| Complete 
| 168|0x0000000090200000, 0x0000000090300000, 0x0000000090300000|100%| E|CS|TAMS 0x0000000090200000| PB 0x0000000090200000| Complete 
| 169|0x0000000090300000, 0x0000000090400000, 0x0000000090400000|100%| E|CS|TAMS 0x0000000090300000| PB 0x0000000090300000| Complete 
| 170|0x0000000090400000, 0x0000000090500000, 0x0000000090500000|100%| E|CS|TAMS 0x0000000090400000| PB 0x0000000090400000| Complete 
| 171|0x0000000090500000, 0x0000000090600000, 0x0000000090600000|100%| E|CS|TAMS 0x0000000090500000| PB 0x0000000090500000| Complete 
|1956|0x00000000ffe00000, 0x00000000fff00000, 0x00000000fff00000|100%| O|  |TAMS 0x00000000ffe00000| PB 0x00000000ffe00000| Untracked 
|1957|0x00000000fff00000, 0x0000000100000000, 0x0000000100000000|100%| O|  |TAMS 0x00000000fff00000| PB 0x00000000fff00000| Untracked 

Card table byte_map: [0x00000276a35b0000,0x00000276a3990000] _byte_map_base: 0x00000276a3183000

Marking Bits: (CMBitMap*) 0x00000276910bf5e0
 Bits: [0x00000276a3990000, 0x00000276a5828000)

Polling page: 0x000002768f040000

Metaspace:

Usage:
  Non-class:     64.54 MB used.
      Class:      7.85 MB used.
       Both:     72.39 MB used.

Virtual space:
  Non-class space:      128.00 MB reserved,      64.75 MB ( 51%) committed,  2 nodes.
      Class space:        1.00 GB reserved,       8.00 MB ( <1%) committed,  1 nodes.
             Both:        1.12 GB reserved,      72.75 MB (  6%) committed. 

Chunk freelists:
   Non-Class:  15.22 MB
       Class:  7.98 MB
        Both:  23.20 MB

MaxMetaspaceSize: unlimited
CompressedClassSpaceSize: 1.00 GB
Initial GC threshold: 21.00 MB
Current GC threshold: 103.06 MB
CDS: off
 - commit_granule_bytes: 65536.
 - commit_granule_words: 8192.
 - virtual_space_node_default_size: 8388608.
 - enlarge_chunks_in_place: 1.
 - use_allocation_guard: 0.


Internal statistics:

num_allocs_failed_limit: 9.
num_arena_births: 374.
num_arena_deaths: 0.
num_vsnodes_births: 3.
num_vsnodes_deaths: 0.
num_space_committed: 1164.
num_space_uncommitted: 0.
num_chunks_returned_to_freelist: 9.
num_chunks_taken_from_freelist: 2684.
num_chunk_merges: 6.
num_chunk_splits: 2228.
num_chunks_enlarged: 1993.
num_inconsistent_stats: 0.

CodeHeap 'non-profiled nmethods': size=120000Kb used=4173Kb max_used=4173Kb free=115827Kb
 bounds [0x000002769bca0000, 0x000002769c0c0000, 0x00000276a31d0000]
CodeHeap 'profiled nmethods': size=120000Kb used=21536Kb max_used=21536Kb free=98463Kb
 bounds [0x00000276941d0000, 0x00000276956e0000, 0x000002769b700000]
CodeHeap 'non-nmethods': size=5760Kb used=1778Kb max_used=1847Kb free=3981Kb
 bounds [0x000002769b700000, 0x000002769b970000, 0x000002769bca0000]
 total_blobs=7772 nmethods=6981 adapters=693
 compilation: enabled
              stopped_count=0, restarted_count=0
 full_count=0

Compilation events (20 events):
Event: 13.194 Thread 0x00000276ac05ee10 nmethod 7595 0x000002769c0aea90 code [0x000002769c0aec20, 0x000002769c0aece8]
Event: 13.194 Thread 0x00000276ac05ee10 7601       3       kotlin.collections.builders.ListBuilder::isEmpty (13 bytes)
Event: 13.194 Thread 0x00000276ac05ee10 nmethod 7601 0x0000027695697e90 code [0x0000027695698020, 0x0000027695698180]
Event: 13.194 Thread 0x00000276ac05ee10 7602       3       org.jetbrains.kotlin.ir.util.SymbolRemapper$Empty::getReferencedConstructor (8 bytes)
Event: 13.195 Thread 0x00000276ac05ee10 nmethod 7602 0x0000027695698210 code [0x0000027695698420, 0x00000276956989a0]
Event: 13.195 Thread 0x00000276ac05ee10 7605       3       org.jetbrains.kotlin.descriptors.DescriptorVisibilities::isPrivate (29 bytes)
Event: 13.195 Thread 0x00000276ac05ee10 nmethod 7605 0x0000027695698c10 code [0x0000027695698dc0, 0x0000027695698fa8]
Event: 13.195 Thread 0x00000276ac05ee10 7608       3       java.lang.invoke.LambdaForm::useCount (61 bytes)
Event: 13.195 Thread 0x00000276ac05ee10 nmethod 7608 0x0000027695699090 code [0x0000027695699260, 0x00000276956995a8]
Event: 13.195 Thread 0x00000276ac05ee10 7596       1       org.jetbrains.kotlin.ir.IrAttribute::getFollowAttributeOwner (5 bytes)
Event: 13.195 Thread 0x00000276ac05ee10 nmethod 7596 0x000002769c0af390 code [0x000002769c0af520, 0x000002769c0af5f0]
Event: 13.195 Thread 0x00000276ac05ee10 7597       1       org.jetbrains.kotlin.backend.common.Mapping::getDefaultArgumentsOriginalFunction (5 bytes)
Event: 13.195 Thread 0x00000276ac05ee10 nmethod 7597 0x000002769c0af690 code [0x000002769c0af820, 0x000002769c0af8e8]
Event: 13.196 Thread 0x00000276ac05ee10 7612       3       java.lang.invoke.LambdaForm::methodType (48 bytes)
Event: 13.196 Thread 0x00000276ac05ee10 nmethod 7612 0x0000027695699790 code [0x0000027695699980, 0x0000027695699f38]
Event: 13.200 Thread 0x00000276ac05ee10 7613       3       org.jetbrains.kotlin.ir.types.impl.IrAbstractSimpleType::equals (64 bytes)
Event: 13.201 Thread 0x00000276ac05ee10 nmethod 7613 0x000002769569a210 code [0x000002769569a420, 0x000002769569ac58]
Event: 13.201 Thread 0x00000276ac05ee10 7614       3       org.jetbrains.kotlin.ir.types.IrSimpleType::getVariance (4 bytes)
Event: 13.201 Thread 0x00000276ac05ee10 nmethod 7614 0x000002769569ae90 code [0x000002769569b020, 0x000002769569b138]
Event: 13.201 Thread 0x00000276ac05ee10 7615       3       kotlin.collections.builders.MapBuilder::put (47 bytes)

GC Heap History (20 events):
Event: 5.646 GC heap before
{Heap before GC invocations=16 (full 0):
 garbage-first heap   total 57344K, used 47189K [0x0000000085a00000, 0x0000000100000000)
  region size 1024K, 17 young (17408K), 3 survivors (3072K)
 Metaspace       used 52138K, committed 52480K, reserved 1114112K
  class space    used 5974K, committed 6144K, reserved 1048576K
}
Event: 5.660 GC heap after
{Heap after GC invocations=17 (full 0):
 garbage-first heap   total 57344K, used 35840K [0x0000000085a00000, 0x0000000100000000)
  region size 1024K, 3 young (3072K), 3 survivors (3072K)
 Metaspace       used 52138K, committed 52480K, reserved 1114112K
  class space    used 5974K, committed 6144K, reserved 1048576K
}
Event: 5.743 GC heap before
{Heap before GC invocations=17 (full 0):
 garbage-first heap   total 57344K, used 38912K [0x0000000085a00000, 0x0000000100000000)
  region size 1024K, 7 young (7168K), 3 survivors (3072K)
 Metaspace       used 52528K, committed 52800K, reserved 1114112K
  class space    used 6030K, committed 6144K, reserved 1048576K
}
Event: 5.751 GC heap after
{Heap after GC invocations=18 (full 0):
 garbage-first heap   total 57344K, used 37267K [0x0000000085a00000, 0x0000000100000000)
  region size 1024K, 2 young (2048K), 2 survivors (2048K)
 Metaspace       used 52528K, committed 52800K, reserved 1114112K
  class space    used 6030K, committed 6144K, reserved 1048576K
}
Event: 5.885 GC heap before
{Heap before GC invocations=18 (full 0):
 garbage-first heap   total 65536K, used 50579K [0x0000000085a00000, 0x0000000100000000)
  region size 1024K, 14 young (14336K), 2 survivors (2048K)
 Metaspace       used 52542K, committed 52800K, reserved 1114112K
  class space    used 6030K, committed 6144K, reserved 1048576K
}
Event: 5.896 GC heap after
{Heap after GC invocations=19 (full 0):
 garbage-first heap   total 65536K, used 42566K [0x0000000085a00000, 0x0000000100000000)
  region size 1024K, 2 young (2048K), 2 survivors (2048K)
 Metaspace       used 52542K, committed 52800K, reserved 1114112K
  class space    used 6030K, committed 6144K, reserved 1048576K
}
Event: 5.980 GC heap before
{Heap before GC invocations=20 (full 0):
 garbage-first heap   total 65536K, used 54854K [0x0000000085a00000, 0x0000000100000000)
  region size 1024K, 15 young (15360K), 2 survivors (2048K)
 Metaspace       used 52568K, committed 52800K, reserved 1114112K
  class space    used 6030K, committed 6144K, reserved 1048576K
}
Event: 5.993 GC heap after
{Heap after GC invocations=21 (full 0):
 garbage-first heap   total 92160K, used 48006K [0x0000000085a00000, 0x0000000100000000)
  region size 1024K, 2 young (2048K), 2 survivors (2048K)
 Metaspace       used 52568K, committed 52800K, reserved 1114112K
  class space    used 6030K, committed 6144K, reserved 1048576K
}
Event: 6.474 GC heap before
{Heap before GC invocations=21 (full 0):
 garbage-first heap   total 92160K, used 73606K [0x0000000085a00000, 0x0000000100000000)
  region size 1024K, 27 young (27648K), 2 survivors (2048K)
 Metaspace       used 55744K, committed 56128K, reserved 1114112K
  class space    used 6377K, committed 6528K, reserved 1048576K
}
Event: 6.489 GC heap after
{Heap after GC invocations=22 (full 0):
 garbage-first heap   total 92160K, used 52601K [0x0000000085a00000, 0x0000000100000000)
  region size 1024K, 4 young (4096K), 4 survivors (4096K)
 Metaspace       used 55744K, committed 56128K, reserved 1114112K
  class space    used 6377K, committed 6528K, reserved 1048576K
}
Event: 8.519 GC heap before
{Heap before GC invocations=22 (full 0):
 garbage-first heap   total 92160K, used 75129K [0x0000000085a00000, 0x0000000100000000)
  region size 1024K, 26 young (26624K), 4 survivors (4096K)
 Metaspace       used 56626K, committed 56960K, reserved 1114112K
  class space    used 6434K, committed 6592K, reserved 1048576K
}
Event: 8.543 GC heap after
{Heap after GC invocations=23 (full 0):
 garbage-first heap   total 92160K, used 58368K [0x0000000085a00000, 0x0000000100000000)
  region size 1024K, 4 young (4096K), 4 survivors (4096K)
 Metaspace       used 56626K, committed 56960K, reserved 1114112K
  class space    used 6434K, committed 6592K, reserved 1048576K
}
Event: 9.078 GC heap before
{Heap before GC invocations=24 (full 0):
 garbage-first heap   total 97280K, used 77824K [0x0000000085a00000, 0x0000000100000000)
  region size 1024K, 23 young (23552K), 4 survivors (4096K)
 Metaspace       used 56896K, committed 57216K, reserved 1114112K
  class space    used 6439K, committed 6592K, reserved 1048576K
}
Event: 9.107 GC heap after
{Heap after GC invocations=25 (full 0):
 garbage-first heap   total 97280K, used 63464K [0x0000000085a00000, 0x0000000100000000)
  region size 1024K, 3 young (3072K), 3 survivors (3072K)
 Metaspace       used 56896K, committed 57216K, reserved 1114112K
  class space    used 6439K, committed 6592K, reserved 1048576K
}
Event: 9.590 GC heap before
{Heap before GC invocations=25 (full 0):
 garbage-first heap   total 97280K, used 81896K [0x0000000085a00000, 0x0000000100000000)
  region size 1024K, 22 young (22528K), 3 survivors (3072K)
 Metaspace       used 60920K, committed 61248K, reserved 1114112K
  class space    used 6799K, committed 6912K, reserved 1048576K
}
Event: 9.607 GC heap after
{Heap after GC invocations=26 (full 0):
 garbage-first heap   total 97280K, used 65024K [0x0000000085a00000, 0x0000000100000000)
  region size 1024K, 2 young (2048K), 2 survivors (2048K)
 Metaspace       used 60920K, committed 61248K, reserved 1114112K
  class space    used 6799K, committed 6912K, reserved 1048576K
}
Event: 10.114 GC heap before
{Heap before GC invocations=26 (full 0):
 garbage-first heap   total 97280K, used 83456K [0x0000000085a00000, 0x0000000100000000)
  region size 1024K, 21 young (21504K), 2 survivors (2048K)
 Metaspace       used 62939K, committed 63232K, reserved 1114112K
  class space    used 7004K, committed 7104K, reserved 1048576K
}
Event: 10.130 GC heap after
{Heap after GC invocations=27 (full 0):
 garbage-first heap   total 178176K, used 68608K [0x0000000085a00000, 0x0000000100000000)
  region size 1024K, 3 young (3072K), 3 survivors (3072K)
 Metaspace       used 62939K, committed 63232K, reserved 1114112K
  class space    used 7004K, committed 7104K, reserved 1048576K
}
Event: 12.488 GC heap before
{Heap before GC invocations=28 (full 0):
 garbage-first heap   total 178176K, used 136192K [0x0000000085a00000, 0x0000000100000000)
  region size 1024K, 70 young (71680K), 3 survivors (3072K)
 Metaspace       used 71416K, committed 71744K, reserved 1114112K
  class space    used 7822K, committed 7936K, reserved 1048576K
}
Event: 12.508 GC heap after
{Heap after GC invocations=29 (full 0):
 garbage-first heap   total 178176K, used 77372K [0x0000000085a00000, 0x0000000100000000)
  region size 1024K, 9 young (9216K), 9 survivors (9216K)
 Metaspace       used 71416K, committed 71744K, reserved 1114112K
  class space    used 7822K, committed 7936K, reserved 1048576K
}

Dll operation events (3 events):
Event: 0.015 Loaded shared library D:\andorid studio\jbr\bin\java.dll
Event: 0.043 Loaded shared library D:\andorid studio\jbr\bin\zip.dll
Event: 2.037 Loaded shared library D:\andorid studio\jbr\bin\verify.dll

Deoptimization events (20 events):
Event: 13.046 Thread 0x000002769106d490 Uncommon trap: trap_request=0xffffff66 fr.pc=0x000002769c09062c relative=0x00000000000000ec
Event: 13.046 Thread 0x000002769106d490 Uncommon trap: reason=speculate_class_check action=maybe_recompile pc=0x000002769c09062c method=org.jetbrains.kotlin.fir.backend.Fir2IrClassifierStorage.getCachedIrLocalClass(Lorg/jetbrains/kotlin/fir/declarations/FirClass;)Lorg/jetbrains/kotlin/ir/declar
Event: 13.046 Thread 0x000002769106d490 DEOPT PACKING pc=0x000002769c09062c sp=0x0000008d6a1fb6a0
Event: 13.046 Thread 0x000002769106d490 DEOPT UNPACKING pc=0x000002769b7546a2 sp=0x0000008d6a1fb618 mode 2
Event: 13.074 Thread 0x000002769106d490 Uncommon trap: trap_request=0xffffffde fr.pc=0x000002769c0147a0 relative=0x0000000000002260
Event: 13.074 Thread 0x000002769106d490 Uncommon trap: reason=class_check action=maybe_recompile pc=0x000002769c0147a0 method=org.jetbrains.kotlin.fir.lazy.Fir2IrLazySimpleFunction.getOverriddenSymbols()Ljava/util/List; @ 15 c2
Event: 13.074 Thread 0x000002769106d490 DEOPT PACKING pc=0x000002769c0147a0 sp=0x0000008d6a1fc530
Event: 13.074 Thread 0x000002769106d490 DEOPT UNPACKING pc=0x000002769b7546a2 sp=0x0000008d6a1fc588 mode 2
Event: 13.074 Thread 0x000002769106d490 Uncommon trap: trap_request=0xffffffde fr.pc=0x000002769c0147a0 relative=0x0000000000002260
Event: 13.074 Thread 0x000002769106d490 Uncommon trap: reason=class_check action=maybe_recompile pc=0x000002769c0147a0 method=org.jetbrains.kotlin.fir.lazy.Fir2IrLazySimpleFunction.getOverriddenSymbols()Ljava/util/List; @ 15 c2
Event: 13.075 Thread 0x000002769106d490 DEOPT PACKING pc=0x000002769c0147a0 sp=0x0000008d6a1fc170
Event: 13.075 Thread 0x000002769106d490 DEOPT UNPACKING pc=0x000002769b7546a2 sp=0x0000008d6a1fc1c8 mode 2
Event: 13.075 Thread 0x000002769106d490 Uncommon trap: trap_request=0xffffffde fr.pc=0x000002769c0147a0 relative=0x0000000000002260
Event: 13.075 Thread 0x000002769106d490 Uncommon trap: reason=class_check action=maybe_recompile pc=0x000002769c0147a0 method=org.jetbrains.kotlin.fir.lazy.Fir2IrLazySimpleFunction.getOverriddenSymbols()Ljava/util/List; @ 15 c2
Event: 13.075 Thread 0x000002769106d490 DEOPT PACKING pc=0x000002769c0147a0 sp=0x0000008d6a1fc530
Event: 13.075 Thread 0x000002769106d490 DEOPT UNPACKING pc=0x000002769b7546a2 sp=0x0000008d6a1fc588 mode 2
Event: 13.075 Thread 0x000002769106d490 Uncommon trap: trap_request=0xffffffde fr.pc=0x000002769c0147a0 relative=0x0000000000002260
Event: 13.075 Thread 0x000002769106d490 Uncommon trap: reason=class_check action=maybe_recompile pc=0x000002769c0147a0 method=org.jetbrains.kotlin.fir.lazy.Fir2IrLazySimpleFunction.getOverriddenSymbols()Ljava/util/List; @ 15 c2
Event: 13.075 Thread 0x000002769106d490 DEOPT PACKING pc=0x000002769c0147a0 sp=0x0000008d6a1fc530
Event: 13.075 Thread 0x000002769106d490 DEOPT UNPACKING pc=0x000002769b7546a2 sp=0x0000008d6a1fc588 mode 2

Classes loaded (20 events):
Event: 10.630 Loading class java/lang/Short$ShortCache
Event: 10.631 Loading class java/lang/Short$ShortCache done
Event: 10.946 Loading class java/util/regex/Pattern$StartS
Event: 10.946 Loading class java/util/regex/Pattern$StartS done
Event: 11.076 Loading class java/util/Formatter
Event: 11.077 Loading class java/util/Formatter done
Event: 11.077 Loading class java/util/Formatter$FixedString
Event: 11.078 Loading class java/util/Formatter$FormatString
Event: 11.078 Loading class java/util/Formatter$FormatString done
Event: 11.078 Loading class java/util/Formatter$FixedString done
Event: 11.078 Loading class java/util/Formatter$Conversion
Event: 11.078 Loading class java/util/Formatter$Conversion done
Event: 11.078 Loading class java/util/Formatter$FormatSpecifier
Event: 11.079 Loading class java/util/Formatter$FormatSpecifier done
Event: 11.079 Loading class java/util/Formattable
Event: 11.079 Loading class java/util/Formattable done
Event: 11.079 Loading class java/util/Formatter$Flags
Event: 11.079 Loading class java/util/Formatter$Flags done
Event: 12.279 Loading class java/util/Collections$SynchronizedMap
Event: 12.279 Loading class java/util/Collections$SynchronizedMap done

Classes unloaded (0 events):
No events

Classes redefined (0 events):
No events

Internal exceptions (20 events):
Event: 7.164 Thread 0x000002769106d490 Exception <a 'java/lang/NoSuchMethodError'{0x000000008aad00a0}: 'java.lang.Object java.lang.invoke.Invokers$Holder.linkToTargetMethod(java.lang.Object, int, java.lang.Object, java.lang.Object, java.lang.Object, java.lang.Object)'> (0x000000008aad00a0) 
thrown [s\src\hotspot\share\interpreter\linkResolver.cpp, line 784]
Event: 9.322 Thread 0x000002769106d490 Implicit null exception at 0x000002769bcd5b20 to 0x000002769bcd60e8
Event: 9.325 Thread 0x000002769106d490 Implicit null exception at 0x000002769bcd4820 to 0x000002769bcd4dd8
Event: 9.631 Thread 0x000002769106d490 Exception <a 'java/lang/NoSuchMethodError'{0x000000008d5d93d8}: 'java.lang.Object java.lang.invoke.DirectMethodHandle$Holder.newInvokeSpecial(java.lang.Object, java.lang.Object, java.lang.Object, java.lang.Object, java.lang.Object, java.lang.Object, java.lang.Object, java.lang.Object, int)'> (0x000000008d5d93d8) 
thrown [s\src\hotspot\share\interpreter\linkResolver.cpp, line 784]
Event: 9.632 Thread 0x000002769106d490 Exception <a 'java/lang/NoSuchMethodError'{0x000000008d5de1c8}: 'java.lang.Object java.lang.invoke.DirectMethodHandle$Holder.invokeSpecial(java.lang.Object, java.lang.Object, java.lang.Object, java.lang.Object, java.lang.Object, java.lang.Object, java.lang.Object, java.lang.Object, java.lang.Object, int)'> (0x000000008d5de1c8) 
thrown [s\src\hotspot\share\interpreter\linkResolver.cpp, line 784]
Event: 9.685 Thread 0x000002769106d490 Exception <a 'java/lang/NoSuchMethodError'{0x000000008c96c950}: 'java.lang.Object java.lang.invoke.DirectMethodHandle$Holder.invokeStatic(java.lang.Object, java.lang.Object, int, int)'> (0x000000008c96c950) 
thrown [s\src\hotspot\share\interpreter\linkResolver.cpp, line 784]
Event: 9.685 Thread 0x000002769106d490 Exception <a 'java/lang/NoSuchMethodError'{0x000000008c973408}: 'java.lang.Object java.lang.invoke.DirectMethodHandle$Holder.newInvokeSpecial(java.lang.Object, java.lang.Object, int, int)'> (0x000000008c973408) 
thrown [s\src\hotspot\share\interpreter\linkResolver.cpp, line 784]
Event: 9.686 Thread 0x000002769106d490 Exception <a 'java/lang/NoSuchMethodError'{0x000000008c977848}: 'java.lang.Object java.lang.invoke.DirectMethodHandle$Holder.invokeSpecial(java.lang.Object, java.lang.Object, java.lang.Object, int, int)'> (0x000000008c977848) 
thrown [s\src\hotspot\share\interpreter\linkResolver.cpp, line 784]
Event: 9.687 Thread 0x000002769106d490 Exception <a 'java/lang/NoSuchMethodError'{0x000000008c97b648}: 'java.lang.Object java.lang.invoke.Invokers$Holder.linkToTargetMethod(java.lang.Object, int, int, java.lang.Object)'> (0x000000008c97b648) 
thrown [s\src\hotspot\share\interpreter\linkResolver.cpp, line 784]
Event: 10.967 Thread 0x000002769106d490 Exception <a 'java/lang/NoSuchMethodError'{0x000000008eb249f0}: 'java.lang.Object java.lang.invoke.DirectMethodHandle$Holder.invokeStatic(java.lang.Object, java.lang.Object, int, java.lang.Object, java.lang.Object)'> (0x000000008eb249f0) 
thrown [s\src\hotspot\share\interpreter\linkResolver.cpp, line 784]
Event: 10.968 Thread 0x000002769106d490 Exception <a 'java/lang/NoSuchMethodError'{0x000000008eb2c1a8}: 'java.lang.Object java.lang.invoke.DirectMethodHandle$Holder.newInvokeSpecial(java.lang.Object, java.lang.Object, int, java.lang.Object, java.lang.Object)'> (0x000000008eb2c1a8) 
thrown [s\src\hotspot\share\interpreter\linkResolver.cpp, line 784]
Event: 10.969 Thread 0x000002769106d490 Exception <a 'java/lang/NoSuchMethodError'{0x000000008eb30758}: 'java.lang.Object java.lang.invoke.DirectMethodHandle$Holder.invokeSpecial(java.lang.Object, java.lang.Object, java.lang.Object, int, java.lang.Object, java.lang.Object)'> (0x000000008eb30758) 
thrown [s\src\hotspot\share\interpreter\linkResolver.cpp, line 784]
Event: 10.969 Thread 0x000002769106d490 Exception <a 'java/lang/NoSuchMethodError'{0x000000008eb34250}: 'java.lang.Object java.lang.invoke.Invokers$Holder.linkToTargetMethod(java.lang.Object, int, java.lang.Object, java.lang.Object, java.lang.Object)'> (0x000000008eb34250) 
thrown [s\src\hotspot\share\interpreter\linkResolver.cpp, line 784]
Event: 11.503 Thread 0x000002769106d490 Exception <a 'java/lang/NoSuchMethodError'{0x000000008d8dd390}: 'java.lang.Object java.lang.invoke.DirectMethodHandle$Holder.newInvokeSpecial(java.lang.Object, java.lang.Object, java.lang.Object, java.lang.Object, java.lang.Object, java.lang.Object, int)'> (0x000000008d8dd390) 
thrown [s\src\hotspot\share\interpreter\linkResolver.cpp, line 784]
Event: 11.504 Thread 0x000002769106d490 Exception <a 'java/lang/NoSuchMethodError'{0x000000008d8e1d68}: 'java.lang.Object java.lang.invoke.DirectMethodHandle$Holder.invokeSpecial(java.lang.Object, java.lang.Object, java.lang.Object, java.lang.Object, java.lang.Object, java.lang.Object, java.lang.Object, int)'> (0x000000008d8e1d68) 
thrown [s\src\hotspot\share\interpreter\linkResolver.cpp, line 784]
Event: 11.768 Thread 0x000002769106d490 Exception <a 'java/lang/NoSuchMethodError'{0x000000008d041be0}: 'java.lang.Object java.lang.invoke.DirectMethodHandle$Holder.invokeStatic(java.lang.Object, java.lang.Object, java.lang.Object, java.lang.Object, java.lang.Object, int, java.lang.Object, java.lang.Object)'> (0x000000008d041be0) 
thrown [s\src\hotspot\share\interpreter\linkResolver.cpp, line 784]
Event: 12.074 Thread 0x000002769106d490 Exception <a 'java/lang/NoSuchMethodError'{0x000000008cfe6fc0}: 'java.lang.Object java.lang.invoke.DirectMethodHandle$Holder.newInvokeSpecial(java.lang.Object, int, java.lang.Object, java.lang.Object, java.lang.Object)'> (0x000000008cfe6fc0) 
thrown [s\src\hotspot\share\interpreter\linkResolver.cpp, line 784]
Event: 12.074 Thread 0x000002769106d490 Exception <a 'java/lang/NoSuchMethodError'{0x000000008cfeb1c8}: 'java.lang.Object java.lang.invoke.DirectMethodHandle$Holder.invokeSpecial(java.lang.Object, java.lang.Object, int, java.lang.Object, java.lang.Object, java.lang.Object)'> (0x000000008cfeb1c8) 
thrown [s\src\hotspot\share\interpreter\linkResolver.cpp, line 784]
Event: 12.075 Thread 0x000002769106d490 Exception <a 'java/lang/NoSuchMethodError'{0x000000008cfeea00}: 'java.lang.Object java.lang.invoke.Invokers$Holder.linkToTargetMethod(int, java.lang.Object, java.lang.Object, java.lang.Object, java.lang.Object)'> (0x000000008cfeea00) 
thrown [s\src\hotspot\share\interpreter\linkResolver.cpp, line 784]
Event: 12.360 Thread 0x000002769106d490 Exception <a 'java/lang/NoSuchMethodError'{0x000000008c66ea68}: 'java.lang.Object java.lang.invoke.DirectMethodHandle$Holder.newInvokeSpecial(java.lang.Object, int, java.lang.Object, int)'> (0x000000008c66ea68) 
thrown [s\src\hotspot\share\interpreter\linkResolver.cpp, line 784]

ZGC Phase Switch (0 events):
No events

VM Operations (20 events):
Event: 11.977 Executing VM operation: ICBufferFull
Event: 11.978 Executing VM operation: ICBufferFull done
Event: 12.166 Executing VM operation: HandshakeAllThreads (Deoptimize)
Event: 12.167 Executing VM operation: HandshakeAllThreads (Deoptimize) done
Event: 12.384 Executing VM operation: HandshakeAllThreads (Deoptimize)
Event: 12.384 Executing VM operation: HandshakeAllThreads (Deoptimize) done
Event: 12.385 Executing VM operation: HandshakeAllThreads (Deoptimize)
Event: 12.385 Executing VM operation: HandshakeAllThreads (Deoptimize) done
Event: 12.465 Executing VM operation: HandshakeAllThreads (Deoptimize)
Event: 12.465 Executing VM operation: HandshakeAllThreads (Deoptimize) done
Event: 12.479 Executing VM operation: HandshakeAllThreads (Deoptimize)
Event: 12.479 Executing VM operation: HandshakeAllThreads (Deoptimize) done
Event: 12.487 Executing VM operation: G1CollectForAllocation (G1 Evacuation Pause)
Event: 12.509 Executing VM operation: G1CollectForAllocation (G1 Evacuation Pause) done
Event: 12.835 Executing VM operation: ICBufferFull
Event: 12.835 Executing VM operation: ICBufferFull done
Event: 12.841 Executing VM operation: HandshakeAllThreads (Deoptimize)
Event: 12.841 Executing VM operation: HandshakeAllThreads (Deoptimize) done
Event: 13.115 Executing VM operation: ICBufferFull
Event: 13.115 Executing VM operation: ICBufferFull done

Memory protections (0 events):
No events

Nmethod flushes (20 events):
Event: 10.333 Thread 0x00000276a7d39af0 flushing  nmethod 0x0000027694719390
Event: 10.333 Thread 0x00000276a7d39af0 flushing  nmethod 0x000002769474ee90
Event: 10.333 Thread 0x00000276a7d39af0 flushing  nmethod 0x000002769476a610
Event: 10.333 Thread 0x00000276a7d39af0 flushing  nmethod 0x000002769477e710
Event: 10.333 Thread 0x00000276a7d39af0 flushing  nmethod 0x00000276947ac990
Event: 10.333 Thread 0x00000276a7d39af0 flushing  nmethod 0x00000276947b4a90
Event: 10.333 Thread 0x00000276a7d39af0 flushing  nmethod 0x00000276947f3d90
Event: 10.333 Thread 0x00000276a7d39af0 flushing  nmethod 0x0000027694846510
Event: 10.333 Thread 0x00000276a7d39af0 flushing  nmethod 0x0000027694851710
Event: 10.333 Thread 0x00000276a7d39af0 flushing  nmethod 0x0000027694851d10
Event: 10.333 Thread 0x00000276a7d39af0 flushing  nmethod 0x00000276948b9410
Event: 10.333 Thread 0x00000276a7d39af0 flushing  nmethod 0x00000276948d6690
Event: 10.333 Thread 0x00000276a7d39af0 flushing  nmethod 0x00000276948d6c90
Event: 10.333 Thread 0x00000276a7d39af0 flushing  nmethod 0x000002769490b410
Event: 10.333 Thread 0x00000276a7d39af0 flushing  nmethod 0x000002769490bc10
Event: 10.333 Thread 0x00000276a7d39af0 flushing  nmethod 0x00000276949dee90
Event: 10.333 Thread 0x00000276a7d39af0 flushing  nmethod 0x0000027694a35a90
Event: 10.333 Thread 0x00000276a7d39af0 flushing  nmethod 0x0000027694a53d90
Event: 10.333 Thread 0x00000276a7d39af0 flushing  nmethod 0x0000027694aca810
Event: 10.333 Thread 0x00000276a7d39af0 flushing  nmethod 0x0000027694adf210

Events (20 events):
Event: 0.167 Thread 0x000002769106d490 Thread added: 0x00000276ac0396b0
Event: 0.169 Thread 0x000002769106d490 Thread added: 0x00000276ac059f00
Event: 0.169 Thread 0x000002769106d490 Thread added: 0x00000276ac05ad60
Event: 0.169 Thread 0x000002769106d490 Thread added: 0x00000276ac05b7b0
Event: 0.169 Thread 0x000002769106d490 Thread added: 0x00000276ac046670
Event: 0.169 Thread 0x000002769106d490 Thread added: 0x00000276ac049010
Event: 0.169 Thread 0x000002769106d490 Thread added: 0x00000276ac05ee10
Event: 0.270 Thread 0x000002769106d490 Thread added: 0x00000276ac2040e0
Event: 0.281 Thread 0x000002769106d490 Thread added: 0x00000276ac20bd40
Event: 0.295 Loaded shared library D:\andorid studio\jbr\bin\net.dll
Event: 0.301 Loaded shared library D:\andorid studio\jbr\bin\nio.dll
Event: 0.336 Thread 0x00000276ac049010 Thread added: 0x00000276ac28c660
Event: 0.353 Loaded shared library D:\andorid studio\jbr\bin\zip.dll
Event: 0.442 Loaded shared library D:\andorid studio\jbr\bin\jimage.dll
Event: 0.965 Thread 0x00000276ac28c660 Thread exited: 0x00000276ac28c660
Event: 2.098 Thread 0x00000276ac05ee10 Thread added: 0x00000276ad048460
Event: 3.297 Thread 0x00000276ad048460 Thread exited: 0x00000276ad048460
Event: 3.876 Thread 0x00000276ac05ee10 Thread added: 0x00000276af9d6b20
Event: 6.805 Thread 0x00000276af9d6b20 Thread exited: 0x00000276af9d6b20
Event: 8.492 Thread 0x00000276ac05ee10 Thread added: 0x00000276b044a830


Dynamic libraries:
0x00007ff7f3e90000 - 0x00007ff7f3e9a000 	D:\andorid studio\jbr\bin\java.exe
0x00007fff629f0000 - 0x00007fff62be8000 	C:\Windows\SYSTEM32\ntdll.dll
0x00007fff61950000 - 0x00007fff61a12000 	C:\Windows\System32\KERNEL32.DLL
0x00007fff60180000 - 0x00007fff60476000 	C:\Windows\System32\KERNELBASE.dll
0x00007fff60080000 - 0x00007fff60180000 	C:\Windows\System32\ucrtbase.dll
0x00007fff596b0000 - 0x00007fff596c8000 	D:\andorid studio\jbr\bin\jli.dll
0x00007fff32de0000 - 0x00007fff32dfb000 	D:\andorid studio\jbr\bin\VCRUNTIME140.dll
0x00007fff61260000 - 0x00007fff613fd000 	C:\Windows\System32\USER32.dll
0x00007fff490e0000 - 0x00007fff4937a000 	C:\Windows\WinSxS\amd64_microsoft.windows.common-controls_6595b64144ccf1df_6.0.19041.5915_none_60b4b9d171f9c7c7\COMCTL32.dll
0x00007fff60960000 - 0x00007fff60982000 	C:\Windows\System32\win32u.dll
0x00007fff60ef0000 - 0x00007fff60f8e000 	C:\Windows\System32\msvcrt.dll
0x00007fff62980000 - 0x00007fff629ab000 	C:\Windows\System32\GDI32.dll
0x00007fff60660000 - 0x00007fff60779000 	C:\Windows\System32\gdi32full.dll
0x00007fff605c0000 - 0x00007fff6065d000 	C:\Windows\System32\msvcp_win.dll
0x00007fff60f90000 - 0x00007fff60fbf000 	C:\Windows\System32\IMM32.DLL
0x00007fff4d5b0000 - 0x00007fff4d5bc000 	D:\andorid studio\jbr\bin\vcruntime140_1.dll
0x00007fff4b3e0000 - 0x00007fff4b46d000 	D:\andorid studio\jbr\bin\msvcp140.dll
0x00007ffedf6a0000 - 0x00007ffee032b000 	D:\andorid studio\jbr\bin\server\jvm.dll
0x00007fff60fc0000 - 0x00007fff61071000 	C:\Windows\System32\ADVAPI32.dll
0x00007fff61400000 - 0x00007fff6149f000 	C:\Windows\System32\sechost.dll
0x00007fff62450000 - 0x00007fff62573000 	C:\Windows\System32\RPCRT4.dll
0x00007fff60990000 - 0x00007fff609b7000 	C:\Windows\System32\bcrypt.dll
0x00007fff61c70000 - 0x00007fff61cdb000 	C:\Windows\System32\WS2_32.dll
0x00007fff5fc10000 - 0x00007fff5fc5b000 	C:\Windows\SYSTEM32\POWRPROF.dll
0x00007fff4cb50000 - 0x00007fff4cb77000 	C:\Windows\SYSTEM32\WINMM.dll
0x00007fff5d350000 - 0x00007fff5d35a000 	C:\Windows\SYSTEM32\VERSION.dll
0x00007fff5fbd0000 - 0x00007fff5fbe2000 	C:\Windows\SYSTEM32\UMPDC.dll
0x00007fff5e8a0000 - 0x00007fff5e8b2000 	C:\Windows\SYSTEM32\kernel.appcore.dll
0x00007fff47570000 - 0x00007fff4757a000 	D:\andorid studio\jbr\bin\jimage.dll
0x00007fff5ddc0000 - 0x00007fff5dfc1000 	C:\Windows\SYSTEM32\DBGHELP.DLL
0x00007fff332d0000 - 0x00007fff33304000 	C:\Windows\SYSTEM32\dbgcore.DLL
0x00007fff60480000 - 0x00007fff60502000 	C:\Windows\System32\bcryptPrimitives.dll
0x00007fff32950000 - 0x00007fff32970000 	D:\andorid studio\jbr\bin\java.dll
0x00007fff31d80000 - 0x00007fff31d98000 	D:\andorid studio\jbr\bin\zip.dll
0x00007fff61ce0000 - 0x00007fff6244e000 	C:\Windows\System32\SHELL32.dll
0x00007fff5e0e0000 - 0x00007fff5e884000 	C:\Windows\SYSTEM32\windows.storage.dll
0x00007fff62590000 - 0x00007fff628e3000 	C:\Windows\System32\combase.dll
0x00007fff5fa40000 - 0x00007fff5fa6b000 	C:\Windows\SYSTEM32\Wldp.dll
0x00007fff61080000 - 0x00007fff6114d000 	C:\Windows\System32\OLEAUT32.dll
0x00007fff617e0000 - 0x00007fff6188d000 	C:\Windows\System32\SHCORE.dll
0x00007fff60e80000 - 0x00007fff60edb000 	C:\Windows\System32\shlwapi.dll
0x00007fff5ffb0000 - 0x00007fff5ffd4000 	C:\Windows\SYSTEM32\profapi.dll
0x00007fff46000000 - 0x00007fff46010000 	D:\andorid studio\jbr\bin\net.dll
0x00007fff5d240000 - 0x00007fff5d34a000 	C:\Windows\SYSTEM32\WINHTTP.dll
0x00007fff5f740000 - 0x00007fff5f7aa000 	C:\Windows\system32\mswsock.dll
0x00007fff2ce90000 - 0x00007fff2cea6000 	D:\andorid studio\jbr\bin\nio.dll
0x00007fff58dd0000 - 0x00007fff58de0000 	D:\andorid studio\jbr\bin\verify.dll

dbghelp: loaded successfully - version: 4.0.5 - missing functions: none
symbol engine: initialized successfully - sym options: 0x614 - pdb path: .;D:\andorid studio\jbr\bin;C:\Windows\SYSTEM32;C:\Windows\WinSxS\amd64_microsoft.windows.common-controls_6595b64144ccf1df_6.0.19041.5915_none_60b4b9d171f9c7c7;D:\andorid studio\jbr\bin\server

VM Arguments:
java_command: org.jetbrains.kotlin.cli.jvm.K2JVMCompiler @D:\WhatsApp_Status_Saver_App\app\build\20250729_6849970506517649452.compiler.options
java_class_path (initial): C:\Users\dell\.gradle\caches\modules-2\files-2.1\org.jetbrains.kotlin\kotlin-compiler-embeddable\2.0.21\79346ed53db48b18312a472602eb5c057070c54d\kotlin-compiler-embeddable-2.0.21.jar;C:\Users\dell\.gradle\caches\modules-2\files-2.1\org.jetbrains.kotlin\kotlin-stdlib\2.0.21\618b539767b4899b4660a83006e052b63f1db551\kotlin-stdlib-2.0.21.jar;C:\Users\dell\.gradle\caches\modules-2\files-2.1\org.jetbrains.kotlin\kotlin-script-runtime\2.0.21\c9b044380ad41f89aa89aa896c2d32a8c0b2129d\kotlin-script-runtime-2.0.21.jar;C:\Users\dell\.gradle\caches\modules-2\files-2.1\org.jetbrains.kotlin\kotlin-reflect\1.6.10\1cbe9c92c12a94eea200d23c2bbaedaf3daf5132\kotlin-reflect-1.6.10.jar;C:\Users\dell\.gradle\caches\modules-2\files-2.1\org.jetbrains.kotlin\kotlin-daemon-embeddable\2.0.21\c9e933b23287de9b5a17e2116b4657bb91aea72c\kotlin-daemon-embeddable-2.0.21.jar;C:\Users\dell\.gradle\caches\modules-2\files-2.1\org.jetbrains.intellij.deps\trove4j\1.0.20200330\3afb14d5f9ceb459d724e907a21145e8ff394f02\trove4j-1.0.20200330.jar;C:\Users\dell\.gradle\caches\modules-2\files-2.1\org.jetbrains.kotlinx\kotlinx-coroutines-core-jvm\1.6.4\2c997cd1c0ef33f3e751d3831929aeff1390cb30\kotlinx-coroutines-core-jvm-1.6.4.jar;C:\Users\dell\.gradle\caches\modules-2\files-2.1\org.jetbrains\annotations\13.0\919f0dfe192fb4e063e7dacadee7f8bb9a2672a9\annotations-13.0.jar
Launcher Type: SUN_STANDARD

[Global flags]
     intx CICompilerCount                          = 3                                         {product} {ergonomic}
     uint ConcGCThreads                            = 1                                         {product} {ergonomic}
     uint G1ConcRefinementThreads                  = 4                                         {product} {ergonomic}
   size_t G1HeapRegionSize                         = 1048576                                   {product} {ergonomic}
    uintx GCDrainStackTargetSize                   = 64                                        {product} {ergonomic}
   size_t InitialHeapSize                          = 130023424                                 {product} {ergonomic}
   size_t MarkStackSize                            = 4194304                                   {product} {ergonomic}
   size_t MaxHeapSize                              = 2053111808                                {product} {ergonomic}
   size_t MaxNewSize                               = 1231028224                                {product} {ergonomic}
   size_t MinHeapDeltaBytes                        = 1048576                                   {product} {ergonomic}
   size_t MinHeapSize                              = 8388608                                   {product} {ergonomic}
    uintx NonNMethodCodeHeapSize                   = 5832780                                {pd product} {ergonomic}
    uintx NonProfiledCodeHeapSize                  = 122912730                              {pd product} {ergonomic}
    uintx ProfiledCodeHeapSize                     = 122912730                              {pd product} {ergonomic}
    uintx ReservedCodeCacheSize                    = 251658240                              {pd product} {ergonomic}
     bool SegmentedCodeCache                       = true                                      {product} {ergonomic}
   size_t SoftMaxHeapSize                          = 2053111808                             {manageable} {ergonomic}
     bool UseCompressedOops                        = true                           {product lp64_product} {ergonomic}
     bool UseG1GC                                  = true                                      {product} {ergonomic}
     bool UseLargePagesIndividualAllocation        = false                                  {pd product} {ergonomic}

Logging:
Log output configuration:
 #0: stdout all=warning uptime,level,tags foldmultilines=false
 #1: stderr all=off uptime,level,tags foldmultilines=false

Environment Variables:
PATH=C:\Windows\system32;C:\Windows;C:\Windows\System32\Wbem;C:\Windows\System32\WindowsPowerShell\v1.0\;C:\Windows\System32\OpenSSH\;C:\Program Files\dotnet\;C:\Program Files (x86)\dotnet\;C:\Program Files\Git\cmd;C:\Users\dell\AppData\Local\Microsoft\WindowsApps;
USERNAME=dell
OS=Windows_NT
PROCESSOR_IDENTIFIER=Intel64 Family 6 Model 78 Stepping 3, GenuineIntel
TMP=C:\Users\dell\AppData\Local\Temp
TEMP=C:\Users\dell\AppData\Local\Temp




Periodic native trim disabled

JNI global refs:
JNI global refs: 11, weak refs: 2

JNI global refs memory usage: 835, weak refs: 833

Process memory usage:
Resident Set Size: 392044K (4% of 8016736K total physical memory with 451184K free physical memory)

OOME stack traces (most recent first):
Classloader memory used:
Loader jdk.internal.loader.ClassLoaders$AppClassLoader                                 : 61193K
Loader bootstrap                                                                       : 11007K
Loader java.net.URLClassLoader                                                         : 1992K

---------------  S Y S T E M  ---------------

OS:
 Windows 10 , 64 bit Build 19041 (10.0.19041.5915)
OS uptime: 0 days 18:56 hours

CPU: total 4 (initial active 4) (2 cores per cpu, 2 threads per core) family 6 model 78 stepping 3 microcode 0xec, cx8, cmov, fxsr, ht, mmx, 3dnowpref, sse, sse2, sse3, ssse3, sse4.1, sse4.2, popcnt, lzcnt, tsc, tscinvbit, avx, avx2, aes, erms, clmul, bmi1, bmi2, rtm, adx, fma, vzeroupper, clflush, clflushopt, rdtscp, f16c
Processor Information for the first 4 processors :
  Max Mhz: 2496, Current Mhz: 2396, Mhz Limit: 2396

Memory: 4k page, system-wide physical 7828M (438M free)
TotalPageFile size 18992M (AvailPageFile size 4M)
current process WorkingSet (physical memory assigned to process): 383M, peak: 384M
current process commit charge ("private bytes"): 410M, peak: 412M

vm_info: OpenJDK 64-Bit Server VM (21.0.6+-13368085-b895.109) for windows-amd64 JRE (21.0.6+-13368085-b895.109), built on 2025-04-16T17:01:31Z by "builder" with MS VC++ 16.10 / 16.11 (VS2019)

END.
