#
# There is insufficient memory for the Java Runtime Environment to continue.
# Native memory allocation (malloc) failed to allocate 925936 bytes. Error detail: Chunk::new
# Possible reasons:
#   The system is out of physical RAM or swap space
#   This process is running with CompressedOops enabled, and the Java Heap may be blocking the growth of the native heap
# Possible solutions:
#   Reduce memory load on the system
#   Increase physical memory or swap space
#   Check if swap backing store is full
#   Decrease Java heap size (-Xmx/-Xms)
#   Decrease number of Java threads
#   Decrease Java thread stack sizes (-Xss)
#   Set larger code cache with -XX:ReservedCodeCacheSize=
#   JVM is running with Unscaled Compressed Oops mode in which the Java heap is
#     placed in the first 4GB address space. The Java Heap base address is the
#     maximum limit for the native heap growth. Please use -XX:HeapBaseMinAddress
#     to set the Java Heap base and to place the Java Heap above 4GB virtual address.
# This output file may be truncated or incomplete.
#
#  Out of Memory Error (arena.cpp:168), pid=8468, tid=13576
#
# JRE version: OpenJDK Runtime Environment (21.0.6) (build 21.0.6+-13368085-b895.109)
# Java VM: OpenJDK 64-Bit Server VM (21.0.6+-13368085-b895.109, mixed mode, tiered, compressed oops, compressed class ptrs, g1 gc, windows-amd64)
# No core dump will be written. Minidumps are not enabled by default on client versions of Windows
#

---------------  S U M M A R Y ------------

Command Line: --add-opens=java.base/java.lang=ALL-UNNAMED --add-opens=java.base/java.lang.invoke=ALL-UNNAMED --add-opens=java.base/java.util=ALL-UNNAMED --add-opens=java.prefs/java.util.prefs=ALL-UNNAMED --add-exports=jdk.compiler/com.sun.tools.javac.api=ALL-UNNAMED --add-exports=jdk.compiler/com.sun.tools.javac.util=ALL-UNNAMED --add-opens=java.base/java.util=ALL-UNNAMED --add-opens=java.prefs/java.util.prefs=ALL-UNNAMED --add-opens=java.base/java.nio.charset=ALL-UNNAMED --add-opens=java.base/java.net=ALL-UNNAMED --add-opens=java.base/java.util.concurrent.atomic=ALL-UNNAMED --add-opens=java.xml/javax.xml.namespace=ALL-UNNAMED -Xmx2048m -Dfile.encoding=UTF-8 -Duser.country=US -Duser.language=en -Duser.variant -javaagent:C:\Users\dell\.gradle\wrapper\dists\gradle-8.11.1-bin\bpt9gzteqjrbo1mjrsomdt32c\gradle-8.11.1\lib\agents\gradle-instrumentation-agent-8.11.1.jar org.gradle.launcher.daemon.bootstrap.GradleDaemon 8.11.1

Host: Intel(R) Core(TM) i5-6300U CPU @ 2.40GHz, 4 cores, 7G,  Windows 10 , 64 bit Build 19041 (10.0.19041.5915)
Time: Thu Jul 31 14:24:34 2025 Pakistan Standard Time elapsed time: 17.907127 seconds (0d 0h 0m 17s)

---------------  T H R E A D  ---------------

Current thread (0x0000023758195d20):  JavaThread "C2 CompilerThread0" daemon [_thread_in_native, id=13576, stack(0x000000f8b0c00000,0x000000f8b0d00000) (1024K)]


Current CompileTask:
C2:17907 5593       4       java.util.regex.Pattern::compile (537 bytes)

Stack: [0x000000f8b0c00000,0x000000f8b0d00000]
Native frames: (J=compiled Java code, j=interpreted, Vv=VM code, C=native code)
V  [jvm.dll+0x6d0639]
V  [jvm.dll+0x85eb03]
V  [jvm.dll+0x86105e]
V  [jvm.dll+0x861743]
V  [jvm.dll+0x27e6e6]
V  [jvm.dll+0xbff6d]
V  [jvm.dll+0xc04a3]
V  [jvm.dll+0x3b6171]
V  [jvm.dll+0x3820c7]
V  [jvm.dll+0x38153a]
V  [jvm.dll+0x247c82]
V  [jvm.dll+0x247251]
V  [jvm.dll+0x1c5f04]
V  [jvm.dll+0x2569ac]
V  [jvm.dll+0x254ef6]
V  [jvm.dll+0x3f0e96]
V  [jvm.dll+0x806ed8]
V  [jvm.dll+0x6cef0d]
C  [ucrtbase.dll+0x21bb2]
C  [KERNEL32.DLL+0x17374]
C  [ntdll.dll+0x4cc91]


---------------  P R O C E S S  ---------------

Threads class SMR info:
_java_thread_list=0x000002375e9ed690, length=33, elements={
0x000002374114e900, 0x00000237581105f0, 0x00000237581401a0, 0x0000023758140800,
0x0000023758140e60, 0x00000237581414c0, 0x0000023758184630, 0x0000023758195d20,
0x00000237581963c0, 0x000002375827b330, 0x00000237583fcc70, 0x000002375e155660,
0x000002375d267610, 0x000002375d49e110, 0x000002375d49f8e0, 0x000002375d7225d0,
0x00000237585aabe0, 0x000002375d1d0960, 0x000002375e0f90b0, 0x000002375d67bac0,
0x000002375d67c7e0, 0x000002375d67ce70, 0x000002375d67c150, 0x000002375d67e220,
0x000002375d67d500, 0x000002375d67e8b0, 0x000002375d67b430, 0x000002375d67db90,
0x000002375e749f80, 0x000002375e74aca0, 0x000002375e7515a0, 0x000002375e74b330,
0x000002375e1b3c50
}

Java Threads: ( => current thread )
  0x000002374114e900 JavaThread "main"                              [_thread_blocked, id=17252, stack(0x000000f8afe00000,0x000000f8aff00000) (1024K)]
  0x00000237581105f0 JavaThread "Reference Handler"          daemon [_thread_blocked, id=12388, stack(0x000000f8b0600000,0x000000f8b0700000) (1024K)]
  0x00000237581401a0 JavaThread "Finalizer"                  daemon [_thread_blocked, id=8536, stack(0x000000f8b0700000,0x000000f8b0800000) (1024K)]
  0x0000023758140800 JavaThread "Signal Dispatcher"          daemon [_thread_blocked, id=17312, stack(0x000000f8b0800000,0x000000f8b0900000) (1024K)]
  0x0000023758140e60 JavaThread "Attach Listener"            daemon [_thread_blocked, id=18060, stack(0x000000f8b0900000,0x000000f8b0a00000) (1024K)]
  0x00000237581414c0 JavaThread "Service Thread"             daemon [_thread_blocked, id=6016, stack(0x000000f8b0a00000,0x000000f8b0b00000) (1024K)]
  0x0000023758184630 JavaThread "Monitor Deflation Thread"   daemon [_thread_blocked, id=4184, stack(0x000000f8b0b00000,0x000000f8b0c00000) (1024K)]
=>0x0000023758195d20 JavaThread "C2 CompilerThread0"         daemon [_thread_in_native, id=13576, stack(0x000000f8b0c00000,0x000000f8b0d00000) (1024K)]
  0x00000237581963c0 JavaThread "C1 CompilerThread0"         daemon [_thread_blocked, id=15292, stack(0x000000f8b0d00000,0x000000f8b0e00000) (1024K)]
  0x000002375827b330 JavaThread "Common-Cleaner"             daemon [_thread_blocked, id=10136, stack(0x000000f8b0e00000,0x000000f8b0f00000) (1024K)]
  0x00000237583fcc70 JavaThread "Notification Thread"        daemon [_thread_blocked, id=11592, stack(0x000000f8b0f00000,0x000000f8b1000000) (1024K)]
  0x000002375e155660 JavaThread "Daemon health stats"               [_thread_blocked, id=7896, stack(0x000000f8b1400000,0x000000f8b1500000) (1024K)]
  0x000002375d267610 JavaThread "Incoming local TCP Connector on port 52902"        [_thread_in_native, id=18364, stack(0x000000f8b1500000,0x000000f8b1600000) (1024K)]
  0x000002375d49e110 JavaThread "Daemon periodic checks"            [_thread_blocked, id=6668, stack(0x000000f8b1600000,0x000000f8b1700000) (1024K)]
  0x000002375d49f8e0 JavaThread "Daemon"                            [_thread_blocked, id=17532, stack(0x000000f8b1700000,0x000000f8b1800000) (1024K)]
  0x000002375d7225d0 JavaThread "Handler for socket connection from /127.0.0.1:52902 to /127.0.0.1:52903"        [_thread_in_native, id=1180, stack(0x000000f8b1800000,0x000000f8b1900000) (1024K)]
  0x00000237585aabe0 JavaThread "Cancel handler"                    [_thread_blocked, id=9536, stack(0x000000f8b1900000,0x000000f8b1a00000) (1024K)]
  0x000002375d1d0960 JavaThread "Daemon worker"                     [_thread_in_vm, id=3788, stack(0x000000f8b1a00000,0x000000f8b1b00000) (1024K)]
  0x000002375e0f90b0 JavaThread "Asynchronous log dispatcher for DefaultDaemonConnection: socket connection from /127.0.0.1:52902 to /127.0.0.1:52903"        [_thread_blocked, id=3680, stack(0x000000f8b1300000,0x000000f8b1400000) (1024K)]
  0x000002375d67bac0 JavaThread "Stdin handler"                     [_thread_blocked, id=17080, stack(0x000000f8b1b00000,0x000000f8b1c00000) (1024K)]
  0x000002375d67c7e0 JavaThread "Daemon client event forwarder"        [_thread_blocked, id=18164, stack(0x000000f8b1c00000,0x000000f8b1d00000) (1024K)]
  0x000002375d67ce70 JavaThread "Cache worker for journal cache (C:\Users\dell\.gradle\caches\journal-1)"        [_thread_blocked, id=15524, stack(0x000000f8b1d00000,0x000000f8b1e00000) (1024K)]
  0x000002375d67c150 JavaThread "File lock request listener"        [_thread_in_native, id=9240, stack(0x000000f8b1e00000,0x000000f8b1f00000) (1024K)]
  0x000002375d67e220 JavaThread "Cache worker for file hash cache (C:\Users\dell\.gradle\caches\8.11.1\fileHashes)"        [_thread_blocked, id=17924, stack(0x000000f8b1f00000,0x000000f8b2000000) (1024K)]
  0x000002375d67d500 JavaThread "Cache worker for file content cache (C:\Users\dell\.gradle\caches\8.11.1\fileContent)"        [_thread_blocked, id=10716, stack(0x000000f8b2100000,0x000000f8b2200000) (1024K)]
  0x000002375d67e8b0 JavaThread "Cache worker for file hash cache (D:\WhatsApp_Status_Saver_App\.gradle\8.11.1\fileHashes)"        [_thread_blocked, id=15988, stack(0x000000f8b2200000,0x000000f8b2300000) (1024K)]
  0x000002375d67b430 JavaThread "Cache worker for Build Output Cleanup Cache (D:\WhatsApp_Status_Saver_App\.gradle\buildOutputCleanup)"        [_thread_blocked, id=5624, stack(0x000000f8b2300000,0x000000f8b2400000) (1024K)]
  0x000002375d67db90 JavaThread "File watcher server"        daemon [_thread_in_native, id=12740, stack(0x000000f8b2400000,0x000000f8b2500000) (1024K)]
  0x000002375e749f80 JavaThread "File watcher consumer"      daemon [_thread_blocked, id=1236, stack(0x000000f8b2500000,0x000000f8b2600000) (1024K)]
  0x000002375e74aca0 JavaThread "Cache worker for checksums cache (D:\WhatsApp_Status_Saver_App\.gradle\8.11.1\checksums)"        [_thread_blocked, id=11736, stack(0x000000f8b2600000,0x000000f8b2700000) (1024K)]
  0x000002375e7515a0 JavaThread "Cache worker for cache directory md-rule (C:\Users\dell\.gradle\caches\8.11.1\md-rule)"        [_thread_blocked, id=11884, stack(0x000000f8b2700000,0x000000f8b2800000) (1024K)]
  0x000002375e74b330 JavaThread "Cache worker for cache directory md-supplier (C:\Users\dell\.gradle\caches\8.11.1\md-supplier)"        [_thread_blocked, id=15484, stack(0x000000f8b2800000,0x000000f8b2900000) (1024K)]
  0x000002375e1b3c50 JavaThread "C2 CompilerThread1"         daemon [_thread_in_native, id=17136, stack(0x000000f8b2000000,0x000000f8b2100000) (1024K)]
Total: 33

Other Threads:
  0x0000023757fc34f0 VMThread "VM Thread"                           [id=10820, stack(0x000000f8b0500000,0x000000f8b0600000) (1024K)]
  0x0000023757f33ff0 WatcherThread "VM Periodic Task Thread"        [id=14724, stack(0x000000f8b0400000,0x000000f8b0500000) (1024K)]
  0x00000237411a4e90 WorkerThread "GC Thread#0"                     [id=2932, stack(0x000000f8aff00000,0x000000f8b0000000) (1024K)]
  0x00000237585ef6e0 WorkerThread "GC Thread#1"                     [id=9088, stack(0x000000f8b1000000,0x000000f8b1100000) (1024K)]
  0x00000237585be1d0 WorkerThread "GC Thread#2"                     [id=5932, stack(0x000000f8b1100000,0x000000f8b1200000) (1024K)]
  0x000002375d5f6820 WorkerThread "GC Thread#3"                     [id=14656, stack(0x000000f8b1200000,0x000000f8b1300000) (1024K)]
  0x00000237411b5ef0 ConcurrentGCThread "G1 Main Marker"            [id=2608, stack(0x000000f8b0000000,0x000000f8b0100000) (1024K)]
  0x00000237411b70a0 WorkerThread "G1 Conc#0"                       [id=15496, stack(0x000000f8b0100000,0x000000f8b0200000) (1024K)]
  0x000002374121eb80 ConcurrentGCThread "G1 Refine#0"               [id=604, stack(0x000000f8b0200000,0x000000f8b0300000) (1024K)]
  0x0000023757e05730 ConcurrentGCThread "G1 Service"                [id=16152, stack(0x000000f8b0300000,0x000000f8b0400000) (1024K)]
Total: 10

Threads with active compile tasks:
C2 CompilerThread0  17978 5593       4       java.util.regex.Pattern::compile (537 bytes)
C2 CompilerThread1  17978 5618       4       jdk.internal.org.objectweb.asm.MethodWriter::putMethodInfo (1274 bytes)
Total: 2

VM state: not at safepoint (normal execution)

VM Mutex/Monitor currently owned by a thread: None

Heap address: 0x0000000080000000, size: 2048 MB, Compressed Oops mode: 32-bit

CDS archive(s) not mapped
Compressed class space mapped at: 0x0000000100000000-0x0000000140000000, reserved size: 1073741824
Narrow klass base: 0x0000000000000000, Narrow klass shift: 3, Narrow klass range: 0x140000000

GC Precious Log:
 CardTable entry size: 512
 Card Set container configuration: InlinePtr #cards 5 size 8 Array Of Cards #cards 12 size 40 Howl #buckets 4 coarsen threshold 1843 Howl Bitmap #cards 512 size 80 coarsen threshold 460 Card regions per heap region 1 cards per card region 2048
 CPUs: 4 total, 4 available
 Memory: 7828M
 Large Page Support: Disabled
 NUMA Support: Disabled
 Compressed Oops: Enabled (32-bit)
 Heap Region Size: 1M
 Heap Min Capacity: 8M
 Heap Initial Capacity: 124M
 Heap Max Capacity: 2G
 Pre-touch: Disabled
 Parallel Workers: 4
 Concurrent Workers: 1
 Concurrent Refinement Workers: 4
 Periodic GC: Disabled

Heap:
 garbage-first heap   total 82944K, used 56964K [0x0000000080000000, 0x0000000100000000)
  region size 1024K, 22 young (22528K), 4 survivors (4096K)
 Metaspace       used 64814K, committed 66496K, reserved 1114112K
  class space    used 8887K, committed 9728K, reserved 1048576K

Heap Regions: E=young(eden), S=young(survivor), O=old, HS=humongous(starts), HC=humongous(continues), CS=collection set, F=free, TAMS=top-at-mark-start, PB=parsable bottom
|   0|0x0000000080000000, 0x0000000080100000, 0x0000000080100000|100%|HS|  |TAMS 0x0000000080000000| PB 0x0000000080000000| Complete 
|   1|0x0000000080100000, 0x0000000080200000, 0x0000000080200000|100%|HC|  |TAMS 0x0000000080100000| PB 0x0000000080100000| Complete 
|   2|0x0000000080200000, 0x0000000080300000, 0x0000000080300000|100%|HC|  |TAMS 0x0000000080200000| PB 0x0000000080200000| Complete 
|   3|0x0000000080300000, 0x0000000080400000, 0x0000000080400000|100%| O|  |TAMS 0x0000000080300000| PB 0x0000000080300000| Untracked 
|   4|0x0000000080400000, 0x0000000080500000, 0x0000000080500000|100%| O|  |TAMS 0x0000000080400000| PB 0x0000000080400000| Untracked 
|   5|0x0000000080500000, 0x0000000080600000, 0x0000000080600000|100%| O|  |TAMS 0x0000000080500000| PB 0x0000000080500000| Untracked 
|   6|0x0000000080600000, 0x0000000080700000, 0x0000000080700000|100%|HS|  |TAMS 0x0000000080600000| PB 0x0000000080600000| Complete 
|   7|0x0000000080700000, 0x0000000080800000, 0x0000000080800000|100%| O|  |TAMS 0x0000000080700000| PB 0x0000000080700000| Untracked 
|   8|0x0000000080800000, 0x0000000080900000, 0x0000000080900000|100%| O|  |TAMS 0x0000000080800000| PB 0x0000000080800000| Untracked 
|   9|0x0000000080900000, 0x0000000080a00000, 0x0000000080a00000|100%| O|  |TAMS 0x0000000080900000| PB 0x0000000080900000| Untracked 
|  10|0x0000000080a00000, 0x0000000080b00000, 0x0000000080b00000|100%| O|  |TAMS 0x0000000080a00000| PB 0x0000000080a00000| Untracked 
|  11|0x0000000080b00000, 0x0000000080c00000, 0x0000000080c00000|100%| O|  |TAMS 0x0000000080b00000| PB 0x0000000080b00000| Untracked 
|  12|0x0000000080c00000, 0x0000000080d00000, 0x0000000080d00000|100%| O|  |TAMS 0x0000000080c00000| PB 0x0000000080c00000| Untracked 
|  13|0x0000000080d00000, 0x0000000080e00000, 0x0000000080e00000|100%| O|  |TAMS 0x0000000080d00000| PB 0x0000000080d00000| Untracked 
|  14|0x0000000080e00000, 0x0000000080f00000, 0x0000000080f00000|100%| O|  |TAMS 0x0000000080e00000| PB 0x0000000080e00000| Untracked 
|  15|0x0000000080f00000, 0x0000000081000000, 0x0000000081000000|100%| O|  |TAMS 0x0000000080f00000| PB 0x0000000080f00000| Untracked 
|  16|0x0000000081000000, 0x0000000081100000, 0x0000000081100000|100%| O|  |TAMS 0x0000000081000000| PB 0x0000000081000000| Untracked 
|  17|0x0000000081100000, 0x0000000081200000, 0x0000000081200000|100%| O|  |TAMS 0x0000000081100000| PB 0x0000000081100000| Untracked 
|  18|0x0000000081200000, 0x0000000081300000, 0x0000000081300000|100%| O|  |TAMS 0x0000000081200000| PB 0x0000000081200000| Untracked 
|  19|0x0000000081300000, 0x0000000081400000, 0x0000000081400000|100%| O|  |TAMS 0x0000000081300000| PB 0x0000000081300000| Untracked 
|  20|0x0000000081400000, 0x0000000081500000, 0x0000000081500000|100%| O|  |TAMS 0x0000000081400000| PB 0x0000000081400000| Untracked 
|  21|0x0000000081500000, 0x0000000081600000, 0x0000000081600000|100%| O|  |TAMS 0x0000000081500000| PB 0x0000000081500000| Untracked 
|  22|0x0000000081600000, 0x0000000081700000, 0x0000000081700000|100%| O|  |TAMS 0x0000000081600000| PB 0x0000000081600000| Untracked 
|  23|0x0000000081700000, 0x0000000081800000, 0x0000000081800000|100%| O|  |TAMS 0x0000000081700000| PB 0x0000000081700000| Untracked 
|  24|0x0000000081800000, 0x0000000081900000, 0x0000000081900000|100%| O|  |TAMS 0x0000000081800000| PB 0x0000000081800000| Untracked 
|  25|0x0000000081900000, 0x0000000081900000, 0x0000000081a00000|  0%| F|  |TAMS 0x0000000081900000| PB 0x0000000081900000| Untracked 
|  26|0x0000000081a00000, 0x0000000081b00000, 0x0000000081b00000|100%| O|  |TAMS 0x0000000081a00000| PB 0x0000000081a00000| Untracked 
|  27|0x0000000081b00000, 0x0000000081c00000, 0x0000000081c00000|100%| O|  |TAMS 0x0000000081b00000| PB 0x0000000081b00000| Untracked 
|  28|0x0000000081c00000, 0x0000000081d00000, 0x0000000081d00000|100%| O|  |TAMS 0x0000000081c00000| PB 0x0000000081c00000| Untracked 
|  29|0x0000000081d00000, 0x0000000081e00000, 0x0000000081e00000|100%| O|  |TAMS 0x0000000081d00000| PB 0x0000000081d00000| Untracked 
|  30|0x0000000081e00000, 0x0000000081f00000, 0x0000000081f00000|100%| O|  |TAMS 0x0000000081e00000| PB 0x0000000081e00000| Untracked 
|  31|0x0000000081f00000, 0x0000000082000000, 0x0000000082000000|100%| O|  |TAMS 0x0000000081f00000| PB 0x0000000081f00000| Untracked 
|  32|0x0000000082000000, 0x0000000082100000, 0x0000000082100000|100%| O|Cm|TAMS 0x0000000082000000| PB 0x0000000082000000| Complete 
|  33|0x0000000082100000, 0x0000000082200000, 0x0000000082200000|100%| O|  |TAMS 0x0000000082100000| PB 0x0000000082100000| Untracked 
|  34|0x0000000082200000, 0x00000000822a1180, 0x0000000082300000| 62%| O|  |TAMS 0x0000000082200000| PB 0x0000000082200000| Untracked 
|  35|0x0000000082300000, 0x0000000082300000, 0x0000000082400000|  0%| F|  |TAMS 0x0000000082300000| PB 0x0000000082300000| Untracked 
|  36|0x0000000082400000, 0x0000000082400000, 0x0000000082500000|  0%| F|  |TAMS 0x0000000082400000| PB 0x0000000082400000| Untracked 
|  37|0x0000000082500000, 0x0000000082600000, 0x0000000082600000|100%| O|  |TAMS 0x0000000082500000| PB 0x0000000082500000| Untracked 
|  38|0x0000000082600000, 0x0000000082700000, 0x0000000082700000|100%| S|CS|TAMS 0x0000000082600000| PB 0x0000000082600000| Complete 
|  39|0x0000000082700000, 0x0000000082800000, 0x0000000082800000|100%| S|CS|TAMS 0x0000000082700000| PB 0x0000000082700000| Complete 
|  40|0x0000000082800000, 0x0000000082900000, 0x0000000082900000|100%| S|CS|TAMS 0x0000000082800000| PB 0x0000000082800000| Complete 
|  41|0x0000000082900000, 0x0000000082a00000, 0x0000000082a00000|100%| S|CS|TAMS 0x0000000082900000| PB 0x0000000082900000| Complete 
|  42|0x0000000082a00000, 0x0000000082a00000, 0x0000000082b00000|  0%| F|  |TAMS 0x0000000082a00000| PB 0x0000000082a00000| Untracked 
|  43|0x0000000082b00000, 0x0000000082b00000, 0x0000000082c00000|  0%| F|  |TAMS 0x0000000082b00000| PB 0x0000000082b00000| Untracked 
|  44|0x0000000082c00000, 0x0000000082c00000, 0x0000000082d00000|  0%| F|  |TAMS 0x0000000082c00000| PB 0x0000000082c00000| Untracked 
|  45|0x0000000082d00000, 0x0000000082d00000, 0x0000000082e00000|  0%| F|  |TAMS 0x0000000082d00000| PB 0x0000000082d00000| Untracked 
|  46|0x0000000082e00000, 0x0000000082e00000, 0x0000000082f00000|  0%| F|  |TAMS 0x0000000082e00000| PB 0x0000000082e00000| Untracked 
|  47|0x0000000082f00000, 0x0000000082f00000, 0x0000000083000000|  0%| F|  |TAMS 0x0000000082f00000| PB 0x0000000082f00000| Untracked 
|  48|0x0000000083000000, 0x0000000083000000, 0x0000000083100000|  0%| F|  |TAMS 0x0000000083000000| PB 0x0000000083000000| Untracked 
|  49|0x0000000083100000, 0x0000000083100000, 0x0000000083200000|  0%| F|  |TAMS 0x0000000083100000| PB 0x0000000083100000| Untracked 
|  50|0x0000000083200000, 0x0000000083200000, 0x0000000083300000|  0%| F|  |TAMS 0x0000000083200000| PB 0x0000000083200000| Untracked 
|  51|0x0000000083300000, 0x0000000083300000, 0x0000000083400000|  0%| F|  |TAMS 0x0000000083300000| PB 0x0000000083300000| Untracked 
|  52|0x0000000083400000, 0x0000000083400000, 0x0000000083500000|  0%| F|  |TAMS 0x0000000083400000| PB 0x0000000083400000| Untracked 
|  53|0x0000000083500000, 0x0000000083500000, 0x0000000083600000|  0%| F|  |TAMS 0x0000000083500000| PB 0x0000000083500000| Untracked 
|  54|0x0000000083600000, 0x0000000083600000, 0x0000000083700000|  0%| F|  |TAMS 0x0000000083600000| PB 0x0000000083600000| Untracked 
|  55|0x0000000083700000, 0x0000000083700000, 0x0000000083800000|  0%| F|  |TAMS 0x0000000083700000| PB 0x0000000083700000| Untracked 
|  56|0x0000000083800000, 0x0000000083800000, 0x0000000083900000|  0%| F|  |TAMS 0x0000000083800000| PB 0x0000000083800000| Untracked 
|  57|0x0000000083900000, 0x0000000083900000, 0x0000000083a00000|  0%| F|  |TAMS 0x0000000083900000| PB 0x0000000083900000| Untracked 
|  58|0x0000000083a00000, 0x0000000083a00000, 0x0000000083b00000|  0%| F|  |TAMS 0x0000000083a00000| PB 0x0000000083a00000| Untracked 
|  59|0x0000000083b00000, 0x0000000083b00000, 0x0000000083c00000|  0%| F|  |TAMS 0x0000000083b00000| PB 0x0000000083b00000| Untracked 
|  60|0x0000000083c00000, 0x0000000083c00000, 0x0000000083d00000|  0%| F|  |TAMS 0x0000000083c00000| PB 0x0000000083c00000| Untracked 
|  61|0x0000000083d00000, 0x0000000083d00000, 0x0000000083e00000|  0%| F|  |TAMS 0x0000000083d00000| PB 0x0000000083d00000| Untracked 
|  62|0x0000000083e00000, 0x0000000083e00000, 0x0000000083f00000|  0%| F|  |TAMS 0x0000000083e00000| PB 0x0000000083e00000| Untracked 
|  63|0x0000000083f00000, 0x0000000084000000, 0x0000000084000000|100%| E|  |TAMS 0x0000000083f00000| PB 0x0000000083f00000| Complete 
|  64|0x0000000084000000, 0x0000000084100000, 0x0000000084100000|100%| E|CS|TAMS 0x0000000084000000| PB 0x0000000084000000| Complete 
|  65|0x0000000084100000, 0x0000000084200000, 0x0000000084200000|100%| E|CS|TAMS 0x0000000084100000| PB 0x0000000084100000| Complete 
|  66|0x0000000084200000, 0x0000000084300000, 0x0000000084300000|100%| E|CS|TAMS 0x0000000084200000| PB 0x0000000084200000| Complete 
|  67|0x0000000084300000, 0x0000000084400000, 0x0000000084400000|100%| E|CS|TAMS 0x0000000084300000| PB 0x0000000084300000| Complete 
|  68|0x0000000084400000, 0x0000000084500000, 0x0000000084500000|100%| E|CS|TAMS 0x0000000084400000| PB 0x0000000084400000| Complete 
|  69|0x0000000084500000, 0x0000000084600000, 0x0000000084600000|100%| E|CS|TAMS 0x0000000084500000| PB 0x0000000084500000| Complete 
|  70|0x0000000084600000, 0x0000000084700000, 0x0000000084700000|100%| E|CS|TAMS 0x0000000084600000| PB 0x0000000084600000| Complete 
|  71|0x0000000084700000, 0x0000000084800000, 0x0000000084800000|100%| E|CS|TAMS 0x0000000084700000| PB 0x0000000084700000| Complete 
|  72|0x0000000084800000, 0x0000000084900000, 0x0000000084900000|100%| E|CS|TAMS 0x0000000084800000| PB 0x0000000084800000| Complete 
|  73|0x0000000084900000, 0x0000000084a00000, 0x0000000084a00000|100%| E|CS|TAMS 0x0000000084900000| PB 0x0000000084900000| Complete 
|  74|0x0000000084a00000, 0x0000000084b00000, 0x0000000084b00000|100%| E|CS|TAMS 0x0000000084a00000| PB 0x0000000084a00000| Complete 
|  75|0x0000000084b00000, 0x0000000084c00000, 0x0000000084c00000|100%| E|CS|TAMS 0x0000000084b00000| PB 0x0000000084b00000| Complete 
|  76|0x0000000084c00000, 0x0000000084d00000, 0x0000000084d00000|100%| E|CS|TAMS 0x0000000084c00000| PB 0x0000000084c00000| Complete 
| 101|0x0000000086500000, 0x0000000086600000, 0x0000000086600000|100%| E|CS|TAMS 0x0000000086500000| PB 0x0000000086500000| Complete 
| 102|0x0000000086600000, 0x0000000086700000, 0x0000000086700000|100%| E|CS|TAMS 0x0000000086600000| PB 0x0000000086600000| Complete 
| 103|0x0000000086700000, 0x0000000086800000, 0x0000000086800000|100%| E|CS|TAMS 0x0000000086700000| PB 0x0000000086700000| Complete 
| 123|0x0000000087b00000, 0x0000000087c00000, 0x0000000087c00000|100%| E|CS|TAMS 0x0000000087b00000| PB 0x0000000087b00000| Complete 

Card table byte_map: [0x00000237536b0000,0x0000023753ab0000] _byte_map_base: 0x00000237532b0000

Marking Bits: (CMBitMap*) 0x00000237411a54a0
 Bits: [0x0000023753ab0000, 0x0000023755ab0000)

Polling page: 0x0000023740920000

Metaspace:

Usage:
  Non-class:     54.62 MB used.
      Class:      8.68 MB used.
       Both:     63.31 MB used.

Virtual space:
  Non-class space:       64.00 MB reserved,      55.44 MB ( 87%) committed,  1 nodes.
      Class space:        1.00 GB reserved,       9.50 MB ( <1%) committed,  1 nodes.
             Both:        1.06 GB reserved,      64.94 MB (  6%) committed. 

Chunk freelists:
   Non-Class:  8.03 MB
       Class:  6.41 MB
        Both:  14.44 MB

MaxMetaspaceSize: unlimited
CompressedClassSpaceSize: 1.00 GB
Initial GC threshold: 21.00 MB
Current GC threshold: 104.38 MB
CDS: off
 - commit_granule_bytes: 65536.
 - commit_granule_words: 8192.
 - virtual_space_node_default_size: 8388608.
 - enlarge_chunks_in_place: 1.
 - use_allocation_guard: 0.


Internal statistics:

num_allocs_failed_limit: 6.
num_arena_births: 3026.
num_arena_deaths: 0.
num_vsnodes_births: 2.
num_vsnodes_deaths: 0.
num_space_committed: 1039.
num_space_uncommitted: 0.
num_chunks_returned_to_freelist: 6.
num_chunks_taken_from_freelist: 5641.
num_chunk_merges: 6.
num_chunk_splits: 3673.
num_chunks_enlarged: 2303.
num_inconsistent_stats: 0.

CodeHeap 'non-profiled nmethods': size=120000Kb used=2775Kb max_used=2860Kb free=117224Kb
 bounds [0x000002374bd80000, 0x000002374c050000, 0x00000237532b0000]
CodeHeap 'profiled nmethods': size=120000Kb used=8984Kb max_used=9007Kb free=111015Kb
 bounds [0x00000237442b0000, 0x0000023744ba0000, 0x000002374b7e0000]
CodeHeap 'non-nmethods': size=5760Kb used=1982Kb max_used=2047Kb free=3778Kb
 bounds [0x000002374b7e0000, 0x000002374ba50000, 0x000002374bd80000]
 total_blobs=5543 nmethods=4787 adapters=659
 compilation: enabled
              stopped_count=0, restarted_count=0
 full_count=0

Compilation events (20 events):
Event: 17.795 Thread 0x00000237581963c0 nmethod 5594 0x000002374486d310 code [0x000002374486d740, 0x000002374486ee40]
Event: 17.813 Thread 0x000002375e1b3c50 nmethod 5595 0x000002374be85690 code [0x000002374be85900, 0x000002374be866d8]
Event: 17.817 Thread 0x000002375e1b3c50 5596       4       java.lang.Character::charCount (12 bytes)
Event: 17.818 Thread 0x000002375e1b3c50 nmethod 5596 0x000002374bdee210 code [0x000002374bdee3a0, 0x000002374bdee430]
Event: 17.819 Thread 0x00000237581963c0 5597       3       java.util.regex.Pattern$TreeInfo::<init> (9 bytes)
Event: 17.819 Thread 0x00000237581963c0 nmethod 5597 0x00000237443f0490 code [0x00000237443f0640, 0x00000237443f0820]
Event: 17.827 Thread 0x00000237581963c0 5598       3       com.google.common.math.MathPreconditions::checkPositive (42 bytes)
Event: 17.828 Thread 0x00000237581963c0 nmethod 5598 0x00000237449a6f90 code [0x00000237449a71e0, 0x00000237449a78f0]
Event: 17.867 Thread 0x00000237581963c0 5599       3       com.google.common.base.Preconditions::checkNotNull (18 bytes)
Event: 17.867 Thread 0x00000237581963c0 nmethod 5599 0x00000237449a6910 code [0x00000237449a6ae0, 0x00000237449a6e40]
Event: 17.867 Thread 0x00000237581963c0 5600       3       org.gradle.api.attributes.Attribute::equals (57 bytes)
Event: 17.868 Thread 0x00000237581963c0 nmethod 5600 0x0000023744a09810 code [0x0000023744a09a00, 0x0000023744a09f10]
Event: 17.879 Thread 0x00000237581963c0 5601       3       com.google.common.math.IntMath::isPowerOfTwo (24 bytes)
Event: 17.879 Thread 0x00000237581963c0 nmethod 5601 0x00000237443f0090 code [0x00000237443f0240, 0x00000237443f03d8]
Event: 17.879 Thread 0x00000237581963c0 5602       3       com.google.common.math.MathPreconditions::checkRoundingUnnecessary (15 bytes)
Event: 17.880 Thread 0x00000237581963c0 nmethod 5602 0x00000237449a6390 code [0x00000237449a6540, 0x00000237449a6720]
Event: 17.880 Thread 0x00000237581963c0 5604       3       com.google.common.math.IntMath::log2 (118 bytes)
Event: 17.880 Thread 0x00000237581963c0 nmethod 5604 0x0000023744a08c10 code [0x0000023744a08e60, 0x0000023744a09588]
Event: 17.880 Thread 0x00000237581963c0 5603       3       com.google.common.collect.ImmutableSet$RegularSetBuilderImpl::maxRunBeforeFallback (11 bytes)
Event: 17.881 Thread 0x00000237581963c0 nmethod 5603 0x0000023744745110 code [0x00000237447452c0, 0x00000237447453f0]

GC Heap History (20 events):
Event: 9.192 GC heap before
{Heap before GC invocations=7 (full 0):
 garbage-first heap   total 68608K, used 43883K [0x0000000080000000, 0x0000000100000000)
  region size 1024K, 26 young (26624K), 5 survivors (5120K)
 Metaspace       used 35253K, committed 36160K, reserved 1114112K
  class space    used 4714K, committed 5184K, reserved 1048576K
}
Event: 9.206 GC heap after
{Heap after GC invocations=8 (full 0):
 garbage-first heap   total 68608K, used 25309K [0x0000000080000000, 0x0000000100000000)
  region size 1024K, 2 young (2048K), 2 survivors (2048K)
 Metaspace       used 35253K, committed 36160K, reserved 1114112K
  class space    used 4714K, committed 5184K, reserved 1048576K
}
Event: 9.908 GC heap before
{Heap before GC invocations=9 (full 0):
 garbage-first heap   total 68608K, used 58077K [0x0000000080000000, 0x0000000100000000)
  region size 1024K, 34 young (34816K), 2 survivors (2048K)
 Metaspace       used 39429K, committed 40640K, reserved 1114112K
  class space    used 5408K, committed 6016K, reserved 1048576K
}
Event: 9.914 GC heap after
{Heap after GC invocations=10 (full 0):
 garbage-first heap   total 68608K, used 26683K [0x0000000080000000, 0x0000000100000000)
  region size 1024K, 3 young (3072K), 3 survivors (3072K)
 Metaspace       used 39429K, committed 40640K, reserved 1114112K
  class space    used 5408K, committed 6016K, reserved 1048576K
}
Event: 10.767 GC heap before
{Heap before GC invocations=10 (full 0):
 garbage-first heap   total 68608K, used 58427K [0x0000000080000000, 0x0000000100000000)
  region size 1024K, 35 young (35840K), 3 survivors (3072K)
 Metaspace       used 45640K, committed 46848K, reserved 1114112K
  class space    used 6067K, committed 6656K, reserved 1048576K
}
Event: 10.782 GC heap after
{Heap after GC invocations=11 (full 0):
 garbage-first heap   total 68608K, used 30261K [0x0000000080000000, 0x0000000100000000)
  region size 1024K, 5 young (5120K), 5 survivors (5120K)
 Metaspace       used 45640K, committed 46848K, reserved 1114112K
  class space    used 6067K, committed 6656K, reserved 1048576K
}
Event: 11.180 GC heap before
{Heap before GC invocations=11 (full 0):
 garbage-first heap   total 68608K, used 58933K [0x0000000080000000, 0x0000000100000000)
  region size 1024K, 33 young (33792K), 5 survivors (5120K)
 Metaspace       used 46669K, committed 47936K, reserved 1114112K
  class space    used 6231K, committed 6848K, reserved 1048576K
}
Event: 11.199 GC heap after
{Heap after GC invocations=12 (full 0):
 garbage-first heap   total 68608K, used 32532K [0x0000000080000000, 0x0000000100000000)
  region size 1024K, 2 young (2048K), 2 survivors (2048K)
 Metaspace       used 46669K, committed 47936K, reserved 1114112K
  class space    used 6231K, committed 6848K, reserved 1048576K
}
Event: 12.061 GC heap before
{Heap before GC invocations=12 (full 0):
 garbage-first heap   total 68608K, used 60180K [0x0000000080000000, 0x0000000100000000)
  region size 1024K, 29 young (29696K), 2 survivors (2048K)
 Metaspace       used 48617K, committed 49984K, reserved 1114112K
  class space    used 6547K, committed 7232K, reserved 1048576K
}
Event: 12.069 GC heap after
{Heap after GC invocations=13 (full 0):
 garbage-first heap   total 68608K, used 34785K [0x0000000080000000, 0x0000000100000000)
  region size 1024K, 4 young (4096K), 4 survivors (4096K)
 Metaspace       used 48617K, committed 49984K, reserved 1114112K
  class space    used 6547K, committed 7232K, reserved 1048576K
}
Event: 13.420 GC heap before
{Heap before GC invocations=13 (full 0):
 garbage-first heap   total 68608K, used 59361K [0x0000000080000000, 0x0000000100000000)
  region size 1024K, 29 young (29696K), 4 survivors (4096K)
 Metaspace       used 52003K, committed 53504K, reserved 1114112K
  class space    used 7106K, committed 7872K, reserved 1048576K
}
Event: 13.433 GC heap after
{Heap after GC invocations=14 (full 0):
 garbage-first heap   total 68608K, used 36292K [0x0000000080000000, 0x0000000100000000)
  region size 1024K, 2 young (2048K), 2 survivors (2048K)
 Metaspace       used 52003K, committed 53504K, reserved 1114112K
  class space    used 7106K, committed 7872K, reserved 1048576K
}
Event: 13.577 GC heap before
{Heap before GC invocations=14 (full 0):
 garbage-first heap   total 68608K, used 38340K [0x0000000080000000, 0x0000000100000000)
  region size 1024K, 5 young (5120K), 2 survivors (2048K)
 Metaspace       used 52301K, committed 53824K, reserved 1114112K
  class space    used 7135K, committed 7872K, reserved 1048576K
}
Event: 13.582 GC heap after
{Heap after GC invocations=15 (full 0):
 garbage-first heap   total 68608K, used 36626K [0x0000000080000000, 0x0000000100000000)
  region size 1024K, 2 young (2048K), 2 survivors (2048K)
 Metaspace       used 52301K, committed 53824K, reserved 1114112K
  class space    used 7135K, committed 7872K, reserved 1048576K
}
Event: 14.893 GC heap before
{Heap before GC invocations=16 (full 0):
 garbage-first heap   total 68608K, used 63250K [0x0000000080000000, 0x0000000100000000)
  region size 1024K, 26 young (26624K), 2 survivors (2048K)
 Metaspace       used 56373K, committed 57856K, reserved 1114112K
  class space    used 7581K, committed 8320K, reserved 1048576K
}
Event: 14.901 GC heap after
{Heap after GC invocations=17 (full 0):
 garbage-first heap   total 68608K, used 37030K [0x0000000080000000, 0x0000000100000000)
  region size 1024K, 3 young (3072K), 3 survivors (3072K)
 Metaspace       used 56373K, committed 57856K, reserved 1114112K
  class space    used 7581K, committed 8320K, reserved 1048576K
}
Event: 15.957 GC heap before
{Heap before GC invocations=17 (full 0):
 garbage-first heap   total 68608K, used 59558K [0x0000000080000000, 0x0000000100000000)
  region size 1024K, 25 young (25600K), 3 survivors (3072K)
 Metaspace       used 59770K, committed 61312K, reserved 1114112K
  class space    used 8090K, committed 8832K, reserved 1048576K
}
Event: 15.980 GC heap after
{Heap after GC invocations=18 (full 0):
 garbage-first heap   total 68608K, used 37728K [0x0000000080000000, 0x0000000100000000)
  region size 1024K, 3 young (3072K), 3 survivors (3072K)
 Metaspace       used 59770K, committed 61312K, reserved 1114112K
  class space    used 8090K, committed 8832K, reserved 1048576K
}
Event: 16.800 GC heap before
{Heap before GC invocations=18 (full 0):
 garbage-first heap   total 68608K, used 60256K [0x0000000080000000, 0x0000000100000000)
  region size 1024K, 25 young (25600K), 3 survivors (3072K)
 Metaspace       used 62552K, committed 64128K, reserved 1114112K
  class space    used 8564K, committed 9344K, reserved 1048576K
}
Event: 16.813 GC heap after
{Heap after GC invocations=19 (full 0):
 garbage-first heap   total 82944K, used 39556K [0x0000000080000000, 0x0000000100000000)
  region size 1024K, 4 young (4096K), 4 survivors (4096K)
 Metaspace       used 62552K, committed 64128K, reserved 1114112K
  class space    used 8564K, committed 9344K, reserved 1048576K
}

Dll operation events (3 events):
Event: 0.042 Loaded shared library D:\andorid studio\jbr\bin\java.dll
Event: 0.075 Loaded shared library D:\andorid studio\jbr\bin\zip.dll
Event: 1.810 Loaded shared library D:\andorid studio\jbr\bin\verify.dll

Deoptimization events (20 events):
Event: 17.681 Thread 0x000002375d1d0960 DEOPT PACKING pc=0x000002374bf35bec sp=0x000000f8b1af97e0
Event: 17.681 Thread 0x000002375d1d0960 DEOPT UNPACKING pc=0x000002374b8346a2 sp=0x000000f8b1af9788 mode 2
Event: 17.693 Thread 0x000002375d1d0960 Uncommon trap: trap_request=0xffffffc6 fr.pc=0x000002374bf35bec relative=0x000000000000030c
Event: 17.693 Thread 0x000002375d1d0960 Uncommon trap: reason=bimorphic_or_optimized_type_check action=maybe_recompile pc=0x000002374bf35bec method=com.google.common.base.CharMatcher.indexIn(Ljava/lang/CharSequence;I)I @ 31 c2
Event: 17.694 Thread 0x000002375d1d0960 DEOPT PACKING pc=0x000002374bf35bec sp=0x000000f8b1af97e0
Event: 17.694 Thread 0x000002375d1d0960 DEOPT UNPACKING pc=0x000002374b8346a2 sp=0x000000f8b1af9788 mode 2
Event: 17.703 Thread 0x000002375d1d0960 DEOPT PACKING pc=0x00000237448a96d3 sp=0x000000f8b1af85a0
Event: 17.703 Thread 0x000002375d1d0960 DEOPT UNPACKING pc=0x000002374b834e42 sp=0x000000f8b1af7a50 mode 0
Event: 17.707 Thread 0x000002375d1d0960 Uncommon trap: trap_request=0xffffffc6 fr.pc=0x000002374bf35bec relative=0x000000000000030c
Event: 17.707 Thread 0x000002375d1d0960 Uncommon trap: reason=bimorphic_or_optimized_type_check action=maybe_recompile pc=0x000002374bf35bec method=com.google.common.base.CharMatcher.indexIn(Ljava/lang/CharSequence;I)I @ 31 c2
Event: 17.707 Thread 0x000002375d1d0960 DEOPT PACKING pc=0x000002374bf35bec sp=0x000000f8b1af97e0
Event: 17.707 Thread 0x000002375d1d0960 DEOPT UNPACKING pc=0x000002374b8346a2 sp=0x000000f8b1af9788 mode 2
Event: 17.719 Thread 0x000002375d1d0960 Uncommon trap: trap_request=0xffffffc6 fr.pc=0x000002374bf35bec relative=0x000000000000030c
Event: 17.719 Thread 0x000002375d1d0960 Uncommon trap: reason=bimorphic_or_optimized_type_check action=maybe_recompile pc=0x000002374bf35bec method=com.google.common.base.CharMatcher.indexIn(Ljava/lang/CharSequence;I)I @ 31 c2
Event: 17.719 Thread 0x000002375d1d0960 DEOPT PACKING pc=0x000002374bf35bec sp=0x000000f8b1af8fd0
Event: 17.719 Thread 0x000002375d1d0960 DEOPT UNPACKING pc=0x000002374b8346a2 sp=0x000000f8b1af8f78 mode 2
Event: 17.810 Thread 0x000002375d1d0960 Uncommon trap: trap_request=0xffffffc6 fr.pc=0x000002374bf83a14 relative=0x0000000000000574
Event: 17.810 Thread 0x000002375d1d0960 Uncommon trap: reason=bimorphic_or_optimized_type_check action=maybe_recompile pc=0x000002374bf83a14 method=java.util.regex.Pattern$Slice.match(Ljava/util/regex/Matcher;ILjava/lang/CharSequence;)Z @ 75 c2
Event: 17.810 Thread 0x000002375d1d0960 DEOPT PACKING pc=0x000002374bf83a14 sp=0x000000f8b1af8080
Event: 17.810 Thread 0x000002375d1d0960 DEOPT UNPACKING pc=0x000002374b8346a2 sp=0x000000f8b1af7f98 mode 2

Classes loaded (20 events):
Event: 17.650 Loading class sun/util/logging/internal/LoggingProviderImpl$JULWrapper
Event: 17.651 Loading class sun/util/logging/PlatformLogger$ConfigurableBridge$LoggerConfiguration
Event: 17.651 Loading class sun/util/logging/PlatformLogger$ConfigurableBridge$LoggerConfiguration done
Event: 17.651 Loading class sun/util/logging/internal/LoggingProviderImpl$JULWrapper done
Event: 17.652 Loading class java/io/ObjectInputFilter$Config$BuiltinFilterFactory
Event: 17.652 Loading class java/io/ObjectInputFilter$Config$BuiltinFilterFactory done
Event: 17.652 Loading class jdk/internal/access/JavaObjectInputFilterAccess
Event: 17.652 Loading class jdk/internal/access/JavaObjectInputFilterAccess done
Event: 17.652 Loading class java/lang/System$Logger$Level
Event: 17.652 Loading class java/lang/System$Logger$Level done
Event: 17.653 Loading class jdk/internal/event/DeserializationEvent
Event: 17.653 Loading class jdk/internal/event/DeserializationEvent done
Event: 17.653 Loading class java/io/ObjectInputStream$FieldValues
Event: 17.653 Loading class java/io/ObjectInputStream$GetField
Event: 17.653 Loading class java/io/ObjectInputStream$GetField done
Event: 17.653 Loading class java/io/ObjectInputStream$FieldValues done
Event: 17.662 Loading class sun/reflect/ReflectionFactory
Event: 17.662 Loading class sun/reflect/ReflectionFactory done
Event: 17.662 Loading class sun/reflect/ReflectionFactory$1
Event: 17.662 Loading class sun/reflect/ReflectionFactory$1 done

Classes unloaded (0 events):
No events

Classes redefined (0 events):
No events

Internal exceptions (20 events):
Event: 16.335 Thread 0x000002375d67c7e0 Exception <a 'java/lang/NoSuchMethodError'{0x00000000838b4588}: static Lorg/gradle/internal/build/event/types/DefaultProjectConfigurationDescriptor;.<clinit>()V> (0x00000000838b4588) 
thrown [s\src\hotspot\share\prims\jni.cpp, line 1139]
Event: 16.337 Thread 0x000002375d67c7e0 Exception <a 'java/lang/NoSuchMethodError'{0x00000000838b7690}: static Lorg/gradle/internal/build/event/types/DefaultOperationDescriptor;.<clinit>()V> (0x00000000838b7690) 
thrown [s\src\hotspot\share\prims\jni.cpp, line 1139]
Event: 16.338 Thread 0x000002375d67c7e0 Exception <a 'java/lang/NoSuchMethodError'{0x00000000837055a8}: 'long java.lang.invoke.DirectMethodHandle$Holder.invokeSpecial(java.lang.Object, java.lang.Object)'> (0x00000000837055a8) 
thrown [s\src\hotspot\share\interpreter\linkResolver.cpp, line 784]
Event: 16.339 Thread 0x000002375d67c7e0 Exception <a 'java/lang/NoSuchMethodError'{0x0000000083709570}: 'long java.lang.invoke.Invokers$Holder.invokeExact_MT(java.lang.Object, java.lang.Object)'> (0x0000000083709570) 
thrown [s\src\hotspot\share\interpreter\linkResolver.cpp, line 784]
Event: 16.344 Thread 0x000002375d67c7e0 Exception <a 'java/lang/NoSuchMethodError'{0x0000000083725180}: static Lorg/gradle/internal/operations/OperationIdentifier;.<clinit>()V> (0x0000000083725180) 
thrown [s\src\hotspot\share\prims\jni.cpp, line 1139]
Event: 16.665 Thread 0x000002375d1d0960 Exception <a 'java/lang/NoSuchMethodError'{0x00000000830b5948}: 'long java.lang.invoke.DirectMethodHandle$Holder.invokeStatic(java.lang.Object, long)'> (0x00000000830b5948) 
thrown [s\src\hotspot\share\interpreter\linkResolver.cpp, line 784]
Event: 16.706 Thread 0x000002375d1d0960 Implicit null exception at 0x000002374bfc66cc to 0x000002374bfc6a18
Event: 16.782 Thread 0x000002375d1d0960 Exception <a 'java/lang/NoSuchMethodError'{0x0000000082d6d7b8}: 'java.lang.Object java.lang.invoke.DirectMethodHandle$Holder.invokeInterface(java.lang.Object, java.lang.Object, int)'> (0x0000000082d6d7b8) 
thrown [s\src\hotspot\share\interpreter\linkResolver.cpp, line 784]
Event: 17.380 Thread 0x000002375d1d0960 Exception <a 'java/lang/NoSuchMethodError'{0x00000000865e6b60}: 'java.lang.Object java.lang.invoke.DirectMethodHandle$Holder.invokeVirtual(java.lang.Object, java.lang.Object, java.lang.Object, java.lang.Object, java.lang.Object, java.lang.Object, java.lang.Object, java.lang.Object, java.lang.Object, java.lang.Object, java.lang.Object, java.lang.Object, java.lang.Object, java.lang.Object, java.lang.Object, java.lang.Object, java.lang.Object)'> (0x00000000865e6b60) 
thrown [s\src\hotspot\share\interpreter\li
Event: 17.381 Thread 0x000002375d1d0960 Exception <a 'java/lang/NoSuchMethodError'{0x00000000865ecb68}: 'java.lang.Object java.lang.invoke.DirectMethodHandle$Holder.invokeSpecial(java.lang.Object, java.lang.Object, java.lang.Object, java.lang.Object, java.lang.Object, java.lang.Object, java.lang.Object, java.lang.Object, java.lang.Object, java.lang.Object, java.lang.Object, java.lang.Object, java.lang.Object, java.lang.Object, java.lang.Object, java.lang.Object, java.lang.Object, java.lang.Object)'> (0x00000000865ecb68) 
thrown [s\src\hotspot\sh
Event: 17.381 Thread 0x000002375d1d0960 Exception <a 'java/lang/NoSuchMethodError'{0x00000000865f20c0}: 'java.lang.Object java.lang.invoke.DelegatingMethodHandle$Holder.reinvoke_L(java.lang.Object, java.lang.Object, java.lang.Object, java.lang.Object, java.lang.Object, java.lang.Object, java.lang.Object, java.lang.Object, java.lang.Object, java.lang.Object, java.lang.Object, java.lang.Object, java.lang.Object, java.lang.Object, java.lang.Object, java.lang.Object, java.lang.Object)'> (0x00000000865f20c0) 
thrown [s\src\hotspot\share\interpreter\l
Event: 17.604 Thread 0x000002375d1d0960 Exception <a 'java/lang/NoSuchMethodError'{0x0000000084888fa0}: static Lorg/gradle/api/internal/catalog/DefaultVersionCatalog;.<clinit>()V> (0x0000000084888fa0) 
thrown [s\src\hotspot\share\prims\jni.cpp, line 1139]
Event: 17.614 Thread 0x000002375d1d0960 Exception <a 'java/lang/NoSuchMethodError'{0x00000000848da428}: static [Ljava/lang/Object;.<clinit>()V> (0x00000000848da428) 
thrown [s\src\hotspot\share\prims\jni.cpp, line 1139]
Event: 17.622 Thread 0x000002375d1d0960 Exception <a 'java/lang/NoSuchMethodError'{0x0000000084701b40}: static Lorg/gradle/api/internal/catalog/DependencyModel;.<clinit>()V> (0x0000000084701b40) 
thrown [s\src\hotspot\share\prims\jni.cpp, line 1139]
Event: 17.624 Thread 0x000002375d1d0960 Exception <a 'java/lang/NoSuchMethodError'{0x0000000084705930}: static Lorg/gradle/api/internal/catalog/AbstractContextAwareModel;.<clinit>()V> (0x0000000084705930) 
thrown [s\src\hotspot\share\prims\jni.cpp, line 1139]
Event: 17.627 Thread 0x000002375d1d0960 Exception <a 'java/lang/NoSuchMethodError'{0x000000008471f1c8}: static Lorg/gradle/api/internal/artifacts/dependencies/AbstractVersionConstraint;.<clinit>()V> (0x000000008471f1c8) 
thrown [s\src\hotspot\share\prims\jni.cpp, line 1139]
Event: 17.638 Thread 0x000002375d1d0960 Exception <a 'java/lang/NoSuchMethodError'{0x000000008477ecc0}: static Lorg/gradle/api/internal/catalog/PluginModel;.<clinit>()V> (0x000000008477ecc0) 
thrown [s\src\hotspot\share\prims\jni.cpp, line 1139]
Event: 17.641 Thread 0x000002375d1d0960 Exception <a 'java/lang/NoSuchMethodError'{0x0000000084796180}: static Lorg/gradle/api/internal/catalog/VersionModel;.<clinit>()V> (0x0000000084796180) 
thrown [s\src\hotspot\share\prims\jni.cpp, line 1139]
Event: 17.645 Thread 0x000002375d1d0960 Exception <a 'java/lang/NoSuchMethodError'{0x00000000847b7708}: 'void java.lang.invoke.DirectMethodHandle$Holder.invokeSpecial(java.lang.Object, java.lang.Object, java.lang.Object, int)'> (0x00000000847b7708) 
thrown [s\src\hotspot\share\interpreter\linkResolver.cpp, line 784]
Event: 17.837 Thread 0x000002375d1d0960 Exception <a 'java/lang/NoSuchMethodError'{0x00000000843c6878}: 'int java.lang.invoke.DirectMethodHandle$Holder.invokeSpecialIFC(java.lang.Object, java.lang.Object, java.lang.Object)'> (0x00000000843c6878) 
thrown [s\src\hotspot\share\interpreter\linkResolver.cpp, line 784]

ZGC Phase Switch (0 events):
No events

VM Operations (20 events):
Event: 14.867 Executing VM operation: Cleanup
Event: 14.867 Executing VM operation: Cleanup done
Event: 14.893 Executing VM operation: G1CollectForAllocation (G1 Evacuation Pause)
Event: 14.901 Executing VM operation: G1CollectForAllocation (G1 Evacuation Pause) done
Event: 15.909 Executing VM operation: Cleanup
Event: 15.910 Executing VM operation: Cleanup done
Event: 15.957 Executing VM operation: G1CollectForAllocation (G1 Evacuation Pause)
Event: 15.980 Executing VM operation: G1CollectForAllocation (G1 Evacuation Pause) done
Event: 16.218 Executing VM operation: HandshakeAllThreads (Deoptimize)
Event: 16.218 Executing VM operation: HandshakeAllThreads (Deoptimize) done
Event: 16.751 Executing VM operation: ICBufferFull
Event: 16.752 Executing VM operation: ICBufferFull done
Event: 16.800 Executing VM operation: G1CollectForAllocation (G1 Evacuation Pause)
Event: 16.813 Executing VM operation: G1CollectForAllocation (G1 Evacuation Pause) done
Event: 17.192 Executing VM operation: G1PauseRemark
Event: 17.197 Executing VM operation: G1PauseRemark done
Event: 17.238 Executing VM operation: G1PauseCleanup
Event: 17.253 Executing VM operation: G1PauseCleanup done
Event: 17.607 Executing VM operation: HandshakeAllThreads (Deoptimize)
Event: 17.607 Executing VM operation: HandshakeAllThreads (Deoptimize) done

Memory protections (0 events):
No events

Nmethod flushes (20 events):
Event: 17.197 Thread 0x0000023757fc34f0 flushing  nmethod 0x0000023744867b90
Event: 17.197 Thread 0x0000023757fc34f0 flushing  nmethod 0x000002374487b210
Event: 17.197 Thread 0x0000023757fc34f0 flushing  nmethod 0x000002374487b990
Event: 17.197 Thread 0x0000023757fc34f0 flushing  nmethod 0x000002374487c490
Event: 17.197 Thread 0x0000023757fc34f0 flushing  nmethod 0x0000023744880490
Event: 17.197 Thread 0x0000023757fc34f0 flushing  nmethod 0x0000023744883d10
Event: 17.197 Thread 0x0000023757fc34f0 flushing  nmethod 0x00000237448d9a10
Event: 17.197 Thread 0x0000023757fc34f0 flushing  nmethod 0x00000237448fdc90
Event: 17.197 Thread 0x0000023757fc34f0 flushing  nmethod 0x0000023744918e10
Event: 17.197 Thread 0x0000023757fc34f0 flushing  nmethod 0x000002374499f010
Event: 17.197 Thread 0x0000023757fc34f0 flushing  nmethod 0x00000237449a2010
Event: 17.197 Thread 0x0000023757fc34f0 flushing  nmethod 0x00000237449a2b10
Event: 17.197 Thread 0x0000023757fc34f0 flushing  nmethod 0x00000237449a3510
Event: 17.197 Thread 0x0000023757fc34f0 flushing  nmethod 0x00000237449a3d10
Event: 17.197 Thread 0x0000023757fc34f0 flushing  nmethod 0x00000237449a4990
Event: 17.197 Thread 0x0000023757fc34f0 flushing  nmethod 0x0000023744a19410
Event: 17.197 Thread 0x0000023757fc34f0 flushing  nmethod 0x0000023744a19890
Event: 17.197 Thread 0x0000023757fc34f0 flushing  nmethod 0x0000023744a1ac10
Event: 17.197 Thread 0x0000023757fc34f0 flushing  nmethod 0x0000023744a1b390
Event: 17.197 Thread 0x0000023757fc34f0 flushing  nmethod 0x0000023744a1bf90

Events (20 events):
Event: 6.938 Thread 0x000002375d1d0960 Thread added: 0x000002375d67ce70
Event: 6.951 Thread 0x000002375d1d0960 Thread added: 0x000002375d67c150
Event: 7.009 Thread 0x000002375d1d0960 Thread added: 0x000002375d67e220
Event: 7.261 Thread 0x00000237581963c0 Thread added: 0x000002375e840d10
Event: 8.156 Thread 0x000002375d1d0960 Thread added: 0x000002375d67d500
Event: 8.608 Thread 0x000002375d1d0960 Thread added: 0x000002375d67e8b0
Event: 8.626 Thread 0x000002375d1d0960 Thread added: 0x000002375d67b430
Event: 8.929 Thread 0x000002375d1d0960 Thread added: 0x000002375d67db90
Event: 8.937 Thread 0x000002375d1d0960 Thread added: 0x000002375e749f80
Event: 9.396 Thread 0x000002375d1d0960 Thread added: 0x000002375e74aca0
Event: 9.627 Thread 0x000002375d1d0960 Thread added: 0x000002375e7515a0
Event: 9.786 Thread 0x000002375d1d0960 Thread added: 0x000002375e74b330
Event: 10.030 Thread 0x000002375e840d10 Thread exited: 0x000002375e840d10
Event: 10.033 Thread 0x00000237581963c0 Thread added: 0x0000023760feae40
Event: 10.539 Thread 0x0000023760feae40 Thread exited: 0x0000023760feae40
Event: 10.653 Thread 0x00000237581963c0 Thread added: 0x0000023760feae40
Event: 12.145 Thread 0x0000023760feae40 Thread exited: 0x0000023760feae40
Event: 12.797 Thread 0x00000237581963c0 Thread added: 0x0000023760182ed0
Event: 14.543 Thread 0x0000023760182ed0 Thread exited: 0x0000023760182ed0
Event: 16.708 Thread 0x00000237581963c0 Thread added: 0x000002375e1b3c50


Dynamic libraries:
0x00007ff63a210000 - 0x00007ff63a21a000 	D:\andorid studio\jbr\bin\java.exe
0x00007ffb3d2b0000 - 0x00007ffb3d4a8000 	C:\Windows\SYSTEM32\ntdll.dll
0x00007ffb3b350000 - 0x00007ffb3b412000 	C:\Windows\System32\KERNEL32.DLL
0x00007ffb3a970000 - 0x00007ffb3ac66000 	C:\Windows\System32\KERNELBASE.dll
0x00007ffb3aef0000 - 0x00007ffb3aff0000 	C:\Windows\System32\ucrtbase.dll
0x00007ffb36ba0000 - 0x00007ffb36bbb000 	D:\andorid studio\jbr\bin\VCRUNTIME140.dll
0x00007ffafe5d0000 - 0x00007ffafe5e8000 	D:\andorid studio\jbr\bin\jli.dll
0x00007ffb3cb30000 - 0x00007ffb3cccd000 	C:\Windows\System32\USER32.dll
0x00007ffb3b1d0000 - 0x00007ffb3b1f2000 	C:\Windows\System32\win32u.dll
0x00007ffb3b420000 - 0x00007ffb3b44b000 	C:\Windows\System32\GDI32.dll
0x00007ffb233d0000 - 0x00007ffb2366a000 	C:\Windows\WinSxS\amd64_microsoft.windows.common-controls_6595b64144ccf1df_6.0.19041.5915_none_60b4b9d171f9c7c7\COMCTL32.dll
0x00007ffb3add0000 - 0x00007ffb3aee9000 	C:\Windows\System32\gdi32full.dll
0x00007ffb3c7f0000 - 0x00007ffb3c88e000 	C:\Windows\System32\msvcrt.dll
0x00007ffb3b080000 - 0x00007ffb3b11d000 	C:\Windows\System32\msvcp_win.dll
0x00007ffb3c1a0000 - 0x00007ffb3c1cf000 	C:\Windows\System32\IMM32.DLL
0x00007ffb34aa0000 - 0x00007ffb34aac000 	D:\andorid studio\jbr\bin\vcruntime140_1.dll
0x00007ffaf8a10000 - 0x00007ffaf8a9d000 	D:\andorid studio\jbr\bin\msvcp140.dll
0x00007ffaf0b60000 - 0x00007ffaf17eb000 	D:\andorid studio\jbr\bin\server\jvm.dll
0x00007ffb3cd30000 - 0x00007ffb3cde1000 	C:\Windows\System32\ADVAPI32.dll
0x00007ffb3d0a0000 - 0x00007ffb3d13f000 	C:\Windows\System32\sechost.dll
0x00007ffb3bbf0000 - 0x00007ffb3bd13000 	C:\Windows\System32\RPCRT4.dll
0x00007ffb3a940000 - 0x00007ffb3a967000 	C:\Windows\System32\bcrypt.dll
0x00007ffb3cf20000 - 0x00007ffb3cf8b000 	C:\Windows\System32\WS2_32.dll
0x00007ffb3a6f0000 - 0x00007ffb3a73b000 	C:\Windows\SYSTEM32\POWRPROF.dll
0x00007ffb27450000 - 0x00007ffb27477000 	C:\Windows\SYSTEM32\WINMM.dll
0x00007ffb37a20000 - 0x00007ffb37a2a000 	C:\Windows\SYSTEM32\VERSION.dll
0x00007ffb3a4b0000 - 0x00007ffb3a4c2000 	C:\Windows\SYSTEM32\UMPDC.dll
0x00007ffb39160000 - 0x00007ffb39172000 	C:\Windows\SYSTEM32\kernel.appcore.dll
0x00007ffb34a90000 - 0x00007ffb34a9a000 	D:\andorid studio\jbr\bin\jimage.dll
0x00007ffb38530000 - 0x00007ffb38731000 	C:\Windows\SYSTEM32\DBGHELP.DLL
0x00007ffb0e880000 - 0x00007ffb0e8b4000 	C:\Windows\SYSTEM32\dbgcore.DLL
0x00007ffb3aff0000 - 0x00007ffb3b072000 	C:\Windows\System32\bcryptPrimitives.dll
0x00007ffb32ad0000 - 0x00007ffb32ade000 	D:\andorid studio\jbr\bin\instrument.dll
0x00007ffb34a70000 - 0x00007ffb34a90000 	D:\andorid studio\jbr\bin\java.dll
0x00007ffb34090000 - 0x00007ffb340a8000 	D:\andorid studio\jbr\bin\zip.dll
0x00007ffb3b450000 - 0x00007ffb3bbbe000 	C:\Windows\System32\SHELL32.dll
0x00007ffb389a0000 - 0x00007ffb39144000 	C:\Windows\SYSTEM32\windows.storage.dll
0x00007ffb3c3b0000 - 0x00007ffb3c703000 	C:\Windows\System32\combase.dll
0x00007ffb3a300000 - 0x00007ffb3a32b000 	C:\Windows\SYSTEM32\Wldp.dll
0x00007ffb3c2e0000 - 0x00007ffb3c3ad000 	C:\Windows\System32\OLEAUT32.dll
0x00007ffb3cf90000 - 0x00007ffb3d03d000 	C:\Windows\System32\SHCORE.dll
0x00007ffb3d040000 - 0x00007ffb3d09b000 	C:\Windows\System32\shlwapi.dll
0x00007ffb3a870000 - 0x00007ffb3a894000 	C:\Windows\SYSTEM32\profapi.dll
0x00007ffb34a60000 - 0x00007ffb34a70000 	D:\andorid studio\jbr\bin\net.dll
0x00007ffb37a30000 - 0x00007ffb37b3a000 	C:\Windows\SYSTEM32\WINHTTP.dll
0x00007ffb3a000000 - 0x00007ffb3a06a000 	C:\Windows\system32\mswsock.dll
0x00007ffb34070000 - 0x00007ffb34086000 	D:\andorid studio\jbr\bin\nio.dll
0x00007ffaf7c10000 - 0x00007ffaf7c20000 	D:\andorid studio\jbr\bin\verify.dll
0x00007ffaf8830000 - 0x00007ffaf8857000 	C:\Users\dell\.gradle\native\c067742578af261105cb4f569cf0c3c89f3d7b1fecec35dd04571415982c5e48\windows-amd64\native-platform.dll
0x00007ffb25240000 - 0x00007ffb25384000 	C:\Users\dell\.gradle\native\100fb08df4bc3b14c8652ba06237920a3bd2aa13389f12d3474272988ae205f9\windows-amd64\native-platform-file-events.dll
0x00007ffb31210000 - 0x00007ffb31219000 	D:\andorid studio\jbr\bin\management.dll
0x00007ffb31200000 - 0x00007ffb3120b000 	D:\andorid studio\jbr\bin\management_ext.dll
0x00007ffb3cf10000 - 0x00007ffb3cf18000 	C:\Windows\System32\PSAPI.DLL
0x00007ffb3a200000 - 0x00007ffb3a218000 	C:\Windows\SYSTEM32\CRYPTSP.dll
0x00007ffb39920000 - 0x00007ffb39958000 	C:\Windows\system32\rsaenh.dll
0x00007ffb3a7f0000 - 0x00007ffb3a81e000 	C:\Windows\SYSTEM32\USERENV.dll
0x00007ffb3a1f0000 - 0x00007ffb3a1fc000 	C:\Windows\SYSTEM32\CRYPTBASE.dll
0x00007ffb39ce0000 - 0x00007ffb39d1b000 	C:\Windows\SYSTEM32\IPHLPAPI.DLL
0x00007ffb3bbe0000 - 0x00007ffb3bbe8000 	C:\Windows\System32\NSI.dll
0x00007ffb31220000 - 0x00007ffb31229000 	D:\andorid studio\jbr\bin\extnet.dll
0x00007ffb31230000 - 0x00007ffb31237000 	C:\Windows\system32\wshunix.dll

dbghelp: loaded successfully - version: 4.0.5 - missing functions: none
symbol engine: initialized successfully - sym options: 0x614 - pdb path: .;D:\andorid studio\jbr\bin;C:\Windows\SYSTEM32;C:\Windows\WinSxS\amd64_microsoft.windows.common-controls_6595b64144ccf1df_6.0.19041.5915_none_60b4b9d171f9c7c7;D:\andorid studio\jbr\bin\server;C:\Users\dell\.gradle\native\c067742578af261105cb4f569cf0c3c89f3d7b1fecec35dd04571415982c5e48\windows-amd64;C:\Users\dell\.gradle\native\100fb08df4bc3b14c8652ba06237920a3bd2aa13389f12d3474272988ae205f9\windows-amd64

VM Arguments:
jvm_args: --add-opens=java.base/java.lang=ALL-UNNAMED --add-opens=java.base/java.lang.invoke=ALL-UNNAMED --add-opens=java.base/java.util=ALL-UNNAMED --add-opens=java.prefs/java.util.prefs=ALL-UNNAMED --add-exports=jdk.compiler/com.sun.tools.javac.api=ALL-UNNAMED --add-exports=jdk.compiler/com.sun.tools.javac.util=ALL-UNNAMED --add-opens=java.base/java.util=ALL-UNNAMED --add-opens=java.prefs/java.util.prefs=ALL-UNNAMED --add-opens=java.base/java.nio.charset=ALL-UNNAMED --add-opens=java.base/java.net=ALL-UNNAMED --add-opens=java.base/java.util.concurrent.atomic=ALL-UNNAMED --add-opens=java.xml/javax.xml.namespace=ALL-UNNAMED -Xmx2048m -Dfile.encoding=UTF-8 -Duser.country=US -Duser.language=en -Duser.variant -javaagent:C:\Users\dell\.gradle\wrapper\dists\gradle-8.11.1-bin\bpt9gzteqjrbo1mjrsomdt32c\gradle-8.11.1\lib\agents\gradle-instrumentation-agent-8.11.1.jar 
java_command: org.gradle.launcher.daemon.bootstrap.GradleDaemon 8.11.1
java_class_path (initial): C:\Users\dell\.gradle\wrapper\dists\gradle-8.11.1-bin\bpt9gzteqjrbo1mjrsomdt32c\gradle-8.11.1\lib\gradle-daemon-main-8.11.1.jar
Launcher Type: SUN_STANDARD

[Global flags]
     intx CICompilerCount                          = 3                                         {product} {ergonomic}
     uint ConcGCThreads                            = 1                                         {product} {ergonomic}
     uint G1ConcRefinementThreads                  = 4                                         {product} {ergonomic}
   size_t G1HeapRegionSize                         = 1048576                                   {product} {ergonomic}
    uintx GCDrainStackTargetSize                   = 64                                        {product} {ergonomic}
   size_t InitialHeapSize                          = 130023424                                 {product} {ergonomic}
   size_t MarkStackSize                            = 4194304                                   {product} {ergonomic}
   size_t MaxHeapSize                              = 2147483648                                {product} {command line}
   size_t MaxNewSize                               = 1287651328                                {product} {ergonomic}
   size_t MinHeapDeltaBytes                        = 1048576                                   {product} {ergonomic}
   size_t MinHeapSize                              = 8388608                                   {product} {ergonomic}
    uintx NonNMethodCodeHeapSize                   = 5832780                                {pd product} {ergonomic}
    uintx NonProfiledCodeHeapSize                  = 122912730                              {pd product} {ergonomic}
    uintx ProfiledCodeHeapSize                     = 122912730                              {pd product} {ergonomic}
    uintx ReservedCodeCacheSize                    = 251658240                              {pd product} {ergonomic}
     bool SegmentedCodeCache                       = true                                      {product} {ergonomic}
   size_t SoftMaxHeapSize                          = 2147483648                             {manageable} {ergonomic}
     bool UseCompressedOops                        = true                           {product lp64_product} {ergonomic}
     bool UseG1GC                                  = true                                      {product} {ergonomic}
     bool UseLargePagesIndividualAllocation        = false                                  {pd product} {ergonomic}

Logging:
Log output configuration:
 #0: stdout all=warning uptime,level,tags foldmultilines=false
 #1: stderr all=off uptime,level,tags foldmultilines=false

Environment Variables:
PATH=C:\Windows\system32;C:\Windows;C:\Windows\System32\Wbem;C:\Windows\System32\WindowsPowerShell\v1.0\;C:\Windows\System32\OpenSSH\;C:\Program Files\dotnet\;C:\Program Files (x86)\dotnet\;C:\Program Files\Git\cmd;C:\Users\dell\AppData\Local\Microsoft\WindowsApps;
USERNAME=dell
OS=Windows_NT
PROCESSOR_IDENTIFIER=Intel64 Family 6 Model 78 Stepping 3, GenuineIntel
TMP=C:\Users\dell\AppData\Local\Temp
TEMP=C:\Users\dell\AppData\Local\Temp




Periodic native trim disabled

JNI global refs:
JNI global refs: 25, weak refs: 0

JNI global refs memory usage: 835, weak refs: 833

Process memory usage:
Resident Set Size: 279348K (3% of 8016736K total physical memory with 1050964K free physical memory)

OOME stack traces (most recent first):
Classloader memory used:
Loader org.gradle.internal.classloader.VisitableURLClassLoader                         : 32594K
Loader bootstrap                                                                       : 22575K
Loader org.gradle.initialization.MixInLegacyTypesClassLoader                           : 8711K
Loader jdk.internal.loader.ClassLoaders$PlatformClassLoader                            : 493K
Loader jdk.internal.loader.ClassLoaders$AppClassLoader                                 : 234K
Loader org.gradle.internal.classloader.VisitableURLClassLoader                         : 145K
Loader jdk.internal.reflect.DelegatingClassLoader                                      : 71832B

Classes loaded by more than one classloader:
Class Program                                                                         : loaded 3 times (x 68B)
Class org.gradle.internal.classloader.ClassLoaderHierarchy                            : loaded 2 times (x 66B)
Class org.gradle.api.internal.classpath.ManifestUtil                                  : loaded 2 times (x 67B)
Class org.gradle.internal.classloader.DefaultClassLoaderFactory                       : loaded 2 times (x 78B)
Class org.gradle.internal.classloader.ClassLoaderVisitor                              : loaded 2 times (x 72B)
Class org.gradle.api.internal.classpath.EffectiveClassPath                            : loaded 2 times (x 86B)
Class org.gradle.api.internal.DefaultClassPathProvider                                : loaded 2 times (x 72B)
Class [Lorg.gradle.api.internal.ClassPathProvider;                                    : loaded 2 times (x 65B)
Class org.gradle.api.internal.ClassPathProvider                                       : loaded 2 times (x 66B)
Class org.gradle.internal.service.UnknownServiceException                             : loaded 2 times (x 79B)
Class org.gradle.internal.classpath.TransformedClassPath                              : loaded 2 times (x 92B)
Class org.gradle.internal.classloader.InstrumentingClassLoader                        : loaded 2 times (x 66B)
Class org.gradle.internal.service.ServiceLocator                                      : loaded 2 times (x 66B)
Class org.gradle.internal.InternalTransformer                                         : loaded 2 times (x 66B)
Class org.gradle.internal.classloader.ClasspathUtil$1                                 : loaded 2 times (x 72B)
Class org.gradle.api.internal.classpath.DefaultModuleRegistry$DefaultModule           : loaded 2 times (x 82B)
Class org.gradle.api.internal.classpath.Module                                        : loaded 2 times (x 66B)
Class org.gradle.api.internal.classpath.UnknownModuleException                        : loaded 2 times (x 78B)
Class org.gradle.api.internal.DefaultClassPathRegistry                                : loaded 2 times (x 72B)
Class org.gradle.api.internal.ClassPathRegistry                                       : loaded 2 times (x 66B)
Class org.gradle.internal.classpath.DefaultClassPath$ImmutableUniqueList              : loaded 2 times (x 195B)
Class org.gradle.internal.classloader.FilteringClassLoader                            : loaded 2 times (x 101B)
Class Settings_gradle$1                                                               : loaded 2 times (x 70B)
Class org.gradle.internal.classpath.ClassPath                                         : loaded 2 times (x 66B)
Class org.gradle.api.UncheckedIOException                                             : loaded 2 times (x 78B)
Class org.gradle.internal.installation.GradleInstallation$1                           : loaded 2 times (x 71B)
Class org.gradle.api.internal.classpath.ModuleRegistry                                : loaded 2 times (x 66B)
Class org.gradle.api.internal.classpath.DefaultModuleRegistry                         : loaded 2 times (x 82B)
Class org.gradle.internal.service.ServiceLookupException                              : loaded 2 times (x 78B)
Class org.gradle.internal.classloader.ClassLoaderFactory                              : loaded 2 times (x 66B)
Class org.gradle.internal.service.CachingServiceLocator                               : loaded 2 times (x 78B)
Class org.gradle.internal.classloader.ClasspathUtil                                   : loaded 2 times (x 67B)
Class org.gradle.api.specs.Spec                                                       : loaded 2 times (x 66B)
Class org.gradle.internal.classloader.VisitableURLClassLoader$InstrumentingVisitableURLClassLoader: loaded 2 times (x 119B)
Class org.gradle.internal.classloader.VisitableURLClassLoader$Spec                    : loaded 2 times (x 70B)
Class org.gradle.internal.classpath.DefaultClassPath                                  : loaded 2 times (x 86B)
Class org.gradle.internal.classloader.ClassLoaderSpec                                 : loaded 2 times (x 67B)
Class Settings_gradle$1$1                                                             : loaded 2 times (x 70B)
Class org.gradle.internal.classloader.VisitableURLClassLoader                         : loaded 2 times (x 113B)
Class Settings_gradle                                                                 : loaded 2 times (x 124B)
Class org.gradle.internal.Cast                                                        : loaded 2 times (x 67B)
Class org.gradle.api.Action                                                           : loaded 2 times (x 66B)
Class org.gradle.internal.classpath.DefaultClassPath$ImmutableUniqueList$Builder      : loaded 2 times (x 71B)
Class org.gradle.api.GradleException                                                  : loaded 2 times (x 78B)
Class org.gradle.internal.IoActions                                                   : loaded 2 times (x 67B)
Class org.gradle.internal.classloader.SystemClassLoaderSpec                           : loaded 2 times (x 67B)
Class org.gradle.api.internal.classpath.GlobalCacheRootsProvider                      : loaded 2 times (x 66B)
Class org.gradle.internal.installation.CurrentGradleInstallationLocator               : loaded 2 times (x 67B)
Class org.gradle.internal.service.DefaultServiceLocator                               : loaded 2 times (x 79B)
Class org.gradle.internal.installation.CurrentGradleInstallation                      : loaded 2 times (x 69B)
Class org.gradle.util.internal.GUtil                                                  : loaded 2 times (x 67B)
Class org.gradle.internal.installation.GradleInstallation                             : loaded 2 times (x 71B)

---------------  S Y S T E M  ---------------

OS:
 Windows 10 , 64 bit Build 19041 (10.0.19041.5915)
OS uptime: 0 days 3:07 hours

CPU: total 4 (initial active 4) (2 cores per cpu, 2 threads per core) family 6 model 78 stepping 3 microcode 0xec, cx8, cmov, fxsr, ht, mmx, 3dnowpref, sse, sse2, sse3, ssse3, sse4.1, sse4.2, popcnt, lzcnt, tsc, tscinvbit, avx, avx2, aes, erms, clmul, bmi1, bmi2, rtm, adx, fma, vzeroupper, clflush, clflushopt, rdtscp, f16c
Processor Information for the first 4 processors :
  Max Mhz: 2496, Current Mhz: 2396, Mhz Limit: 2396

Memory: 4k page, system-wide physical 7828M (1012M free)
TotalPageFile size 19116M (AvailPageFile size 6M)
current process WorkingSet (physical memory assigned to process): 273M, peak: 273M
current process commit charge ("private bytes"): 300M, peak: 307M

vm_info: OpenJDK 64-Bit Server VM (21.0.6+-13368085-b895.109) for windows-amd64 JRE (21.0.6+-13368085-b895.109), built on 2025-04-16T17:01:31Z by "builder" with MS VC++ 16.10 / 16.11 (VS2019)

END.
